{"contracts/common/meta-transactions/ContentMixin.sol":{"l":{"11":621,"12":0,"13":0,"14":0,"22":621,"24":621},"path":"/Users/akhoshrozeh/Projects/botchainHS/contracts/common/meta-transactions/ContentMixin.sol","s":{"1":621,"2":0,"3":0,"4":621,"5":621},"b":{"1":[0,621]},"f":{"1":621},"fnMap":{"1":{"name":"msgSender","line":6,"loc":{"start":{"line":6,"column":4},"end":{"line":25,"column":4}}}},"statementMap":{"1":{"start":{"line":11,"column":8},"end":{"line":11,"column":210}},"2":{"start":{"line":12,"column":12},"end":{"line":12,"column":41}},"3":{"start":{"line":13,"column":12},"end":{"line":13,"column":43}},"4":{"start":{"line":22,"column":12},"end":{"line":22,"column":39}},"5":{"start":{"line":24,"column":8},"end":{"line":24,"column":21}}},"branchMap":{"1":{"line":11,"type":"if","locations":[{"start":{"line":11,"column":8},"end":{"line":11,"column":8}},{"start":{"line":11,"column":8},"end":{"line":11,"column":8}}]}}},"contracts/common/meta-transactions/EIP712Base.sol":{"l":{"33":42,"37":42,"49":0,"53":42,"54":42,"57":42,"72":0},"path":"/Users/akhoshrozeh/Projects/botchainHS/contracts/common/meta-transactions/EIP712Base.sol","s":{"1":42,"2":42,"3":0,"4":42,"5":42,"6":0},"b":{},"f":{"1":42,"2":42,"3":0,"4":42,"5":0},"fnMap":{"1":{"name":"_initializeEIP712","line":31,"loc":{"start":{"line":27,"column":4},"end":{"line":34,"column":4}}},"2":{"name":"_setDomainSeperator","line":36,"loc":{"start":{"line":36,"column":4},"end":{"line":46,"column":4}}},"3":{"name":"getDomainSeperator","line":48,"loc":{"start":{"line":48,"column":4},"end":{"line":50,"column":4}}},"4":{"name":"getChainId","line":52,"loc":{"start":{"line":52,"column":4},"end":{"line":58,"column":4}}},"5":{"name":"toTypedMessageHash","line":67,"loc":{"start":{"line":67,"column":4},"end":{"line":76,"column":4}}}},"statementMap":{"1":{"start":{"line":33,"column":8},"end":{"line":33,"column":32}},"2":{"start":{"line":37,"column":8},"end":{"line":37,"column":985}},"3":{"start":{"line":49,"column":8},"end":{"line":49,"column":30}},"4":{"start":{"line":53,"column":8},"end":{"line":53,"column":18}},"5":{"start":{"line":57,"column":8},"end":{"line":57,"column":17}},"6":{"start":{"line":72,"column":8},"end":{"line":72,"column":2017}}},"branchMap":{}},"contracts/common/meta-transactions/Initializable.sol":{"l":{"9":42,"10":42,"11":42},"path":"/Users/akhoshrozeh/Projects/botchainHS/contracts/common/meta-transactions/Initializable.sol","s":{"1":42,"2":42},"b":{"1":[42,0]},"f":{"1":42},"fnMap":{"1":{"name":"initializer","line":8,"loc":{"start":{"line":8,"column":4},"end":{"line":12,"column":4}}}},"statementMap":{"1":{"start":{"line":9,"column":8},"end":{"line":9,"column":41}},"2":{"start":{"line":11,"column":8},"end":{"line":11,"column":20}}},"branchMap":{"1":{"line":9,"type":"if","locations":[{"start":{"line":9,"column":8},"end":{"line":9,"column":8}},{"start":{"line":9,"column":8},"end":{"line":9,"column":8}}]}}},"contracts/common/meta-transactions/NativeMetaTransaction.sol":{"l":{"40":0,"46":0,"52":0,"54":0,"61":0,"64":0,"66":0,"74":0,"86":0,"96":0,"97":0},"path":"/Users/akhoshrozeh/Projects/botchainHS/contracts/common/meta-transactions/NativeMetaTransaction.sol","s":{"1":0,"2":0,"3":0,"4":0,"5":0,"6":0,"7":0,"8":0,"9":0,"10":0,"11":0},"b":{"1":[0,0],"2":[0,0],"3":[0,0]},"f":{"1":0,"2":0,"3":0,"4":0},"fnMap":{"1":{"name":"executeMetaTransaction","line":33,"loc":{"start":{"line":33,"column":4},"end":{"line":67,"column":4}}},"2":{"name":"hashMetaTransaction","line":69,"loc":{"start":{"line":69,"column":4},"end":{"line":83,"column":4}}},"3":{"name":"getNonce","line":85,"loc":{"start":{"line":85,"column":4},"end":{"line":87,"column":4}}},"4":{"name":"verify","line":89,"loc":{"start":{"line":89,"column":4},"end":{"line":105,"column":4}}}},"statementMap":{"1":{"start":{"line":40,"column":8},"end":{"line":40,"column":1206}},"2":{"start":{"line":46,"column":8},"end":{"line":46,"column":1395}},"3":{"start":{"line":52,"column":8},"end":{"line":52,"column":55}},"4":{"start":{"line":54,"column":8},"end":{"line":54,"column":1644}},"5":{"start":{"line":61,"column":8},"end":{"line":61,"column":1878}},"6":{"start":{"line":64,"column":8},"end":{"line":64,"column":55}},"7":{"start":{"line":66,"column":8},"end":{"line":66,"column":25}},"8":{"start":{"line":74,"column":8},"end":{"line":74,"column":2243}},"9":{"start":{"line":86,"column":8},"end":{"line":86,"column":27}},"10":{"start":{"line":96,"column":8},"end":{"line":96,"column":77}},"11":{"start":{"line":97,"column":8},"end":{"line":97,"column":2894}}},"branchMap":{"1":{"line":46,"type":"if","locations":[{"start":{"line":46,"column":8},"end":{"line":46,"column":8}},{"start":{"line":46,"column":8},"end":{"line":46,"column":8}}]},"2":{"line":64,"type":"if","locations":[{"start":{"line":64,"column":8},"end":{"line":64,"column":8}},{"start":{"line":64,"column":8},"end":{"line":64,"column":8}}]},"3":{"line":96,"type":"if","locations":[{"start":{"line":96,"column":8},"end":{"line":96,"column":8}},{"start":{"line":96,"column":8},"end":{"line":96,"column":8}}]}}},"contracts/ERC721Tradable.sol":{"l":{"44":42,"46":42,"47":42,"55":0,"56":0,"57":0,"65":0,"73":160,"86":0,"87":0,"88":0,"91":0,"104":621},"path":"/Users/akhoshrozeh/Projects/botchainHS/contracts/ERC721Tradable.sol","s":{"1":42,"2":42,"3":42,"4":0,"5":0,"6":0,"7":0,"8":160,"9":0,"10":0,"11":0,"12":0,"13":621},"b":{"1":[0,0]},"f":{"1":42,"2":0,"3":0,"4":160,"5":0,"6":621},"fnMap":{"1":{"name":"constructor","line":43,"loc":{"start":{"line":39,"column":4},"end":{"line":48,"column":4}}},"2":{"name":"mintTo","line":54,"loc":{"start":{"line":54,"column":4},"end":{"line":58,"column":4}}},"3":{"name":"totalSupply","line":64,"loc":{"start":{"line":64,"column":4},"end":{"line":66,"column":4}}},"4":{"name":"tokenURI","line":72,"loc":{"start":{"line":72,"column":4},"end":{"line":74,"column":4}}},"5":{"name":"isApprovedForAll","line":79,"loc":{"start":{"line":79,"column":4},"end":{"line":92,"column":4}}},"6":{"name":"_msgSender","line":97,"loc":{"start":{"line":97,"column":4},"end":{"line":105,"column":4}}}},"statementMap":{"1":{"start":{"line":44,"column":8},"end":{"line":44,"column":51}},"2":{"start":{"line":46,"column":8},"end":{"line":46,"column":31}},"3":{"start":{"line":47,"column":8},"end":{"line":47,"column":31}},"4":{"start":{"line":55,"column":8},"end":{"line":55,"column":55}},"5":{"start":{"line":56,"column":8},"end":{"line":56,"column":31}},"6":{"start":{"line":57,"column":8},"end":{"line":57,"column":37}},"7":{"start":{"line":65,"column":8},"end":{"line":65,"column":41}},"8":{"start":{"line":73,"column":8},"end":{"line":73,"column":83}},"9":{"start":{"line":86,"column":8},"end":{"line":86,"column":73}},"10":{"start":{"line":87,"column":8},"end":{"line":87,"column":3214}},"11":{"start":{"line":88,"column":12},"end":{"line":88,"column":23}},"12":{"start":{"line":91,"column":8},"end":{"line":91,"column":54}},"13":{"start":{"line":104,"column":8},"end":{"line":104,"column":39}}},"branchMap":{"1":{"line":87,"type":"if","locations":[{"start":{"line":87,"column":8},"end":{"line":87,"column":8}},{"start":{"line":87,"column":8},"end":{"line":87,"column":8}}]}}},"contracts/Greeter.sol":{"l":{"10":0,"11":0,"15":0,"19":0,"20":0},"path":"/Users/akhoshrozeh/Projects/botchainHS/contracts/Greeter.sol","s":{"1":0,"2":0,"3":0,"4":0,"5":0},"b":{},"f":{"1":0,"2":0,"3":0},"fnMap":{"1":{"name":"constructor","line":9,"loc":{"start":{"line":9,"column":4},"end":{"line":12,"column":4}}},"2":{"name":"greet","line":14,"loc":{"start":{"line":14,"column":4},"end":{"line":16,"column":4}}},"3":{"name":"setGreeting","line":18,"loc":{"start":{"line":18,"column":4},"end":{"line":21,"column":4}}}},"statementMap":{"1":{"start":{"line":10,"column":8},"end":{"line":10,"column":67}},"2":{"start":{"line":11,"column":8},"end":{"line":11,"column":27}},"3":{"start":{"line":15,"column":8},"end":{"line":15,"column":23}},"4":{"start":{"line":19,"column":8},"end":{"line":19,"column":78}},"5":{"start":{"line":20,"column":8},"end":{"line":20,"column":27}}},"branchMap":{}},"contracts/NikyBotzPictureDay.sol":{"l":{"43":19,"48":18,"52":3242,"53":3231,"57":3106,"61":3105,"72":42,"74":42,"76":42,"77":42,"79":42,"80":42,"82":42,"83":42,"84":42,"87":42,"95":2,"96":1,"97":1,"98":1,"102":12,"109":2,"118":163,"122":7,"127":1,"134":5,"135":5,"145":123,"147":121,"148":121,"149":121,"150":121,"152":121,"162":18,"163":18,"167":17,"171":15,"176":13,"177":13,"178":23,"179":23,"180":23,"184":13,"185":13,"194":3087,"195":3085,"197":3083,"199":3083,"200":6064,"201":6064,"202":6064,"206":3083,"210":2,"212":2,"215":2,"219":5,"223":2970,"227":19,"237":621,"248":0},"path":"/Users/akhoshrozeh/Projects/botchainHS/contracts/NikyBotzPictureDay.sol","s":{"1":19,"2":3242,"3":3106,"4":42,"5":42,"6":42,"7":42,"8":42,"9":42,"10":42,"11":42,"12":42,"13":42,"14":2,"15":1,"16":1,"17":1,"18":12,"19":2,"20":163,"21":7,"22":1,"23":5,"24":5,"25":123,"26":121,"27":121,"28":121,"29":121,"30":121,"31":18,"32":18,"33":17,"34":15,"35":13,"36":13,"37":23,"38":23,"39":23,"40":13,"41":13,"42":3087,"43":3085,"44":3083,"45":3083,"46":6064,"47":6064,"48":6064,"49":3083,"50":2,"51":2,"52":2,"53":5,"54":2970,"55":19,"56":621,"57":0},"b":{"1":[18,1],"2":[3231,11],"3":[3105,1],"4":[1,1],"5":[121,2],"6":[17,1],"7":[15,2],"8":[13,2],"9":[23,0],"10":[3085,2],"11":[3083,2],"12":[6064,0],"13":[2,0]},"f":{"1":19,"2":3242,"3":3106,"4":42,"5":2,"6":12,"7":2,"8":163,"9":7,"10":1,"11":5,"12":123,"13":18,"14":3087,"15":2,"16":5,"17":2970,"18":19,"19":621,"20":0},"fnMap":{"1":{"name":"presaleIsOpen","line":42,"loc":{"start":{"line":42,"column":4},"end":{"line":49,"column":4}}},"2":{"name":"saleOn","line":51,"loc":{"start":{"line":51,"column":4},"end":{"line":54,"column":4}}},"3":{"name":"validNumOfTokens","line":56,"loc":{"start":{"line":56,"column":4},"end":{"line":62,"column":4}}},"4":{"name":"constructor","line":71,"loc":{"start":{"line":64,"column":4},"end":{"line":88,"column":4}}},"5":{"name":"setProvenanceHash","line":93,"loc":{"start":{"line":91,"column":4},"end":{"line":99,"column":4}}},"6":{"name":"flipSaleState","line":101,"loc":{"start":{"line":101,"column":4},"end":{"line":103,"column":4}}},"7":{"name":"setBaseTokenURI","line":107,"loc":{"start":{"line":105,"column":4},"end":{"line":110,"column":4}}},"8":{"name":"baseTokenURI","line":112,"loc":{"start":{"line":112,"column":4},"end":{"line":119,"column":4}}},"9":{"name":"setWhitelistRoot","line":121,"loc":{"start":{"line":121,"column":4},"end":{"line":123,"column":4}}},"10":{"name":"setRevealTS","line":126,"loc":{"start":{"line":126,"column":4},"end":{"line":128,"column":4}}},"11":{"name":"setWhitelistTS","line":132,"loc":{"start":{"line":130,"column":4},"end":{"line":136,"column":4}}},"12":{"name":"mintReserveSchoolBotz","line":143,"loc":{"start":{"line":140,"column":4},"end":{"line":153,"column":4}}},"13":{"name":"mintFromWhitelist","line":160,"loc":{"start":{"line":155,"column":4},"end":{"line":186,"column":4}}},"14":{"name":"mintSchoolBotz","line":192,"loc":{"start":{"line":188,"column":4},"end":{"line":207,"column":4}}},"15":{"name":"withdrawFunds","line":209,"loc":{"start":{"line":209,"column":4},"end":{"line":216,"column":4}}},"16":{"name":"getReserveMintCount","line":218,"loc":{"start":{"line":218,"column":4},"end":{"line":220,"column":4}}},"17":{"name":"getPublicMintCount","line":222,"loc":{"start":{"line":222,"column":4},"end":{"line":224,"column":4}}},"18":{"name":"getWhitelistRoot","line":226,"loc":{"start":{"line":226,"column":4},"end":{"line":228,"column":4}}},"19":{"name":"_msgSender","line":231,"loc":{"start":{"line":231,"column":4},"end":{"line":238,"column":4}}},"20":{"name":"supportsInterface","line":241,"loc":{"start":{"line":241,"column":4},"end":{"line":249,"column":4}}}},"statementMap":{"1":{"start":{"line":43,"column":8},"end":{"line":43,"column":1188}},"2":{"start":{"line":52,"column":8},"end":{"line":52,"column":45}},"3":{"start":{"line":57,"column":8},"end":{"line":57,"column":1501}},"4":{"start":{"line":72,"column":8},"end":{"line":72,"column":37}},"5":{"start":{"line":74,"column":8},"end":{"line":74,"column":39}},"6":{"start":{"line":76,"column":8},"end":{"line":76,"column":42}},"7":{"start":{"line":77,"column":8},"end":{"line":77,"column":42}},"8":{"start":{"line":79,"column":8},"end":{"line":79,"column":41}},"9":{"start":{"line":80,"column":8},"end":{"line":80,"column":41}},"10":{"start":{"line":82,"column":8},"end":{"line":82,"column":44}},"11":{"start":{"line":83,"column":8},"end":{"line":83,"column":50}},"12":{"start":{"line":84,"column":8},"end":{"line":84,"column":49}},"13":{"start":{"line":87,"column":8},"end":{"line":87,"column":34}},"14":{"start":{"line":95,"column":8},"end":{"line":95,"column":58}},"15":{"start":{"line":96,"column":8},"end":{"line":96,"column":32}},"16":{"start":{"line":97,"column":8},"end":{"line":97,"column":32}},"17":{"start":{"line":98,"column":8},"end":{"line":98,"column":46}},"18":{"start":{"line":102,"column":8},"end":{"line":102,"column":29}},"19":{"start":{"line":109,"column":8},"end":{"line":109,"column":34}},"20":{"start":{"line":118,"column":8},"end":{"line":118,"column":29}},"21":{"start":{"line":122,"column":8},"end":{"line":122,"column":28}},"22":{"start":{"line":127,"column":8},"end":{"line":127,"column":20}},"23":{"start":{"line":134,"column":8},"end":{"line":134,"column":33}},"24":{"start":{"line":135,"column":8},"end":{"line":135,"column":29}},"25":{"start":{"line":145,"column":8},"end":{"line":145,"column":71}},"26":{"start":{"line":147,"column":8},"end":{"line":147,"column":48}},"27":{"start":{"line":148,"column":8},"end":{"line":148,"column":3927}},"28":{"start":{"line":149,"column":12},"end":{"line":149,"column":47}},"29":{"start":{"line":150,"column":12},"end":{"line":150,"column":50}},"30":{"start":{"line":152,"column":8},"end":{"line":152,"column":39}},"31":{"start":{"line":162,"column":8},"end":{"line":162,"column":62}},"32":{"start":{"line":163,"column":8},"end":{"line":163,"column":4387}},"33":{"start":{"line":167,"column":8},"end":{"line":167,"column":4518}},"34":{"start":{"line":171,"column":8},"end":{"line":171,"column":4634}},"35":{"start":{"line":176,"column":8},"end":{"line":176,"column":40}},"36":{"start":{"line":177,"column":8},"end":{"line":177,"column":4792}},"37":{"start":{"line":178,"column":12},"end":{"line":178,"column":4850}},"38":{"start":{"line":179,"column":16},"end":{"line":179,"column":47}},"39":{"start":{"line":180,"column":16},"end":{"line":180,"column":40}},"40":{"start":{"line":184,"column":8},"end":{"line":184,"column":31}},"41":{"start":{"line":185,"column":8},"end":{"line":185,"column":41}},"42":{"start":{"line":194,"column":8},"end":{"line":194,"column":69}},"43":{"start":{"line":195,"column":8},"end":{"line":195,"column":71}},"44":{"start":{"line":197,"column":8},"end":{"line":197,"column":40}},"45":{"start":{"line":199,"column":8},"end":{"line":199,"column":5410}},"46":{"start":{"line":200,"column":12},"end":{"line":200,"column":5468}},"47":{"start":{"line":201,"column":16},"end":{"line":201,"column":47}},"48":{"start":{"line":202,"column":16},"end":{"line":202,"column":40}},"49":{"start":{"line":206,"column":8},"end":{"line":206,"column":31}},"50":{"start":{"line":210,"column":8},"end":{"line":210,"column":49}},"51":{"start":{"line":212,"column":8},"end":{"line":212,"column":5775}},"52":{"start":{"line":215,"column":8},"end":{"line":215,"column":44}},"53":{"start":{"line":219,"column":8},"end":{"line":219,"column":35}},"54":{"start":{"line":223,"column":8},"end":{"line":223,"column":31}},"55":{"start":{"line":227,"column":8},"end":{"line":227,"column":28}},"56":{"start":{"line":237,"column":8},"end":{"line":237,"column":33}},"57":{"start":{"line":248,"column":8},"end":{"line":248,"column":51}}},"branchMap":{"1":{"line":43,"type":"if","locations":[{"start":{"line":43,"column":8},"end":{"line":43,"column":8}},{"start":{"line":43,"column":8},"end":{"line":43,"column":8}}]},"2":{"line":52,"type":"if","locations":[{"start":{"line":52,"column":8},"end":{"line":52,"column":8}},{"start":{"line":52,"column":8},"end":{"line":52,"column":8}}]},"3":{"line":57,"type":"if","locations":[{"start":{"line":57,"column":8},"end":{"line":57,"column":8}},{"start":{"line":57,"column":8},"end":{"line":57,"column":8}}]},"4":{"line":95,"type":"if","locations":[{"start":{"line":95,"column":8},"end":{"line":95,"column":8}},{"start":{"line":95,"column":8},"end":{"line":95,"column":8}}]},"5":{"line":145,"type":"if","locations":[{"start":{"line":145,"column":8},"end":{"line":145,"column":8}},{"start":{"line":145,"column":8},"end":{"line":145,"column":8}}]},"6":{"line":163,"type":"if","locations":[{"start":{"line":163,"column":8},"end":{"line":163,"column":8}},{"start":{"line":163,"column":8},"end":{"line":163,"column":8}}]},"7":{"line":167,"type":"if","locations":[{"start":{"line":167,"column":8},"end":{"line":167,"column":8}},{"start":{"line":167,"column":8},"end":{"line":167,"column":8}}]},"8":{"line":171,"type":"if","locations":[{"start":{"line":171,"column":8},"end":{"line":171,"column":8}},{"start":{"line":171,"column":8},"end":{"line":171,"column":8}}]},"9":{"line":178,"type":"if","locations":[{"start":{"line":178,"column":12},"end":{"line":178,"column":12}},{"start":{"line":178,"column":12},"end":{"line":178,"column":12}}]},"10":{"line":194,"type":"if","locations":[{"start":{"line":194,"column":8},"end":{"line":194,"column":8}},{"start":{"line":194,"column":8},"end":{"line":194,"column":8}}]},"11":{"line":195,"type":"if","locations":[{"start":{"line":195,"column":8},"end":{"line":195,"column":8}},{"start":{"line":195,"column":8},"end":{"line":195,"column":8}}]},"12":{"line":200,"type":"if","locations":[{"start":{"line":200,"column":12},"end":{"line":200,"column":12}},{"start":{"line":200,"column":12},"end":{"line":200,"column":12}}]},"13":{"line":215,"type":"if","locations":[{"start":{"line":215,"column":8},"end":{"line":215,"column":8}},{"start":{"line":215,"column":8},"end":{"line":215,"column":8}}]}}}}