{
"contracts/@openzeppelin/contracts/access/AccessControl.sol":{"l":{"70":0,"71":0,"78":0,"85":0,"96":0,"97":0,"117":0,"131":0,"144":0,"162":0,"164":0,"186":0,"195":0,"196":0,"197":0,"206":0,"207":0,"208":0,"218":0,"219":0,"220":0},"path":"/Users/akhoshrozeh/Projects/botchainHS/contracts/@openzeppelin/contracts/access/AccessControl.sol","s":{"1":0,"2":0,"3":0,"4":0,"5":0,"6":0,"7":0,"8":0,"9":0,"10":0,"11":0,"12":0,"13":0,"14":0,"15":0,"16":0,"17":0,"18":0,"19":0,"20":0},"b":{"1":[0,0],"2":[0,0],"3":[0,0],"4":[0,0]},"f":{"1":0,"2":0,"3":0,"4":0,"5":0,"6":0,"7":0,"8":0,"9":0,"10":0,"11":0,"12":0},"fnMap":{"1":{"name":"onlyRole","line":69,"loc":{"start":{"line":69,"column":4},"end":{"line":72,"column":4}}},"2":{"name":"supportsInterface","line":77,"loc":{"start":{"line":77,"column":4},"end":{"line":79,"column":4}}},"3":{"name":"hasRole","line":84,"loc":{"start":{"line":84,"column":4},"end":{"line":86,"column":4}}},"4":{"name":"_checkRole","line":95,"loc":{"start":{"line":95,"column":4},"end":{"line":108,"column":4}}},"5":{"name":"getRoleAdmin","line":116,"loc":{"start":{"line":116,"column":4},"end":{"line":118,"column":4}}},"6":{"name":"grantRole","line":130,"loc":{"start":{"line":130,"column":4},"end":{"line":132,"column":4}}},"7":{"name":"revokeRole","line":143,"loc":{"start":{"line":143,"column":4},"end":{"line":145,"column":4}}},"8":{"name":"renounceRole","line":161,"loc":{"start":{"line":161,"column":4},"end":{"line":165,"column":4}}},"9":{"name":"_setupRole","line":185,"loc":{"start":{"line":185,"column":4},"end":{"line":187,"column":4}}},"10":{"name":"_setRoleAdmin","line":194,"loc":{"start":{"line":194,"column":4},"end":{"line":198,"column":4}}},"11":{"name":"_grantRole","line":205,"loc":{"start":{"line":205,"column":4},"end":{"line":210,"column":4}}},"12":{"name":"_revokeRole","line":217,"loc":{"start":{"line":217,"column":4},"end":{"line":222,"column":4}}}},"statementMap":{"1":{"start":{"line":70,"column":8},"end":{"line":70,"column":37}},"2":{"start":{"line":78,"column":8},"end":{"line":78,"column":102}},"3":{"start":{"line":85,"column":8},"end":{"line":85,"column":44}},"4":{"start":{"line":96,"column":8},"end":{"line":96,"column":3396}},"5":{"start":{"line":97,"column":12},"end":{"line":97,"column":3443}},"6":{"start":{"line":117,"column":8},"end":{"line":117,"column":37}},"7":{"start":{"line":131,"column":8},"end":{"line":131,"column":32}},"8":{"start":{"line":144,"column":8},"end":{"line":144,"column":33}},"9":{"start":{"line":162,"column":8},"end":{"line":162,"column":90}},"10":{"start":{"line":164,"column":8},"end":{"line":164,"column":33}},"11":{"start":{"line":186,"column":8},"end":{"line":186,"column":32}},"12":{"start":{"line":195,"column":8},"end":{"line":195,"column":54}},"13":{"start":{"line":196,"column":8},"end":{"line":196,"column":41}},"14":{"start":{"line":197,"column":8},"end":{"line":197,"column":65}},"15":{"start":{"line":206,"column":8},"end":{"line":206,"column":6909}},"16":{"start":{"line":207,"column":12},"end":{"line":207,"column":47}},"17":{"start":{"line":208,"column":12},"end":{"line":208,"column":57}},"18":{"start":{"line":218,"column":8},"end":{"line":218,"column":7268}},"19":{"start":{"line":219,"column":12},"end":{"line":219,"column":48}},"20":{"start":{"line":220,"column":12},"end":{"line":220,"column":57}}},"branchMap":{"1":{"line":96,"type":"if","locations":[{"start":{"line":96,"column":8},"end":{"line":96,"column":8}},{"start":{"line":96,"column":8},"end":{"line":96,"column":8}}]},"2":{"line":162,"type":"if","locations":[{"start":{"line":162,"column":8},"end":{"line":162,"column":8}},{"start":{"line":162,"column":8},"end":{"line":162,"column":8}}]},"3":{"line":206,"type":"if","locations":[{"start":{"line":206,"column":8},"end":{"line":206,"column":8}},{"start":{"line":206,"column":8},"end":{"line":206,"column":8}}]},"4":{"line":218,"type":"if","locations":[{"start":{"line":218,"column":8},"end":{"line":218,"column":8}},{"start":{"line":218,"column":8},"end":{"line":218,"column":8}}]}}},
"contracts/@openzeppelin/contracts/access/AccessControlEnumerable.sol":{"l":{"22":0,"38":0,"46":0,"53":0,"54":0,"61":0,"62":0},"path":"/Users/akhoshrozeh/Projects/botchainHS/contracts/@openzeppelin/contracts/access/AccessControlEnumerable.sol","s":{"1":0,"2":0,"3":0,"4":0,"5":0,"6":0,"7":0},"b":{},"f":{"1":0,"2":0,"3":0,"4":0,"5":0},"fnMap":{"1":{"name":"supportsInterface","line":21,"loc":{"start":{"line":21,"column":4},"end":{"line":23,"column":4}}},"2":{"name":"getRoleMember","line":37,"loc":{"start":{"line":37,"column":4},"end":{"line":39,"column":4}}},"3":{"name":"getRoleMemberCount","line":45,"loc":{"start":{"line":45,"column":4},"end":{"line":47,"column":4}}},"4":{"name":"_grantRole","line":52,"loc":{"start":{"line":52,"column":4},"end":{"line":55,"column":4}}},"5":{"name":"_revokeRole","line":60,"loc":{"start":{"line":60,"column":4},"end":{"line":63,"column":4}}}},"statementMap":{"1":{"start":{"line":22,"column":8},"end":{"line":22,"column":112}},"2":{"start":{"line":38,"column":8},"end":{"line":38,"column":43}},"3":{"start":{"line":46,"column":8},"end":{"line":46,"column":42}},"4":{"start":{"line":53,"column":8},"end":{"line":53,"column":38}},"5":{"start":{"line":54,"column":8},"end":{"line":54,"column":38}},"6":{"start":{"line":61,"column":8},"end":{"line":61,"column":39}},"7":{"start":{"line":62,"column":8},"end":{"line":62,"column":41}}},"branchMap":{}},
"contracts/@openzeppelin/contracts/access/IAccessControl.sol":{"l":{},"path":"/Users/akhoshrozeh/Projects/botchainHS/contracts/@openzeppelin/contracts/access/IAccessControl.sol","s":{},"b":{},"f":{},"fnMap":{},"statementMap":{},"branchMap":{}},
"contracts/@openzeppelin/contracts/access/IAccessControlEnumerable.sol":{"l":{},"path":"/Users/akhoshrozeh/Projects/botchainHS/contracts/@openzeppelin/contracts/access/IAccessControlEnumerable.sol","s":{},"b":{},"f":{},"fnMap":{},"statementMap":{},"branchMap":{}},
"contracts/@openzeppelin/contracts/access/Ownable.sol":{"l":{"29":0,"36":0,"43":0,"44":0,"55":0,"63":0,"64":0,"72":0,"73":0,"74":0},"path":"/Users/akhoshrozeh/Projects/botchainHS/contracts/@openzeppelin/contracts/access/Ownable.sol","s":{"1":0,"2":0,"3":0,"4":0,"5":0,"6":0,"7":0,"8":0,"9":0},"b":{"1":[0,0],"2":[0,0]},"f":{"1":0,"2":0,"3":0,"4":0,"5":0,"6":0},"fnMap":{"1":{"name":"constructor","line":28,"loc":{"start":{"line":28,"column":4},"end":{"line":30,"column":4}}},"2":{"name":"owner","line":35,"loc":{"start":{"line":35,"column":4},"end":{"line":37,"column":4}}},"3":{"name":"onlyOwner","line":42,"loc":{"start":{"line":42,"column":4},"end":{"line":45,"column":4}}},"4":{"name":"renounceOwnership","line":54,"loc":{"start":{"line":54,"column":4},"end":{"line":56,"column":4}}},"5":{"name":"transferOwnership","line":62,"loc":{"start":{"line":62,"column":4},"end":{"line":65,"column":4}}},"6":{"name":"_transferOwnership","line":71,"loc":{"start":{"line":71,"column":4},"end":{"line":75,"column":4}}}},"statementMap":{"1":{"start":{"line":29,"column":8},"end":{"line":29,"column":39}},"2":{"start":{"line":36,"column":8},"end":{"line":36,"column":21}},"3":{"start":{"line":43,"column":8},"end":{"line":43,"column":75}},"4":{"start":{"line":55,"column":8},"end":{"line":55,"column":37}},"5":{"start":{"line":63,"column":8},"end":{"line":63,"column":80}},"6":{"start":{"line":64,"column":8},"end":{"line":64,"column":35}},"7":{"start":{"line":72,"column":8},"end":{"line":72,"column":33}},"8":{"start":{"line":73,"column":8},"end":{"line":73,"column":24}},"9":{"start":{"line":74,"column":8},"end":{"line":74,"column":53}}},"branchMap":{"1":{"line":43,"type":"if","locations":[{"start":{"line":43,"column":8},"end":{"line":43,"column":8}},{"start":{"line":43,"column":8},"end":{"line":43,"column":8}}]},"2":{"line":63,"type":"if","locations":[{"start":{"line":63,"column":8},"end":{"line":63,"column":8}},{"start":{"line":63,"column":8},"end":{"line":63,"column":8}}]}}},
"contracts/@openzeppelin/contracts/finance/PaymentSplitter.sol":{"l":{"51":0,"52":0,"54":0,"55":0,"69":0,"76":0,"83":0,"91":0,"98":0,"105":0,"113":0,"120":0,"128":0,"130":0,"131":0,"133":0,"135":0,"136":0,"138":0,"139":0,"148":0,"150":0,"151":0,"153":0,"155":0,"156":0,"158":0,"159":0,"171":0,"180":0,"181":0,"182":0,"184":0,"185":0,"186":0,"187":0},"path":"/Users/akhoshrozeh/Projects/botchainHS/contracts/@openzeppelin/contracts/finance/PaymentSplitter.sol","s":{"1":0,"2":0,"3":0,"4":0,"5":0,"6":0,"7":0,"8":0,"9":0,"10":0,"11":0,"12":0,"13":0,"14":0,"15":0,"16":0,"17":0,"18":0,"19":0,"20":0,"21":0,"22":0,"23":0,"24":0,"25":0,"26":0,"27":0,"28":0,"29":0,"30":0,"31":0,"32":0,"33":0,"34":0,"35":0},"b":{"1":[0,0],"2":[0,0],"3":[0,0],"4":[0,0],"5":[0,0],"6":[0,0],"7":[0,0],"8":[0,0],"9":[0,0]},"f":{"1":0,"2":0,"3":0,"4":0,"5":0,"6":0,"7":0,"8":0,"9":0,"10":0,"11":0,"12":0},"fnMap":{"1":{"name":"constructor","line":50,"loc":{"start":{"line":50,"column":4},"end":{"line":57,"column":4}}},"2":{"name":"totalShares","line":75,"loc":{"start":{"line":75,"column":4},"end":{"line":77,"column":4}}},"3":{"name":"totalReleased","line":82,"loc":{"start":{"line":82,"column":4},"end":{"line":84,"column":4}}},"4":{"name":"totalReleased","line":90,"loc":{"start":{"line":90,"column":4},"end":{"line":92,"column":4}}},"5":{"name":"shares","line":97,"loc":{"start":{"line":97,"column":4},"end":{"line":99,"column":4}}},"6":{"name":"released","line":104,"loc":{"start":{"line":104,"column":4},"end":{"line":106,"column":4}}},"7":{"name":"released","line":112,"loc":{"start":{"line":112,"column":4},"end":{"line":114,"column":4}}},"8":{"name":"payee","line":119,"loc":{"start":{"line":119,"column":4},"end":{"line":121,"column":4}}},"9":{"name":"release","line":127,"loc":{"start":{"line":127,"column":4},"end":{"line":140,"column":4}}},"10":{"name":"release","line":147,"loc":{"start":{"line":147,"column":4},"end":{"line":160,"column":4}}},"11":{"name":"_pendingPayment","line":166,"loc":{"start":{"line":166,"column":4},"end":{"line":172,"column":4}}},"12":{"name":"_addPayee","line":179,"loc":{"start":{"line":179,"column":4},"end":{"line":188,"column":4}}}},"statementMap":{"1":{"start":{"line":51,"column":8},"end":{"line":51,"column":101}},"2":{"start":{"line":52,"column":8},"end":{"line":52,"column":63}},"3":{"start":{"line":54,"column":8},"end":{"line":54,"column":2589}},"4":{"start":{"line":55,"column":12},"end":{"line":55,"column":43}},"5":{"start":{"line":76,"column":8},"end":{"line":76,"column":27}},"6":{"start":{"line":83,"column":8},"end":{"line":83,"column":29}},"7":{"start":{"line":91,"column":8},"end":{"line":91,"column":41}},"8":{"start":{"line":98,"column":8},"end":{"line":98,"column":31}},"9":{"start":{"line":105,"column":8},"end":{"line":105,"column":33}},"10":{"start":{"line":113,"column":8},"end":{"line":113,"column":45}},"11":{"start":{"line":120,"column":8},"end":{"line":120,"column":29}},"12":{"start":{"line":128,"column":8},"end":{"line":128,"column":78}},"13":{"start":{"line":130,"column":8},"end":{"line":130,"column":71}},"14":{"start":{"line":131,"column":8},"end":{"line":131,"column":84}},"15":{"start":{"line":133,"column":8},"end":{"line":133,"column":75}},"16":{"start":{"line":135,"column":8},"end":{"line":135,"column":36}},"17":{"start":{"line":136,"column":8},"end":{"line":136,"column":32}},"18":{"start":{"line":138,"column":8},"end":{"line":138,"column":42}},"19":{"start":{"line":139,"column":8},"end":{"line":139,"column":46}},"20":{"start":{"line":148,"column":8},"end":{"line":148,"column":78}},"21":{"start":{"line":150,"column":8},"end":{"line":150,"column":85}},"22":{"start":{"line":151,"column":8},"end":{"line":151,"column":91}},"23":{"start":{"line":153,"column":8},"end":{"line":153,"column":75}},"24":{"start":{"line":155,"column":8},"end":{"line":155,"column":48}},"25":{"start":{"line":156,"column":8},"end":{"line":156,"column":44}},"26":{"start":{"line":158,"column":8},"end":{"line":158,"column":54}},"27":{"start":{"line":159,"column":8},"end":{"line":159,"column":58}},"28":{"start":{"line":171,"column":8},"end":{"line":171,"column":82}},"29":{"start":{"line":180,"column":8},"end":{"line":180,"column":85}},"30":{"start":{"line":181,"column":8},"end":{"line":181,"column":60}},"31":{"start":{"line":182,"column":8},"end":{"line":182,"column":84}},"32":{"start":{"line":184,"column":8},"end":{"line":184,"column":28}},"33":{"start":{"line":185,"column":8},"end":{"line":185,"column":33}},"34":{"start":{"line":186,"column":8},"end":{"line":186,"column":44}},"35":{"start":{"line":187,"column":8},"end":{"line":187,"column":41}}},"branchMap":{"1":{"line":51,"type":"if","locations":[{"start":{"line":51,"column":8},"end":{"line":51,"column":8}},{"start":{"line":51,"column":8},"end":{"line":51,"column":8}}]},"2":{"line":52,"type":"if","locations":[{"start":{"line":52,"column":8},"end":{"line":52,"column":8}},{"start":{"line":52,"column":8},"end":{"line":52,"column":8}}]},"3":{"line":128,"type":"if","locations":[{"start":{"line":128,"column":8},"end":{"line":128,"column":8}},{"start":{"line":128,"column":8},"end":{"line":128,"column":8}}]},"4":{"line":133,"type":"if","locations":[{"start":{"line":133,"column":8},"end":{"line":133,"column":8}},{"start":{"line":133,"column":8},"end":{"line":133,"column":8}}]},"5":{"line":148,"type":"if","locations":[{"start":{"line":148,"column":8},"end":{"line":148,"column":8}},{"start":{"line":148,"column":8},"end":{"line":148,"column":8}}]},"6":{"line":153,"type":"if","locations":[{"start":{"line":153,"column":8},"end":{"line":153,"column":8}},{"start":{"line":153,"column":8},"end":{"line":153,"column":8}}]},"7":{"line":180,"type":"if","locations":[{"start":{"line":180,"column":8},"end":{"line":180,"column":8}},{"start":{"line":180,"column":8},"end":{"line":180,"column":8}}]},"8":{"line":181,"type":"if","locations":[{"start":{"line":181,"column":8},"end":{"line":181,"column":8}},{"start":{"line":181,"column":8},"end":{"line":181,"column":8}}]},"9":{"line":182,"type":"if","locations":[{"start":{"line":182,"column":8},"end":{"line":182,"column":8}},{"start":{"line":182,"column":8},"end":{"line":182,"column":8}}]}}},
"contracts/@openzeppelin/contracts/finance/VestingWallet.sol":{"l":{"38":0,"39":0,"40":0,"41":0,"53":0,"60":0,"67":0,"74":0,"81":0,"90":0,"91":0,"92":0,"93":0,"102":0,"103":0,"104":0,"105":0,"112":0,"119":0,"127":0,"128":0,"130":0,"132":0},"path":"/Users/akhoshrozeh/Projects/botchainHS/contracts/@openzeppelin/contracts/finance/VestingWallet.sol","s":{"1":0,"2":0,"3":0,"4":0,"5":0,"6":0,"7":0,"8":0,"9":0,"10":0,"11":0,"12":0,"13":0,"14":0,"15":0,"16":0,"17":0,"18":0,"19":0,"20":0,"21":0,"22":0,"23":0,"24":0},"b":{"1":[0,0],"2":[0,0],"3":[0,0]},"f":{"1":0,"2":0,"3":0,"4":0,"5":0,"6":0,"7":0,"8":0,"9":0,"10":0,"11":0},"fnMap":{"1":{"name":"constructor","line":33,"loc":{"start":{"line":33,"column":4},"end":{"line":42,"column":4}}},"2":{"name":"beneficiary","line":52,"loc":{"start":{"line":52,"column":4},"end":{"line":54,"column":4}}},"3":{"name":"start","line":59,"loc":{"start":{"line":59,"column":4},"end":{"line":61,"column":4}}},"4":{"name":"duration","line":66,"loc":{"start":{"line":66,"column":4},"end":{"line":68,"column":4}}},"5":{"name":"released","line":73,"loc":{"start":{"line":73,"column":4},"end":{"line":75,"column":4}}},"6":{"name":"released","line":80,"loc":{"start":{"line":80,"column":4},"end":{"line":82,"column":4}}},"7":{"name":"release","line":89,"loc":{"start":{"line":89,"column":4},"end":{"line":94,"column":4}}},"8":{"name":"release","line":101,"loc":{"start":{"line":101,"column":4},"end":{"line":106,"column":4}}},"9":{"name":"vestedAmount","line":111,"loc":{"start":{"line":111,"column":4},"end":{"line":113,"column":4}}},"10":{"name":"vestedAmount","line":118,"loc":{"start":{"line":118,"column":4},"end":{"line":120,"column":4}}},"11":{"name":"_vestingSchedule","line":126,"loc":{"start":{"line":126,"column":4},"end":{"line":134,"column":4}}}},"statementMap":{"1":{"start":{"line":38,"column":8},"end":{"line":38,"column":94}},"2":{"start":{"line":39,"column":8},"end":{"line":39,"column":40}},"3":{"start":{"line":40,"column":8},"end":{"line":40,"column":30}},"4":{"start":{"line":41,"column":8},"end":{"line":41,"column":34}},"5":{"start":{"line":53,"column":8},"end":{"line":53,"column":27}},"6":{"start":{"line":60,"column":8},"end":{"line":60,"column":21}},"7":{"start":{"line":67,"column":8},"end":{"line":67,"column":24}},"8":{"start":{"line":74,"column":8},"end":{"line":74,"column":24}},"9":{"start":{"line":81,"column":8},"end":{"line":81,"column":36}},"10":{"start":{"line":90,"column":8},"end":{"line":90,"column":79}},"11":{"start":{"line":91,"column":8},"end":{"line":91,"column":30}},"12":{"start":{"line":92,"column":8},"end":{"line":92,"column":38}},"13":{"start":{"line":93,"column":8},"end":{"line":93,"column":60}},"14":{"start":{"line":102,"column":8},"end":{"line":102,"column":91}},"15":{"start":{"line":103,"column":8},"end":{"line":103,"column":42}},"16":{"start":{"line":104,"column":8},"end":{"line":104,"column":45}},"17":{"start":{"line":105,"column":8},"end":{"line":105,"column":71}},"18":{"start":{"line":112,"column":8},"end":{"line":112,"column":78}},"19":{"start":{"line":119,"column":8},"end":{"line":119,"column":100}},"20":{"start":{"line":127,"column":8},"end":{"line":127,"column":4407}},"21":{"start":{"line":128,"column":12},"end":{"line":128,"column":20}},"22":{"start":{"line":129,"column":15},"end":{"line":129,"column":4471}},"23":{"start":{"line":130,"column":12},"end":{"line":130,"column":34}},"24":{"start":{"line":132,"column":12},"end":{"line":132,"column":73}}},"branchMap":{"1":{"line":38,"type":"if","locations":[{"start":{"line":38,"column":8},"end":{"line":38,"column":8}},{"start":{"line":38,"column":8},"end":{"line":38,"column":8}}]},"2":{"line":127,"type":"if","locations":[{"start":{"line":127,"column":8},"end":{"line":127,"column":8}},{"start":{"line":127,"column":8},"end":{"line":127,"column":8}}]},"3":{"line":129,"type":"if","locations":[{"start":{"line":129,"column":15},"end":{"line":129,"column":15}},{"start":{"line":129,"column":15},"end":{"line":129,"column":15}}]}}},
"contracts/@openzeppelin/contracts/governance/compatibility/GovernorCompatibilityBravo.sol":{"l":{"49":0,"62":0,"63":0,"76":0,"77":0,"84":0,"85":0,"97":0,"98":0,"107":0,"109":0,"114":0,"130":0,"132":0,"133":0,"138":0,"152":0,"153":0,"155":0,"156":0,"157":0,"158":0,"159":0,"160":0,"161":0,"162":0,"188":0,"189":0,"190":0,"191":0,"193":0,"194":0,"195":0,"196":0,"197":0,"199":0,"200":0,"201":0,"219":0,"220":0,"227":0,"234":0,"242":0,"249":0,"250":0,"257":0,"258":0,"270":0,"271":0,"273":0,"274":0,"275":0,"276":0,"278":0,"279":0,"281":0,"283":0,"285":0},"path":"/Users/akhoshrozeh/Projects/botchainHS/contracts/@openzeppelin/contracts/governance/compatibility/GovernorCompatibilityBravo.sol","s":{"1":0,"2":0,"3":0,"4":0,"5":0,"6":0,"7":0,"8":0,"9":0,"10":0,"11":0,"12":0,"13":0,"14":0,"15":0,"16":0,"17":0,"18":0,"19":0,"20":0,"21":0,"22":0,"23":0,"24":0,"25":0,"26":0,"27":0,"28":0,"29":0,"30":0,"31":0,"32":0,"33":0,"34":0,"35":0,"36":0,"37":0,"38":0,"39":0,"40":0,"41":0,"42":0,"43":0,"44":0,"45":0,"46":0,"47":0,"48":0,"49":0,"50":0,"51":0,"52":0,"53":0,"54":0,"55":0,"56":0,"57":0,"58":0,"59":0,"60":0},"b":{"1":[0,0],"2":[0,0],"3":[0,0],"4":[0,0],"5":[0,0],"6":[0,0]},"f":{"1":0,"2":0,"3":0,"4":0,"5":0,"6":0,"7":0,"8":0,"9":0,"10":0,"11":0,"12":0,"13":0,"14":0,"15":0,"16":0},"fnMap":{"1":{"name":"COUNTING_MODE","line":48,"loc":{"start":{"line":48,"column":4},"end":{"line":50,"column":4}}},"2":{"name":"propose","line":56,"loc":{"start":{"line":56,"column":4},"end":{"line":64,"column":4}}},"3":{"name":"propose","line":69,"loc":{"start":{"line":69,"column":4},"end":{"line":78,"column":4}}},"4":{"name":"queue","line":83,"loc":{"start":{"line":83,"column":4},"end":{"line":91,"column":4}}},"5":{"name":"execute","line":96,"loc":{"start":{"line":96,"column":4},"end":{"line":104,"column":4}}},"6":{"name":"cancel","line":106,"loc":{"start":{"line":106,"column":4},"end":{"line":120,"column":4}}},"7":{"name":"_encodeCalldata","line":125,"loc":{"start":{"line":125,"column":4},"end":{"line":139,"column":4}}},"8":{"name":"_storeProposal","line":144,"loc":{"start":{"line":144,"column":4},"end":{"line":164,"column":4}}},"9":{"name":"proposals","line":170,"loc":{"start":{"line":170,"column":4},"end":{"line":202,"column":4}}},"10":{"name":"getActions","line":207,"loc":{"start":{"line":207,"column":4},"end":{"line":221,"column":4}}},"11":{"name":"getReceipt","line":226,"loc":{"start":{"line":226,"column":4},"end":{"line":228,"column":4}}},"12":{"name":"quorumVotes","line":233,"loc":{"start":{"line":233,"column":4},"end":{"line":235,"column":4}}},"13":{"name":"hasVoted","line":241,"loc":{"start":{"line":241,"column":4},"end":{"line":243,"column":4}}},"14":{"name":"_quorumReached","line":248,"loc":{"start":{"line":248,"column":4},"end":{"line":251,"column":4}}},"15":{"name":"_voteSucceeded","line":256,"loc":{"start":{"line":256,"column":4},"end":{"line":259,"column":4}}},"16":{"name":"_countVote","line":264,"loc":{"start":{"line":264,"column":4},"end":{"line":287,"column":4}}}},"statementMap":{"1":{"start":{"line":49,"column":8},"end":{"line":49,"column":43}},"2":{"start":{"line":62,"column":8},"end":{"line":62,"column":108}},"3":{"start":{"line":63,"column":8},"end":{"line":63,"column":69}},"4":{"start":{"line":76,"column":8},"end":{"line":76,"column":88}},"5":{"start":{"line":77,"column":8},"end":{"line":77,"column":92}},"6":{"start":{"line":84,"column":8},"end":{"line":84,"column":70}},"7":{"start":{"line":85,"column":8},"end":{"line":85,"column":3017}},"8":{"start":{"line":97,"column":8},"end":{"line":97,"column":70}},"9":{"start":{"line":98,"column":8},"end":{"line":98,"column":3429}},"10":{"start":{"line":107,"column":8},"end":{"line":107,"column":70}},"11":{"start":{"line":109,"column":8},"end":{"line":109,"column":3764}},"12":{"start":{"line":114,"column":8},"end":{"line":114,"column":3963}},"13":{"start":{"line":130,"column":8},"end":{"line":130,"column":68}},"14":{"start":{"line":132,"column":8},"end":{"line":132,"column":4461}},"15":{"start":{"line":133,"column":12},"end":{"line":133,"column":4603}},"16":{"start":{"line":138,"column":8},"end":{"line":138,"column":28}},"17":{"start":{"line":152,"column":8},"end":{"line":152,"column":63}},"18":{"start":{"line":153,"column":8},"end":{"line":153,"column":115}},"19":{"start":{"line":155,"column":8},"end":{"line":155,"column":70}},"20":{"start":{"line":156,"column":8},"end":{"line":156,"column":5319}},"21":{"start":{"line":157,"column":12},"end":{"line":157,"column":38}},"22":{"start":{"line":158,"column":12},"end":{"line":158,"column":36}},"23":{"start":{"line":159,"column":12},"end":{"line":159,"column":34}},"24":{"start":{"line":160,"column":12},"end":{"line":160,"column":42}},"25":{"start":{"line":161,"column":12},"end":{"line":161,"column":40}},"26":{"start":{"line":162,"column":12},"end":{"line":162,"column":52}},"27":{"start":{"line":188,"column":8},"end":{"line":188,"column":22}},"28":{"start":{"line":189,"column":8},"end":{"line":189,"column":36}},"29":{"start":{"line":190,"column":8},"end":{"line":190,"column":48}},"30":{"start":{"line":191,"column":8},"end":{"line":191,"column":46}},"31":{"start":{"line":193,"column":8},"end":{"line":193,"column":70}},"32":{"start":{"line":194,"column":8},"end":{"line":194,"column":34}},"33":{"start":{"line":195,"column":8},"end":{"line":195,"column":34}},"34":{"start":{"line":196,"column":8},"end":{"line":196,"column":42}},"35":{"start":{"line":197,"column":8},"end":{"line":197,"column":42}},"36":{"start":{"line":199,"column":8},"end":{"line":199,"column":48}},"37":{"start":{"line":200,"column":8},"end":{"line":200,"column":50}},"38":{"start":{"line":201,"column":8},"end":{"line":201,"column":50}},"39":{"start":{"line":219,"column":8},"end":{"line":219,"column":70}},"40":{"start":{"line":220,"column":8},"end":{"line":220,"column":87}},"41":{"start":{"line":227,"column":8},"end":{"line":227,"column":59}},"42":{"start":{"line":234,"column":8},"end":{"line":234,"column":39}},"43":{"start":{"line":242,"column":8},"end":{"line":242,"column":70}},"44":{"start":{"line":249,"column":8},"end":{"line":249,"column":70}},"45":{"start":{"line":250,"column":8},"end":{"line":250,"column":71}},"46":{"start":{"line":257,"column":8},"end":{"line":257,"column":70}},"47":{"start":{"line":258,"column":8},"end":{"line":258,"column":54}},"48":{"start":{"line":270,"column":8},"end":{"line":270,"column":70}},"49":{"start":{"line":271,"column":8},"end":{"line":271,"column":59}},"50":{"start":{"line":273,"column":8},"end":{"line":273,"column":82}},"51":{"start":{"line":274,"column":8},"end":{"line":274,"column":30}},"52":{"start":{"line":275,"column":8},"end":{"line":275,"column":32}},"53":{"start":{"line":276,"column":8},"end":{"line":276,"column":48}},"54":{"start":{"line":278,"column":8},"end":{"line":278,"column":9508}},"55":{"start":{"line":279,"column":12},"end":{"line":279,"column":41}},"56":{"start":{"line":280,"column":15},"end":{"line":280,"column":9609}},"57":{"start":{"line":281,"column":12},"end":{"line":281,"column":37}},"58":{"start":{"line":282,"column":15},"end":{"line":282,"column":9702}},"59":{"start":{"line":283,"column":12},"end":{"line":283,"column":41}},"60":{"start":{"line":285,"column":12},"end":{"line":285,"column":66}}},"branchMap":{"1":{"line":109,"type":"if","locations":[{"start":{"line":109,"column":8},"end":{"line":109,"column":8}},{"start":{"line":109,"column":8},"end":{"line":109,"column":8}}]},"2":{"line":156,"type":"if","locations":[{"start":{"line":156,"column":8},"end":{"line":156,"column":8}},{"start":{"line":156,"column":8},"end":{"line":156,"column":8}}]},"3":{"line":273,"type":"if","locations":[{"start":{"line":273,"column":8},"end":{"line":273,"column":8}},{"start":{"line":273,"column":8},"end":{"line":273,"column":8}}]},"4":{"line":278,"type":"if","locations":[{"start":{"line":278,"column":8},"end":{"line":278,"column":8}},{"start":{"line":278,"column":8},"end":{"line":278,"column":8}}]},"5":{"line":280,"type":"if","locations":[{"start":{"line":280,"column":15},"end":{"line":280,"column":15}},{"start":{"line":280,"column":15},"end":{"line":280,"column":15}}]},"6":{"line":282,"type":"if","locations":[{"start":{"line":282,"column":15},"end":{"line":282,"column":15}},{"start":{"line":282,"column":15},"end":{"line":282,"column":15}}]}}},
"contracts/@openzeppelin/contracts/governance/compatibility/IGovernorCompatibilityBravo.sol":{"l":{},"path":"/Users/akhoshrozeh/Projects/botchainHS/contracts/@openzeppelin/contracts/governance/compatibility/IGovernorCompatibilityBravo.sol","s":{},"b":{},"f":{},"fnMap":{},"statementMap":{},"branchMap":{}},
"contracts/@openzeppelin/contracts/governance/extensions/GovernorCountingSimple.sol":{"l":{"37":0,"44":0,"60":0,"61":0,"68":0,"70":0,"77":0,"79":0,"91":0,"93":0,"94":0,"96":0,"97":0,"99":0,"101":0,"103":0},"path":"/Users/akhoshrozeh/Projects/botchainHS/contracts/@openzeppelin/contracts/governance/extensions/GovernorCountingSimple.sol","s":{"1":0,"2":0,"3":0,"4":0,"5":0,"6":0,"7":0,"8":0,"9":0,"10":0,"11":0,"12":0,"13":0,"14":0,"15":0,"16":0,"17":0,"18":0},"b":{"1":[0,0],"2":[0,0],"3":[0,0],"4":[0,0]},"f":{"1":0,"2":0,"3":0,"4":0,"5":0,"6":0},"fnMap":{"1":{"name":"COUNTING_MODE","line":36,"loc":{"start":{"line":36,"column":4},"end":{"line":38,"column":4}}},"2":{"name":"hasVoted","line":43,"loc":{"start":{"line":43,"column":4},"end":{"line":45,"column":4}}},"3":{"name":"proposalVotes","line":50,"loc":{"start":{"line":50,"column":4},"end":{"line":62,"column":4}}},"4":{"name":"_quorumReached","line":67,"loc":{"start":{"line":67,"column":4},"end":{"line":71,"column":4}}},"5":{"name":"_voteSucceeded","line":76,"loc":{"start":{"line":76,"column":4},"end":{"line":80,"column":4}}},"6":{"name":"_countVote","line":85,"loc":{"start":{"line":85,"column":4},"end":{"line":105,"column":4}}}},"statementMap":{"1":{"start":{"line":37,"column":8},"end":{"line":37,"column":49}},"2":{"start":{"line":44,"column":8},"end":{"line":44,"column":59}},"3":{"start":{"line":60,"column":8},"end":{"line":60,"column":70}},"4":{"start":{"line":61,"column":8},"end":{"line":61,"column":92}},"5":{"start":{"line":68,"column":8},"end":{"line":68,"column":70}},"6":{"start":{"line":70,"column":8},"end":{"line":70,"column":104}},"7":{"start":{"line":77,"column":8},"end":{"line":77,"column":70}},"8":{"start":{"line":79,"column":8},"end":{"line":79,"column":64}},"9":{"start":{"line":91,"column":8},"end":{"line":91,"column":70}},"10":{"start":{"line":93,"column":8},"end":{"line":93,"column":90}},"11":{"start":{"line":94,"column":8},"end":{"line":94,"column":44}},"12":{"start":{"line":96,"column":8},"end":{"line":96,"column":2888}},"13":{"start":{"line":97,"column":12},"end":{"line":97,"column":46}},"14":{"start":{"line":98,"column":15},"end":{"line":98,"column":2994}},"15":{"start":{"line":99,"column":12},"end":{"line":99,"column":42}},"16":{"start":{"line":100,"column":15},"end":{"line":100,"column":3092}},"17":{"start":{"line":101,"column":12},"end":{"line":101,"column":46}},"18":{"start":{"line":103,"column":12},"end":{"line":103,"column":74}}},"branchMap":{"1":{"line":93,"type":"if","locations":[{"start":{"line":93,"column":8},"end":{"line":93,"column":8}},{"start":{"line":93,"column":8},"end":{"line":93,"column":8}}]},"2":{"line":96,"type":"if","locations":[{"start":{"line":96,"column":8},"end":{"line":96,"column":8}},{"start":{"line":96,"column":8},"end":{"line":96,"column":8}}]},"3":{"line":98,"type":"if","locations":[{"start":{"line":98,"column":15},"end":{"line":98,"column":15}},{"start":{"line":98,"column":15},"end":{"line":98,"column":15}}]},"4":{"line":100,"type":"if","locations":[{"start":{"line":100,"column":15},"end":{"line":100,"column":15}},{"start":{"line":100,"column":15},"end":{"line":100,"column":15}}]}}},
"contracts/@openzeppelin/contracts/governance/extensions/GovernorProposalThreshold.sol":{"l":{"21":0},"path":"/Users/akhoshrozeh/Projects/botchainHS/contracts/@openzeppelin/contracts/governance/extensions/GovernorProposalThreshold.sol","s":{"1":0},"b":{},"f":{"1":0},"fnMap":{"1":{"name":"propose","line":15,"loc":{"start":{"line":15,"column":4},"end":{"line":22,"column":4}}}},"statementMap":{"1":{"start":{"line":21,"column":8},"end":{"line":21,"column":69}}},"branchMap":{}},
"contracts/@openzeppelin/contracts/governance/extensions/GovernorSettings.sol":{"l":{"30":0,"31":0,"32":0,"39":0,"46":0,"53":0,"62":0,"71":0,"80":0,"89":0,"90":0,"100":0,"101":0,"102":0,"111":0,"112":0},"path":"/Users/akhoshrozeh/Projects/botchainHS/contracts/@openzeppelin/contracts/governance/extensions/GovernorSettings.sol","s":{"1":0,"2":0,"3":0,"4":0,"5":0,"6":0,"7":0,"8":0,"9":0,"10":0,"11":0,"12":0,"13":0,"14":0,"15":0,"16":0},"b":{"1":[0,0]},"f":{"1":0,"2":0,"3":0,"4":0,"5":0,"6":0,"7":0,"8":0,"9":0,"10":0},"fnMap":{"1":{"name":"constructor","line":25,"loc":{"start":{"line":25,"column":4},"end":{"line":33,"column":4}}},"2":{"name":"votingDelay","line":38,"loc":{"start":{"line":38,"column":4},"end":{"line":40,"column":4}}},"3":{"name":"votingPeriod","line":45,"loc":{"start":{"line":45,"column":4},"end":{"line":47,"column":4}}},"4":{"name":"proposalThreshold","line":52,"loc":{"start":{"line":52,"column":4},"end":{"line":54,"column":4}}},"5":{"name":"setVotingDelay","line":61,"loc":{"start":{"line":61,"column":4},"end":{"line":63,"column":4}}},"6":{"name":"setVotingPeriod","line":70,"loc":{"start":{"line":70,"column":4},"end":{"line":72,"column":4}}},"7":{"name":"setProposalThreshold","line":79,"loc":{"start":{"line":79,"column":4},"end":{"line":81,"column":4}}},"8":{"name":"_setVotingDelay","line":88,"loc":{"start":{"line":88,"column":4},"end":{"line":91,"column":4}}},"9":{"name":"_setVotingPeriod","line":98,"loc":{"start":{"line":98,"column":4},"end":{"line":103,"column":4}}},"10":{"name":"_setProposalThreshold","line":110,"loc":{"start":{"line":110,"column":4},"end":{"line":113,"column":4}}}},"statementMap":{"1":{"start":{"line":30,"column":8},"end":{"line":30,"column":42}},"2":{"start":{"line":31,"column":8},"end":{"line":31,"column":44}},"3":{"start":{"line":32,"column":8},"end":{"line":32,"column":54}},"4":{"start":{"line":39,"column":8},"end":{"line":39,"column":27}},"5":{"start":{"line":46,"column":8},"end":{"line":46,"column":28}},"6":{"start":{"line":53,"column":8},"end":{"line":53,"column":33}},"7":{"start":{"line":62,"column":8},"end":{"line":62,"column":38}},"8":{"start":{"line":71,"column":8},"end":{"line":71,"column":40}},"9":{"start":{"line":80,"column":8},"end":{"line":80,"column":50}},"10":{"start":{"line":89,"column":8},"end":{"line":89,"column":57}},"11":{"start":{"line":90,"column":8},"end":{"line":90,"column":36}},"12":{"start":{"line":100,"column":8},"end":{"line":100,"column":78}},"13":{"start":{"line":101,"column":8},"end":{"line":101,"column":60}},"14":{"start":{"line":102,"column":8},"end":{"line":102,"column":38}},"15":{"start":{"line":111,"column":8},"end":{"line":111,"column":75}},"16":{"start":{"line":112,"column":8},"end":{"line":112,"column":48}}},"branchMap":{"1":{"line":100,"type":"if","locations":[{"start":{"line":100,"column":8},"end":{"line":100,"column":8}},{"start":{"line":100,"column":8},"end":{"line":100,"column":8}}]}}},
"contracts/@openzeppelin/contracts/governance/extensions/GovernorTimelockCompound.sol":{"l":{"97":0,"104":0,"111":0,"113":0,"114":0,"117":0,"118":0,"119":0,"121":0,"123":0,"131":0,"138":0,"150":0,"152":0,"154":0,"155":0,"156":0,"157":0,"161":0,"164":0,"166":0,"179":0,"180":0,"181":0,"182":0,"183":0,"197":0,"199":0,"200":0,"201":0,"202":0,"204":0,"207":0,"214":0,"222":0,"237":0,"241":0,"242":0},"path":"/Users/akhoshrozeh/Projects/botchainHS/contracts/@openzeppelin/contracts/governance/extensions/GovernorTimelockCompound.sol","s":{"1":0,"2":0,"3":0,"4":0,"5":0,"6":0,"7":0,"8":0,"9":0,"10":0,"11":0,"12":0,"13":0,"14":0,"15":0,"16":0,"17":0,"18":0,"19":0,"20":0,"21":0,"22":0,"23":0,"24":0,"25":0,"26":0,"27":0,"28":0,"29":0,"30":0,"31":0,"32":0,"33":0,"34":0,"35":0,"36":0,"37":0,"38":0,"39":0},"b":{"1":[0,0],"2":[0,0],"3":[0,0],"4":[0,0],"5":[0,0],"6":[0,0],"7":[0,0]},"f":{"1":0,"2":0,"3":0,"4":0,"5":0,"6":0,"7":0,"8":0,"9":0,"10":0,"11":0,"12":0},"fnMap":{"1":{"name":"constructor","line":96,"loc":{"start":{"line":96,"column":4},"end":{"line":98,"column":4}}},"2":{"name":"supportsInterface","line":103,"loc":{"start":{"line":103,"column":4},"end":{"line":105,"column":4}}},"3":{"name":"state","line":110,"loc":{"start":{"line":110,"column":4},"end":{"line":125,"column":4}}},"4":{"name":"timelock","line":130,"loc":{"start":{"line":130,"column":4},"end":{"line":132,"column":4}}},"5":{"name":"proposalEta","line":137,"loc":{"start":{"line":137,"column":4},"end":{"line":139,"column":4}}},"6":{"name":"queue","line":144,"loc":{"start":{"line":144,"column":4},"end":{"line":167,"column":4}}},"7":{"name":"_execute","line":172,"loc":{"start":{"line":172,"column":4},"end":{"line":185,"column":4}}},"8":{"name":"_cancel","line":191,"loc":{"start":{"line":191,"column":4},"end":{"line":208,"column":4}}},"9":{"name":"_executor","line":213,"loc":{"start":{"line":213,"column":4},"end":{"line":215,"column":4}}},"10":{"name":"__acceptAdmin","line":221,"loc":{"start":{"line":221,"column":4},"end":{"line":223,"column":4}}},"11":{"name":"updateTimelock","line":236,"loc":{"start":{"line":236,"column":4},"end":{"line":238,"column":4}}},"12":{"name":"_updateTimelock","line":240,"loc":{"start":{"line":240,"column":4},"end":{"line":243,"column":4}}}},"statementMap":{"1":{"start":{"line":97,"column":8},"end":{"line":97,"column":39}},"2":{"start":{"line":104,"column":8},"end":{"line":104,"column":105}},"3":{"start":{"line":111,"column":8},"end":{"line":111,"column":54}},"4":{"start":{"line":113,"column":8},"end":{"line":113,"column":3718}},"5":{"start":{"line":114,"column":12},"end":{"line":114,"column":25}},"6":{"start":{"line":117,"column":8},"end":{"line":117,"column":45}},"7":{"start":{"line":118,"column":8},"end":{"line":118,"column":3852}},"8":{"start":{"line":119,"column":12},"end":{"line":119,"column":25}},"9":{"start":{"line":120,"column":15},"end":{"line":120,"column":3910}},"10":{"start":{"line":121,"column":12},"end":{"line":121,"column":40}},"11":{"start":{"line":123,"column":12},"end":{"line":123,"column":39}},"12":{"start":{"line":131,"column":8},"end":{"line":131,"column":33}},"13":{"start":{"line":138,"column":8},"end":{"line":138,"column":65}},"14":{"start":{"line":150,"column":8},"end":{"line":150,"column":86}},"15":{"start":{"line":152,"column":8},"end":{"line":152,"column":97}},"16":{"start":{"line":154,"column":8},"end":{"line":154,"column":57}},"17":{"start":{"line":155,"column":8},"end":{"line":155,"column":71}},"18":{"start":{"line":156,"column":8},"end":{"line":156,"column":5138}},"19":{"start":{"line":157,"column":12},"end":{"line":157,"column":5201}},"20":{"start":{"line":161,"column":12},"end":{"line":161,"column":83}},"21":{"start":{"line":164,"column":8},"end":{"line":164,"column":44}},"22":{"start":{"line":166,"column":8},"end":{"line":166,"column":25}},"23":{"start":{"line":179,"column":8},"end":{"line":179,"column":45}},"24":{"start":{"line":180,"column":8},"end":{"line":180,"column":76}},"25":{"start":{"line":181,"column":8},"end":{"line":181,"column":55}},"26":{"start":{"line":182,"column":8},"end":{"line":182,"column":6128}},"27":{"start":{"line":183,"column":12},"end":{"line":183,"column":85}},"28":{"start":{"line":197,"column":8},"end":{"line":197,"column":87}},"29":{"start":{"line":199,"column":8},"end":{"line":199,"column":45}},"30":{"start":{"line":200,"column":8},"end":{"line":200,"column":6784}},"31":{"start":{"line":201,"column":12},"end":{"line":201,"column":6815}},"32":{"start":{"line":202,"column":16},"end":{"line":202,"column":88}},"33":{"start":{"line":204,"column":12},"end":{"line":204,"column":55}},"34":{"start":{"line":207,"column":8},"end":{"line":207,"column":25}},"35":{"start":{"line":214,"column":8},"end":{"line":214,"column":33}},"36":{"start":{"line":222,"column":8},"end":{"line":222,"column":30}},"37":{"start":{"line":237,"column":8},"end":{"line":237,"column":35}},"38":{"start":{"line":241,"column":8},"end":{"line":241,"column":69}},"39":{"start":{"line":242,"column":8},"end":{"line":242,"column":30}}},"branchMap":{"1":{"line":113,"type":"if","locations":[{"start":{"line":113,"column":8},"end":{"line":113,"column":8}},{"start":{"line":113,"column":8},"end":{"line":113,"column":8}}]},"2":{"line":118,"type":"if","locations":[{"start":{"line":118,"column":8},"end":{"line":118,"column":8}},{"start":{"line":118,"column":8},"end":{"line":118,"column":8}}]},"3":{"line":120,"type":"if","locations":[{"start":{"line":120,"column":15},"end":{"line":120,"column":15}},{"start":{"line":120,"column":15},"end":{"line":120,"column":15}}]},"4":{"line":152,"type":"if","locations":[{"start":{"line":152,"column":8},"end":{"line":152,"column":8}},{"start":{"line":152,"column":8},"end":{"line":152,"column":8}}]},"5":{"line":157,"type":"if","locations":[{"start":{"line":157,"column":12},"end":{"line":157,"column":12}},{"start":{"line":157,"column":12},"end":{"line":157,"column":12}}]},"6":{"line":180,"type":"if","locations":[{"start":{"line":180,"column":8},"end":{"line":180,"column":8}},{"start":{"line":180,"column":8},"end":{"line":180,"column":8}}]},"7":{"line":200,"type":"if","locations":[{"start":{"line":200,"column":8},"end":{"line":200,"column":8}},{"start":{"line":200,"column":8},"end":{"line":200,"column":8}}]}}},
"contracts/@openzeppelin/contracts/governance/extensions/GovernorTimelockControl.sol":{"l":{"34":0,"41":0,"48":0,"50":0,"51":0,"55":0,"56":0,"57":0,"59":0,"61":0,"69":0,"76":0,"77":0,"89":0,"91":0,"93":0,"94":0,"95":0,"97":0,"99":0,"112":0,"125":0,"127":0,"128":0,"129":0,"132":0,"139":0,"147":0,"151":0,"152":0},"path":"/Users/akhoshrozeh/Projects/botchainHS/contracts/@openzeppelin/contracts/governance/extensions/GovernorTimelockControl.sol","s":{"1":0,"2":0,"3":0,"4":0,"5":0,"6":0,"7":0,"8":0,"9":0,"10":0,"11":0,"12":0,"13":0,"14":0,"15":0,"16":0,"17":0,"18":0,"19":0,"20":0,"21":0,"22":0,"23":0,"24":0,"25":0,"26":0,"27":0,"28":0,"29":0,"30":0},"b":{"1":[0,0],"2":[0,0],"3":[0,0],"4":[0,0],"5":[0,0]},"f":{"1":0,"2":0,"3":0,"4":0,"5":0,"6":0,"7":0,"8":0,"9":0,"10":0,"11":0},"fnMap":{"1":{"name":"constructor","line":33,"loc":{"start":{"line":33,"column":4},"end":{"line":35,"column":4}}},"2":{"name":"supportsInterface","line":40,"loc":{"start":{"line":40,"column":4},"end":{"line":42,"column":4}}},"3":{"name":"state","line":47,"loc":{"start":{"line":47,"column":4},"end":{"line":63,"column":4}}},"4":{"name":"timelock","line":68,"loc":{"start":{"line":68,"column":4},"end":{"line":70,"column":4}}},"5":{"name":"proposalEta","line":75,"loc":{"start":{"line":75,"column":4},"end":{"line":78,"column":4}}},"6":{"name":"queue","line":83,"loc":{"start":{"line":83,"column":4},"end":{"line":100,"column":4}}},"7":{"name":"_execute","line":105,"loc":{"start":{"line":105,"column":4},"end":{"line":113,"column":4}}},"8":{"name":"_cancel","line":119,"loc":{"start":{"line":119,"column":4},"end":{"line":133,"column":4}}},"9":{"name":"_executor","line":138,"loc":{"start":{"line":138,"column":4},"end":{"line":140,"column":4}}},"10":{"name":"updateTimelock","line":146,"loc":{"start":{"line":146,"column":4},"end":{"line":148,"column":4}}},"11":{"name":"_updateTimelock","line":150,"loc":{"start":{"line":150,"column":4},"end":{"line":153,"column":4}}}},"statementMap":{"1":{"start":{"line":34,"column":8},"end":{"line":34,"column":39}},"2":{"start":{"line":41,"column":8},"end":{"line":41,"column":105}},"3":{"start":{"line":48,"column":8},"end":{"line":48,"column":54}},"4":{"start":{"line":50,"column":8},"end":{"line":50,"column":1966}},"5":{"start":{"line":51,"column":12},"end":{"line":51,"column":25}},"6":{"start":{"line":55,"column":8},"end":{"line":55,"column":50}},"7":{"start":{"line":56,"column":8},"end":{"line":56,"column":2205}},"8":{"start":{"line":57,"column":12},"end":{"line":57,"column":25}},"9":{"start":{"line":58,"column":15},"end":{"line":58,"column":2276}},"10":{"start":{"line":59,"column":12},"end":{"line":59,"column":41}},"11":{"start":{"line":61,"column":12},"end":{"line":61,"column":39}},"12":{"start":{"line":69,"column":8},"end":{"line":69,"column":33}},"13":{"start":{"line":76,"column":8},"end":{"line":76,"column":70}},"14":{"start":{"line":77,"column":8},"end":{"line":77,"column":33}},"15":{"start":{"line":89,"column":8},"end":{"line":89,"column":86}},"16":{"start":{"line":91,"column":8},"end":{"line":91,"column":97}},"17":{"start":{"line":93,"column":8},"end":{"line":93,"column":47}},"18":{"start":{"line":94,"column":8},"end":{"line":94,"column":110}},"19":{"start":{"line":95,"column":8},"end":{"line":95,"column":85}},"20":{"start":{"line":97,"column":8},"end":{"line":97,"column":64}},"21":{"start":{"line":99,"column":8},"end":{"line":99,"column":25}},"22":{"start":{"line":112,"column":8},"end":{"line":112,"column":95}},"23":{"start":{"line":125,"column":8},"end":{"line":125,"column":87}},"24":{"start":{"line":127,"column":8},"end":{"line":127,"column":4698}},"25":{"start":{"line":128,"column":12},"end":{"line":128,"column":53}},"26":{"start":{"line":132,"column":8},"end":{"line":132,"column":25}},"27":{"start":{"line":139,"column":8},"end":{"line":139,"column":33}},"28":{"start":{"line":147,"column":8},"end":{"line":147,"column":35}},"29":{"start":{"line":151,"column":8},"end":{"line":151,"column":69}},"30":{"start":{"line":152,"column":8},"end":{"line":152,"column":30}}},"branchMap":{"1":{"line":50,"type":"if","locations":[{"start":{"line":50,"column":8},"end":{"line":50,"column":8}},{"start":{"line":50,"column":8},"end":{"line":50,"column":8}}]},"2":{"line":56,"type":"if","locations":[{"start":{"line":56,"column":8},"end":{"line":56,"column":8}},{"start":{"line":56,"column":8},"end":{"line":56,"column":8}}]},"3":{"line":58,"type":"if","locations":[{"start":{"line":58,"column":15},"end":{"line":58,"column":15}},{"start":{"line":58,"column":15},"end":{"line":58,"column":15}}]},"4":{"line":91,"type":"if","locations":[{"start":{"line":91,"column":8},"end":{"line":91,"column":8}},{"start":{"line":91,"column":8},"end":{"line":91,"column":8}}]},"5":{"line":127,"type":"if","locations":[{"start":{"line":127,"column":8},"end":{"line":127,"column":8}},{"start":{"line":127,"column":8},"end":{"line":127,"column":8}}]}}},
"contracts/@openzeppelin/contracts/governance/extensions/GovernorVotes.sol":{"l":{"19":0,"26":0},"path":"/Users/akhoshrozeh/Projects/botchainHS/contracts/@openzeppelin/contracts/governance/extensions/GovernorVotes.sol","s":{"1":0,"2":0},"b":{},"f":{"1":0,"2":0},"fnMap":{"1":{"name":"constructor","line":18,"loc":{"start":{"line":18,"column":4},"end":{"line":20,"column":4}}},"2":{"name":"getVotes","line":25,"loc":{"start":{"line":25,"column":4},"end":{"line":27,"column":4}}}},"statementMap":{"1":{"start":{"line":19,"column":8},"end":{"line":19,"column":27}},"2":{"start":{"line":26,"column":8},"end":{"line":26,"column":55}}},"branchMap":{}},
"contracts/@openzeppelin/contracts/governance/extensions/GovernorVotesComp.sol":{"l":{"18":0,"25":0},"path":"/Users/akhoshrozeh/Projects/botchainHS/contracts/@openzeppelin/contracts/governance/extensions/GovernorVotesComp.sol","s":{"1":0,"2":0},"b":{},"f":{"1":0,"2":0},"fnMap":{"1":{"name":"constructor","line":17,"loc":{"start":{"line":17,"column":4},"end":{"line":19,"column":4}}},"2":{"name":"getVotes","line":24,"loc":{"start":{"line":24,"column":4},"end":{"line":26,"column":4}}}},"statementMap":{"1":{"start":{"line":18,"column":8},"end":{"line":18,"column":21}},"2":{"start":{"line":25,"column":8},"end":{"line":25,"column":56}}},"branchMap":{}},
"contracts/@openzeppelin/contracts/governance/extensions/GovernorVotesQuorumFraction.sol":{"l":{"20":0,"24":0,"28":0,"32":0,"36":0,"40":0,"45":0,"46":0,"48":0},"path":"/Users/akhoshrozeh/Projects/botchainHS/contracts/@openzeppelin/contracts/governance/extensions/GovernorVotesQuorumFraction.sol","s":{"1":0,"2":0,"3":0,"4":0,"5":0,"6":0,"7":0,"8":0,"9":0},"b":{"1":[0,0]},"f":{"1":0,"2":0,"3":0,"4":0,"5":0,"6":0},"fnMap":{"1":{"name":"constructor","line":19,"loc":{"start":{"line":19,"column":4},"end":{"line":21,"column":4}}},"2":{"name":"quorumNumerator","line":23,"loc":{"start":{"line":23,"column":4},"end":{"line":25,"column":4}}},"3":{"name":"quorumDenominator","line":27,"loc":{"start":{"line":27,"column":4},"end":{"line":29,"column":4}}},"4":{"name":"quorum","line":31,"loc":{"start":{"line":31,"column":4},"end":{"line":33,"column":4}}},"5":{"name":"updateQuorumNumerator","line":35,"loc":{"start":{"line":35,"column":4},"end":{"line":37,"column":4}}},"6":{"name":"_updateQuorumNumerator","line":39,"loc":{"start":{"line":39,"column":4},"end":{"line":49,"column":4}}}},"statementMap":{"1":{"start":{"line":20,"column":8},"end":{"line":20,"column":51}},"2":{"start":{"line":24,"column":8},"end":{"line":24,"column":31}},"3":{"start":{"line":28,"column":8},"end":{"line":28,"column":18}},"4":{"start":{"line":32,"column":8},"end":{"line":32,"column":96}},"5":{"start":{"line":36,"column":8},"end":{"line":36,"column":49}},"6":{"start":{"line":40,"column":8},"end":{"line":40,"column":1331}},"7":{"start":{"line":45,"column":8},"end":{"line":45,"column":53}},"8":{"start":{"line":46,"column":8},"end":{"line":46,"column":44}},"9":{"start":{"line":48,"column":8},"end":{"line":48,"column":75}}},"branchMap":{"1":{"line":40,"type":"if","locations":[{"start":{"line":40,"column":8},"end":{"line":40,"column":8}},{"start":{"line":40,"column":8},"end":{"line":40,"column":8}}]}}},
"contracts/@openzeppelin/contracts/governance/extensions/IGovernorTimelock.sol":{"l":{},"path":"/Users/akhoshrozeh/Projects/botchainHS/contracts/@openzeppelin/contracts/governance/extensions/IGovernorTimelock.sol","s":{},"b":{},"f":{},"fnMap":{},"statementMap":{},"branchMap":{}},
"contracts/@openzeppelin/contracts/governance/Governor.sol":{"l":{"48":0,"49":0,"56":0,"63":0,"70":0,"77":0,"84":0,"106":0,"113":0,"115":0,"116":0,"118":0,"120":0,"122":0,"124":0,"129":0,"137":0,"144":0,"151":0,"185":0,"190":0,"192":0,"193":0,"194":0,"196":0,"197":0,"199":0,"200":0,"202":0,"203":0,"205":0,"217":0,"229":0,"231":0,"232":0,"236":0,"238":0,"240":0,"242":0,"255":0,"256":0,"257":0,"258":0,"274":0,"275":0,"277":0,"281":0,"283":0,"285":0,"292":0,"293":0,"304":0,"305":0,"318":0,"324":0,"339":0,"340":0,"342":0,"343":0,"345":0,"347":0,"355":0},"path":"/Users/akhoshrozeh/Projects/botchainHS/contracts/@openzeppelin/contracts/governance/Governor.sol","s":{"1":0,"2":0,"3":0,"4":0,"5":0,"6":0,"7":0,"8":0,"9":0,"10":0,"11":0,"12":0,"13":0,"14":0,"15":0,"16":0,"17":0,"18":0,"19":0,"20":0,"21":0,"22":0,"23":0,"24":0,"25":0,"26":0,"27":0,"28":0,"29":0,"30":0,"31":0,"32":0,"33":0,"34":0,"35":0,"36":0,"37":0,"38":0,"39":0,"40":0,"41":0,"42":0,"43":0,"44":0,"45":0,"46":0,"47":0,"48":0,"49":0,"50":0,"51":0,"52":0,"53":0,"54":0,"55":0,"56":0,"57":0,"58":0,"59":0,"60":0,"61":0,"62":0,"63":0,"64":0},"b":{"1":[0,0],"2":[0,0],"3":[0,0],"4":[0,0],"5":[0,0],"6":[0,0],"7":[0,0],"8":[0,0],"9":[0,0],"10":[0,0],"11":[0,0],"12":[0,0],"13":[0,0],"14":[0,0],"15":[0,0]},"f":{"1":0,"2":0,"3":0,"4":0,"5":0,"6":0,"7":0,"8":0,"9":0,"10":0,"11":0,"12":0,"13":0,"14":0,"15":0,"16":0,"17":0,"18":0,"19":0},"fnMap":{"1":{"name":"onlyGovernance","line":47,"loc":{"start":{"line":47,"column":4},"end":{"line":50,"column":4}}},"2":{"name":"constructor","line":55,"loc":{"start":{"line":55,"column":4},"end":{"line":57,"column":4}}},"3":{"name":"supportsInterface","line":69,"loc":{"start":{"line":69,"column":4},"end":{"line":71,"column":4}}},"4":{"name":"name","line":76,"loc":{"start":{"line":76,"column":4},"end":{"line":78,"column":4}}},"5":{"name":"version","line":83,"loc":{"start":{"line":83,"column":4},"end":{"line":85,"column":4}}},"6":{"name":"hashProposal","line":100,"loc":{"start":{"line":100,"column":4},"end":{"line":107,"column":4}}},"7":{"name":"state","line":112,"loc":{"start":{"line":112,"column":4},"end":{"line":131,"column":4}}},"8":{"name":"proposalSnapshot","line":136,"loc":{"start":{"line":136,"column":4},"end":{"line":138,"column":4}}},"9":{"name":"proposalDeadline","line":143,"loc":{"start":{"line":143,"column":4},"end":{"line":145,"column":4}}},"10":{"name":"proposalThreshold","line":150,"loc":{"start":{"line":150,"column":4},"end":{"line":152,"column":4}}},"11":{"name":"propose","line":179,"loc":{"start":{"line":179,"column":4},"end":{"line":218,"column":4}}},"12":{"name":"execute","line":223,"loc":{"start":{"line":223,"column":4},"end":{"line":243,"column":4}}},"13":{"name":"_execute","line":248,"loc":{"start":{"line":248,"column":4},"end":{"line":260,"column":4}}},"14":{"name":"_cancel","line":268,"loc":{"start":{"line":268,"column":4},"end":{"line":286,"column":4}}},"15":{"name":"castVote","line":291,"loc":{"start":{"line":291,"column":4},"end":{"line":294,"column":4}}},"16":{"name":"castVoteWithReason","line":299,"loc":{"start":{"line":299,"column":4},"end":{"line":306,"column":4}}},"17":{"name":"castVoteBySig","line":311,"loc":{"start":{"line":311,"column":4},"end":{"line":325,"column":4}}},"18":{"name":"_castVote","line":333,"loc":{"start":{"line":333,"column":4},"end":{"line":348,"column":4}}},"19":{"name":"_executor","line":354,"loc":{"start":{"line":354,"column":4},"end":{"line":356,"column":4}}}},"statementMap":{"1":{"start":{"line":48,"column":8},"end":{"line":48,"column":71}},"2":{"start":{"line":56,"column":8},"end":{"line":56,"column":20}},"3":{"start":{"line":70,"column":8},"end":{"line":70,"column":97}},"4":{"start":{"line":77,"column":8},"end":{"line":77,"column":20}},"5":{"start":{"line":84,"column":8},"end":{"line":84,"column":18}},"6":{"start":{"line":106,"column":8},"end":{"line":106,"column":90}},"7":{"start":{"line":113,"column":8},"end":{"line":113,"column":61}},"8":{"start":{"line":115,"column":8},"end":{"line":115,"column":4118}},"9":{"start":{"line":116,"column":12},"end":{"line":116,"column":41}},"10":{"start":{"line":117,"column":15},"end":{"line":117,"column":4201}},"11":{"start":{"line":118,"column":12},"end":{"line":118,"column":41}},"12":{"start":{"line":119,"column":15},"end":{"line":119,"column":4284}},"13":{"start":{"line":120,"column":12},"end":{"line":120,"column":40}},"14":{"start":{"line":121,"column":15},"end":{"line":121,"column":4397}},"15":{"start":{"line":122,"column":12},"end":{"line":122,"column":39}},"16":{"start":{"line":123,"column":15},"end":{"line":123,"column":4507}},"17":{"start":{"line":124,"column":12},"end":{"line":124,"column":4591}},"18":{"start":{"line":129,"column":12},"end":{"line":129,"column":50}},"19":{"start":{"line":137,"column":8},"end":{"line":137,"column":61}},"20":{"start":{"line":144,"column":8},"end":{"line":144,"column":59}},"21":{"start":{"line":151,"column":8},"end":{"line":151,"column":16}},"22":{"start":{"line":185,"column":8},"end":{"line":185,"column":6448}},"23":{"start":{"line":190,"column":8},"end":{"line":190,"column":100}},"24":{"start":{"line":192,"column":8},"end":{"line":192,"column":84}},"25":{"start":{"line":193,"column":8},"end":{"line":193,"column":87}},"26":{"start":{"line":194,"column":8},"end":{"line":194,"column":62}},"27":{"start":{"line":196,"column":8},"end":{"line":196,"column":62}},"28":{"start":{"line":197,"column":8},"end":{"line":197,"column":81}},"29":{"start":{"line":199,"column":8},"end":{"line":199,"column":76}},"30":{"start":{"line":200,"column":8},"end":{"line":200,"column":62}},"31":{"start":{"line":202,"column":8},"end":{"line":202,"column":47}},"32":{"start":{"line":203,"column":8},"end":{"line":203,"column":45}},"33":{"start":{"line":205,"column":8},"end":{"line":205,"column":7372}},"34":{"start":{"line":217,"column":8},"end":{"line":217,"column":25}},"35":{"start":{"line":229,"column":8},"end":{"line":229,"column":86}},"36":{"start":{"line":231,"column":8},"end":{"line":231,"column":48}},"37":{"start":{"line":232,"column":8},"end":{"line":232,"column":8076}},"38":{"start":{"line":236,"column":8},"end":{"line":236,"column":45}},"39":{"start":{"line":238,"column":8},"end":{"line":238,"column":41}},"40":{"start":{"line":240,"column":8},"end":{"line":240,"column":72}},"41":{"start":{"line":242,"column":8},"end":{"line":242,"column":25}},"42":{"start":{"line":255,"column":8},"end":{"line":255,"column":78}},"43":{"start":{"line":256,"column":8},"end":{"line":256,"column":8853}},"44":{"start":{"line":257,"column":12},"end":{"line":257,"column":101}},"45":{"start":{"line":258,"column":12},"end":{"line":258,"column":70}},"46":{"start":{"line":274,"column":8},"end":{"line":274,"column":86}},"47":{"start":{"line":275,"column":8},"end":{"line":275,"column":48}},"48":{"start":{"line":277,"column":8},"end":{"line":277,"column":9699}},"49":{"start":{"line":281,"column":8},"end":{"line":281,"column":45}},"50":{"start":{"line":283,"column":8},"end":{"line":283,"column":41}},"51":{"start":{"line":285,"column":8},"end":{"line":285,"column":25}},"52":{"start":{"line":292,"column":8},"end":{"line":292,"column":36}},"53":{"start":{"line":293,"column":8},"end":{"line":293,"column":56}},"54":{"start":{"line":304,"column":8},"end":{"line":304,"column":36}},"55":{"start":{"line":305,"column":8},"end":{"line":305,"column":60}},"56":{"start":{"line":318,"column":8},"end":{"line":318,"column":10852}},"57":{"start":{"line":324,"column":8},"end":{"line":324,"column":56}},"58":{"start":{"line":339,"column":8},"end":{"line":339,"column":62}},"59":{"start":{"line":340,"column":8},"end":{"line":340,"column":96}},"60":{"start":{"line":342,"column":8},"end":{"line":342,"column":76}},"61":{"start":{"line":343,"column":8},"end":{"line":343,"column":55}},"62":{"start":{"line":345,"column":8},"end":{"line":345,"column":67}},"63":{"start":{"line":347,"column":8},"end":{"line":347,"column":21}},"64":{"start":{"line":355,"column":8},"end":{"line":355,"column":28}}},"branchMap":{"1":{"line":48,"type":"if","locations":[{"start":{"line":48,"column":8},"end":{"line":48,"column":8}},{"start":{"line":48,"column":8},"end":{"line":48,"column":8}}]},"2":{"line":63,"type":"if","locations":[{"start":{"line":63,"column":8},"end":{"line":63,"column":8}},{"start":{"line":63,"column":8},"end":{"line":63,"column":8}}]},"3":{"line":115,"type":"if","locations":[{"start":{"line":115,"column":8},"end":{"line":115,"column":8}},{"start":{"line":115,"column":8},"end":{"line":115,"column":8}}]},"4":{"line":117,"type":"if","locations":[{"start":{"line":117,"column":15},"end":{"line":117,"column":15}},{"start":{"line":117,"column":15},"end":{"line":117,"column":15}}]},"5":{"line":119,"type":"if","locations":[{"start":{"line":119,"column":15},"end":{"line":119,"column":15}},{"start":{"line":119,"column":15},"end":{"line":119,"column":15}}]},"6":{"line":121,"type":"if","locations":[{"start":{"line":121,"column":15},"end":{"line":121,"column":15}},{"start":{"line":121,"column":15},"end":{"line":121,"column":15}}]},"7":{"line":123,"type":"if","locations":[{"start":{"line":123,"column":15},"end":{"line":123,"column":15}},{"start":{"line":123,"column":15},"end":{"line":123,"column":15}}]},"8":{"line":185,"type":"if","locations":[{"start":{"line":185,"column":8},"end":{"line":185,"column":8}},{"start":{"line":185,"column":8},"end":{"line":185,"column":8}}]},"9":{"line":192,"type":"if","locations":[{"start":{"line":192,"column":8},"end":{"line":192,"column":8}},{"start":{"line":192,"column":8},"end":{"line":192,"column":8}}]},"10":{"line":193,"type":"if","locations":[{"start":{"line":193,"column":8},"end":{"line":193,"column":8}},{"start":{"line":193,"column":8},"end":{"line":193,"column":8}}]},"11":{"line":194,"type":"if","locations":[{"start":{"line":194,"column":8},"end":{"line":194,"column":8}},{"start":{"line":194,"column":8},"end":{"line":194,"column":8}}]},"12":{"line":197,"type":"if","locations":[{"start":{"line":197,"column":8},"end":{"line":197,"column":8}},{"start":{"line":197,"column":8},"end":{"line":197,"column":8}}]},"13":{"line":232,"type":"if","locations":[{"start":{"line":232,"column":8},"end":{"line":232,"column":8}},{"start":{"line":232,"column":8},"end":{"line":232,"column":8}}]},"14":{"line":277,"type":"if","locations":[{"start":{"line":277,"column":8},"end":{"line":277,"column":8}},{"start":{"line":277,"column":8},"end":{"line":277,"column":8}}]},"15":{"line":340,"type":"if","locations":[{"start":{"line":340,"column":8},"end":{"line":340,"column":8}},{"start":{"line":340,"column":8},"end":{"line":340,"column":8}}]}}},
"contracts/@openzeppelin/contracts/governance/IGovernor.sol":{"l":{},"path":"/Users/akhoshrozeh/Projects/botchainHS/contracts/@openzeppelin/contracts/governance/IGovernor.sol","s":{},"b":{},"f":{},"fnMap":{},"statementMap":{},"branchMap":{}},
"contracts/@openzeppelin/contracts/governance/TimelockController.sol":{"l":{"68":0,"69":0,"70":0,"73":0,"74":0,"77":0,"78":0,"82":0,"83":0,"86":0,"87":0,"97":0,"98":0,"100":0,"113":0,"120":0,"127":0,"128":0,"135":0,"143":0,"152":0,"166":0,"180":0,"200":0,"201":0,"202":0,"222":0,"223":0,"225":0,"226":0,"227":0,"228":0,"236":0,"237":0,"238":0,"249":0,"250":0,"252":0,"271":0,"272":0,"273":0,"274":0,"293":0,"294":0,"296":0,"297":0,"298":0,"299":0,"301":0,"308":0,"309":0,"316":0,"317":0,"332":0,"333":0,"335":0,"349":0,"350":0,"351":0},"path":"/Users/akhoshrozeh/Projects/botchainHS/contracts/@openzeppelin/contracts/governance/TimelockController.sol","s":{"1":0,"2":0,"3":0,"4":0,"5":0,"6":0,"7":0,"8":0,"9":0,"10":0,"11":0,"12":0,"13":0,"14":0,"15":0,"16":0,"17":0,"18":0,"19":0,"20":0,"21":0,"22":0,"23":0,"24":0,"25":0,"26":0,"27":0,"28":0,"29":0,"30":0,"31":0,"32":0,"33":0,"34":0,"35":0,"36":0,"37":0,"38":0,"39":0,"40":0,"41":0,"42":0,"43":0,"44":0,"45":0,"46":0,"47":0,"48":0,"49":0,"50":0,"51":0,"52":0,"53":0,"54":0,"55":0,"56":0,"57":0},"b":{"1":[0,0],"2":[0,0],"3":[0,0],"4":[0,0],"5":[0,0],"6":[0,0],"7":[0,0],"8":[0,0],"9":[0,0],"10":[0,0],"11":[0,0],"12":[0,0],"13":[0,0]},"f":{"1":0,"2":0,"3":0,"4":0,"5":0,"6":0,"7":0,"8":0,"9":0,"10":0,"11":0,"12":0,"13":0,"14":0,"15":0,"16":0,"17":0,"18":0,"19":0,"20":0},"fnMap":{"1":{"name":"constructor","line":63,"loc":{"start":{"line":63,"column":4},"end":{"line":88,"column":4}}},"2":{"name":"onlyRoleOrOpenRole","line":96,"loc":{"start":{"line":96,"column":4},"end":{"line":101,"column":4}}},"3":{"name":"isOperation","line":112,"loc":{"start":{"line":112,"column":4},"end":{"line":114,"column":4}}},"4":{"name":"isOperationPending","line":119,"loc":{"start":{"line":119,"column":4},"end":{"line":121,"column":4}}},"5":{"name":"isOperationReady","line":126,"loc":{"start":{"line":126,"column":4},"end":{"line":129,"column":4}}},"6":{"name":"isOperationDone","line":134,"loc":{"start":{"line":134,"column":4},"end":{"line":136,"column":4}}},"7":{"name":"getTimestamp","line":142,"loc":{"start":{"line":142,"column":4},"end":{"line":144,"column":4}}},"8":{"name":"getMinDelay","line":151,"loc":{"start":{"line":151,"column":4},"end":{"line":153,"column":4}}},"9":{"name":"hashOperation","line":159,"loc":{"start":{"line":159,"column":4},"end":{"line":167,"column":4}}},"10":{"name":"hashOperationBatch","line":173,"loc":{"start":{"line":173,"column":4},"end":{"line":181,"column":4}}},"11":{"name":"schedule","line":199,"loc":{"start":{"line":192,"column":4},"end":{"line":203,"column":4}}},"12":{"name":"scheduleBatch","line":221,"loc":{"start":{"line":214,"column":4},"end":{"line":230,"column":4}}},"13":{"name":"_schedule","line":235,"loc":{"start":{"line":235,"column":4},"end":{"line":239,"column":4}}},"14":{"name":"cancel","line":248,"loc":{"start":{"line":248,"column":4},"end":{"line":253,"column":4}}},"15":{"name":"execute","line":270,"loc":{"start":{"line":264,"column":4},"end":{"line":275,"column":4}}},"16":{"name":"executeBatch","line":292,"loc":{"start":{"line":286,"column":4},"end":{"line":302,"column":4}}},"17":{"name":"_beforeCall","line":307,"loc":{"start":{"line":307,"column":4},"end":{"line":310,"column":4}}},"18":{"name":"_afterCall","line":315,"loc":{"start":{"line":315,"column":4},"end":{"line":318,"column":4}}},"19":{"name":"_call","line":325,"loc":{"start":{"line":325,"column":4},"end":{"line":336,"column":4}}},"20":{"name":"updateDelay","line":348,"loc":{"start":{"line":348,"column":4},"end":{"line":352,"column":4}}}},"statementMap":{"1":{"start":{"line":68,"column":8},"end":{"line":68,"column":62}},"2":{"start":{"line":69,"column":8},"end":{"line":69,"column":56}},"3":{"start":{"line":70,"column":8},"end":{"line":70,"column":56}},"4":{"start":{"line":73,"column":8},"end":{"line":73,"column":52}},"5":{"start":{"line":74,"column":8},"end":{"line":74,"column":53}},"6":{"start":{"line":77,"column":8},"end":{"line":77,"column":2668}},"7":{"start":{"line":78,"column":12},"end":{"line":78,"column":50}},"8":{"start":{"line":82,"column":8},"end":{"line":82,"column":2819}},"9":{"start":{"line":83,"column":12},"end":{"line":83,"column":50}},"10":{"start":{"line":86,"column":8},"end":{"line":86,"column":27}},"11":{"start":{"line":87,"column":8},"end":{"line":87,"column":40}},"12":{"start":{"line":97,"column":8},"end":{"line":97,"column":3343}},"13":{"start":{"line":98,"column":12},"end":{"line":98,"column":41}},"14":{"start":{"line":113,"column":8},"end":{"line":113,"column":35}},"15":{"start":{"line":120,"column":8},"end":{"line":120,"column":49}},"16":{"start":{"line":127,"column":8},"end":{"line":127,"column":44}},"17":{"start":{"line":128,"column":8},"end":{"line":128,"column":74}},"18":{"start":{"line":135,"column":8},"end":{"line":135,"column":50}},"19":{"start":{"line":143,"column":8},"end":{"line":143,"column":30}},"20":{"start":{"line":152,"column":8},"end":{"line":152,"column":24}},"21":{"start":{"line":166,"column":8},"end":{"line":166,"column":76}},"22":{"start":{"line":180,"column":8},"end":{"line":180,"column":79}},"23":{"start":{"line":200,"column":8},"end":{"line":200,"column":74}},"24":{"start":{"line":201,"column":8},"end":{"line":201,"column":27}},"25":{"start":{"line":202,"column":8},"end":{"line":202,"column":74}},"26":{"start":{"line":222,"column":8},"end":{"line":222,"column":86}},"27":{"start":{"line":223,"column":8},"end":{"line":223,"column":85}},"28":{"start":{"line":225,"column":8},"end":{"line":225,"column":82}},"29":{"start":{"line":226,"column":8},"end":{"line":226,"column":27}},"30":{"start":{"line":227,"column":8},"end":{"line":227,"column":7392}},"31":{"start":{"line":228,"column":12},"end":{"line":228,"column":90}},"32":{"start":{"line":236,"column":8},"end":{"line":236,"column":83}},"33":{"start":{"line":237,"column":8},"end":{"line":237,"column":80}},"34":{"start":{"line":238,"column":8},"end":{"line":238,"column":48}},"35":{"start":{"line":249,"column":8},"end":{"line":249,"column":91}},"36":{"start":{"line":252,"column":8},"end":{"line":252,"column":26}},"37":{"start":{"line":271,"column":8},"end":{"line":271,"column":74}},"38":{"start":{"line":272,"column":8},"end":{"line":272,"column":35}},"39":{"start":{"line":273,"column":8},"end":{"line":273,"column":40}},"40":{"start":{"line":274,"column":8},"end":{"line":274,"column":21}},"41":{"start":{"line":293,"column":8},"end":{"line":293,"column":86}},"42":{"start":{"line":294,"column":8},"end":{"line":294,"column":85}},"43":{"start":{"line":296,"column":8},"end":{"line":296,"column":82}},"44":{"start":{"line":297,"column":8},"end":{"line":297,"column":35}},"45":{"start":{"line":298,"column":8},"end":{"line":298,"column":9729}},"46":{"start":{"line":299,"column":12},"end":{"line":299,"column":56}},"47":{"start":{"line":301,"column":8},"end":{"line":301,"column":21}},"48":{"start":{"line":308,"column":8},"end":{"line":308,"column":82}},"49":{"start":{"line":309,"column":8},"end":{"line":309,"column":115}},"50":{"start":{"line":316,"column":8},"end":{"line":316,"column":82}},"51":{"start":{"line":317,"column":8},"end":{"line":317,"column":40}},"52":{"start":{"line":332,"column":8},"end":{"line":332,"column":58}},"53":{"start":{"line":333,"column":8},"end":{"line":333,"column":78}},"54":{"start":{"line":335,"column":8},"end":{"line":335,"column":57}},"55":{"start":{"line":349,"column":8},"end":{"line":349,"column":90}},"56":{"start":{"line":350,"column":8},"end":{"line":350,"column":48}},"57":{"start":{"line":351,"column":8},"end":{"line":351,"column":27}}},"branchMap":{"1":{"line":97,"type":"if","locations":[{"start":{"line":97,"column":8},"end":{"line":97,"column":8}},{"start":{"line":97,"column":8},"end":{"line":97,"column":8}}]},"2":{"line":222,"type":"if","locations":[{"start":{"line":222,"column":8},"end":{"line":222,"column":8}},{"start":{"line":222,"column":8},"end":{"line":222,"column":8}}]},"3":{"line":223,"type":"if","locations":[{"start":{"line":223,"column":8},"end":{"line":223,"column":8}},{"start":{"line":223,"column":8},"end":{"line":223,"column":8}}]},"4":{"line":236,"type":"if","locations":[{"start":{"line":236,"column":8},"end":{"line":236,"column":8}},{"start":{"line":236,"column":8},"end":{"line":236,"column":8}}]},"5":{"line":237,"type":"if","locations":[{"start":{"line":237,"column":8},"end":{"line":237,"column":8}},{"start":{"line":237,"column":8},"end":{"line":237,"column":8}}]},"6":{"line":249,"type":"if","locations":[{"start":{"line":249,"column":8},"end":{"line":249,"column":8}},{"start":{"line":249,"column":8},"end":{"line":249,"column":8}}]},"7":{"line":293,"type":"if","locations":[{"start":{"line":293,"column":8},"end":{"line":293,"column":8}},{"start":{"line":293,"column":8},"end":{"line":293,"column":8}}]},"8":{"line":294,"type":"if","locations":[{"start":{"line":294,"column":8},"end":{"line":294,"column":8}},{"start":{"line":294,"column":8},"end":{"line":294,"column":8}}]},"9":{"line":308,"type":"if","locations":[{"start":{"line":308,"column":8},"end":{"line":308,"column":8}},{"start":{"line":308,"column":8},"end":{"line":308,"column":8}}]},"10":{"line":309,"type":"if","locations":[{"start":{"line":309,"column":8},"end":{"line":309,"column":8}},{"start":{"line":309,"column":8},"end":{"line":309,"column":8}}]},"11":{"line":316,"type":"if","locations":[{"start":{"line":316,"column":8},"end":{"line":316,"column":8}},{"start":{"line":316,"column":8},"end":{"line":316,"column":8}}]},"12":{"line":333,"type":"if","locations":[{"start":{"line":333,"column":8},"end":{"line":333,"column":8}},{"start":{"line":333,"column":8},"end":{"line":333,"column":8}}]},"13":{"line":349,"type":"if","locations":[{"start":{"line":349,"column":8},"end":{"line":349,"column":8}},{"start":{"line":349,"column":8},"end":{"line":349,"column":8}}]}}},
"contracts/@openzeppelin/contracts/interfaces/draft-IERC2612.sol":{"l":{},"path":"/Users/akhoshrozeh/Projects/botchainHS/contracts/@openzeppelin/contracts/interfaces/draft-IERC2612.sol","s":{},"b":{},"f":{},"fnMap":{},"statementMap":{},"branchMap":{}},
"contracts/@openzeppelin/contracts/interfaces/IERC1155.sol":{"l":{},"path":"/Users/akhoshrozeh/Projects/botchainHS/contracts/@openzeppelin/contracts/interfaces/IERC1155.sol","s":{},"b":{},"f":{},"fnMap":{},"statementMap":{},"branchMap":{}},
"contracts/@openzeppelin/contracts/interfaces/IERC1155MetadataURI.sol":{"l":{},"path":"/Users/akhoshrozeh/Projects/botchainHS/contracts/@openzeppelin/contracts/interfaces/IERC1155MetadataURI.sol","s":{},"b":{},"f":{},"fnMap":{},"statementMap":{},"branchMap":{}},
"contracts/@openzeppelin/contracts/interfaces/IERC1155Receiver.sol":{"l":{},"path":"/Users/akhoshrozeh/Projects/botchainHS/contracts/@openzeppelin/contracts/interfaces/IERC1155Receiver.sol","s":{},"b":{},"f":{},"fnMap":{},"statementMap":{},"branchMap":{}},
"contracts/@openzeppelin/contracts/interfaces/IERC1271.sol":{"l":{},"path":"/Users/akhoshrozeh/Projects/botchainHS/contracts/@openzeppelin/contracts/interfaces/IERC1271.sol","s":{},"b":{},"f":{},"fnMap":{},"statementMap":{},"branchMap":{}},
"contracts/@openzeppelin/contracts/interfaces/IERC1363.sol":{"l":{},"path":"/Users/akhoshrozeh/Projects/botchainHS/contracts/@openzeppelin/contracts/interfaces/IERC1363.sol","s":{},"b":{},"f":{},"fnMap":{},"statementMap":{},"branchMap":{}},
"contracts/@openzeppelin/contracts/interfaces/IERC1363Receiver.sol":{"l":{},"path":"/Users/akhoshrozeh/Projects/botchainHS/contracts/@openzeppelin/contracts/interfaces/IERC1363Receiver.sol","s":{},"b":{},"f":{},"fnMap":{},"statementMap":{},"branchMap":{}},
"contracts/@openzeppelin/contracts/interfaces/IERC1363Spender.sol":{"l":{},"path":"/Users/akhoshrozeh/Projects/botchainHS/contracts/@openzeppelin/contracts/interfaces/IERC1363Spender.sol","s":{},"b":{},"f":{},"fnMap":{},"statementMap":{},"branchMap":{}},
"contracts/@openzeppelin/contracts/interfaces/IERC165.sol":{"l":{},"path":"/Users/akhoshrozeh/Projects/botchainHS/contracts/@openzeppelin/contracts/interfaces/IERC165.sol","s":{},"b":{},"f":{},"fnMap":{},"statementMap":{},"branchMap":{}},
"contracts/@openzeppelin/contracts/interfaces/IERC1820Implementer.sol":{"l":{},"path":"/Users/akhoshrozeh/Projects/botchainHS/contracts/@openzeppelin/contracts/interfaces/IERC1820Implementer.sol","s":{},"b":{},"f":{},"fnMap":{},"statementMap":{},"branchMap":{}},
"contracts/@openzeppelin/contracts/interfaces/IERC1820Registry.sol":{"l":{},"path":"/Users/akhoshrozeh/Projects/botchainHS/contracts/@openzeppelin/contracts/interfaces/IERC1820Registry.sol","s":{},"b":{},"f":{},"fnMap":{},"statementMap":{},"branchMap":{}},
"contracts/@openzeppelin/contracts/interfaces/IERC20.sol":{"l":{},"path":"/Users/akhoshrozeh/Projects/botchainHS/contracts/@openzeppelin/contracts/interfaces/IERC20.sol","s":{},"b":{},"f":{},"fnMap":{},"statementMap":{},"branchMap":{}},
"contracts/@openzeppelin/contracts/interfaces/IERC20Metadata.sol":{"l":{},"path":"/Users/akhoshrozeh/Projects/botchainHS/contracts/@openzeppelin/contracts/interfaces/IERC20Metadata.sol","s":{},"b":{},"f":{},"fnMap":{},"statementMap":{},"branchMap":{}},
"contracts/@openzeppelin/contracts/interfaces/IERC2981.sol":{"l":{},"path":"/Users/akhoshrozeh/Projects/botchainHS/contracts/@openzeppelin/contracts/interfaces/IERC2981.sol","s":{},"b":{},"f":{},"fnMap":{},"statementMap":{},"branchMap":{}},
"contracts/@openzeppelin/contracts/interfaces/IERC3156.sol":{"l":{},"path":"/Users/akhoshrozeh/Projects/botchainHS/contracts/@openzeppelin/contracts/interfaces/IERC3156.sol","s":{},"b":{},"f":{},"fnMap":{},"statementMap":{},"branchMap":{}},
"contracts/@openzeppelin/contracts/interfaces/IERC3156FlashBorrower.sol":{"l":{},"path":"/Users/akhoshrozeh/Projects/botchainHS/contracts/@openzeppelin/contracts/interfaces/IERC3156FlashBorrower.sol","s":{},"b":{},"f":{},"fnMap":{},"statementMap":{},"branchMap":{}},
"contracts/@openzeppelin/contracts/interfaces/IERC3156FlashLender.sol":{"l":{},"path":"/Users/akhoshrozeh/Projects/botchainHS/contracts/@openzeppelin/contracts/interfaces/IERC3156FlashLender.sol","s":{},"b":{},"f":{},"fnMap":{},"statementMap":{},"branchMap":{}},
"contracts/@openzeppelin/contracts/interfaces/IERC721.sol":{"l":{},"path":"/Users/akhoshrozeh/Projects/botchainHS/contracts/@openzeppelin/contracts/interfaces/IERC721.sol","s":{},"b":{},"f":{},"fnMap":{},"statementMap":{},"branchMap":{}},
"contracts/@openzeppelin/contracts/interfaces/IERC721Enumerable.sol":{"l":{},"path":"/Users/akhoshrozeh/Projects/botchainHS/contracts/@openzeppelin/contracts/interfaces/IERC721Enumerable.sol","s":{},"b":{},"f":{},"fnMap":{},"statementMap":{},"branchMap":{}},
"contracts/@openzeppelin/contracts/interfaces/IERC721Metadata.sol":{"l":{},"path":"/Users/akhoshrozeh/Projects/botchainHS/contracts/@openzeppelin/contracts/interfaces/IERC721Metadata.sol","s":{},"b":{},"f":{},"fnMap":{},"statementMap":{},"branchMap":{}},
"contracts/@openzeppelin/contracts/interfaces/IERC721Receiver.sol":{"l":{},"path":"/Users/akhoshrozeh/Projects/botchainHS/contracts/@openzeppelin/contracts/interfaces/IERC721Receiver.sol","s":{},"b":{},"f":{},"fnMap":{},"statementMap":{},"branchMap":{}},
"contracts/@openzeppelin/contracts/interfaces/IERC777.sol":{"l":{},"path":"/Users/akhoshrozeh/Projects/botchainHS/contracts/@openzeppelin/contracts/interfaces/IERC777.sol","s":{},"b":{},"f":{},"fnMap":{},"statementMap":{},"branchMap":{}},
"contracts/@openzeppelin/contracts/interfaces/IERC777Recipient.sol":{"l":{},"path":"/Users/akhoshrozeh/Projects/botchainHS/contracts/@openzeppelin/contracts/interfaces/IERC777Recipient.sol","s":{},"b":{},"f":{},"fnMap":{},"statementMap":{},"branchMap":{}},
"contracts/@openzeppelin/contracts/interfaces/IERC777Sender.sol":{"l":{},"path":"/Users/akhoshrozeh/Projects/botchainHS/contracts/@openzeppelin/contracts/interfaces/IERC777Sender.sol","s":{},"b":{},"f":{},"fnMap":{},"statementMap":{},"branchMap":{}},
"contracts/@openzeppelin/contracts/metatx/ERC2771Context.sol":{"l":{"15":0,"19":0,"23":0,"25":0,"29":0,"34":0,"35":0,"37":0},"path":"/Users/akhoshrozeh/Projects/botchainHS/contracts/@openzeppelin/contracts/metatx/ERC2771Context.sol","s":{"1":0,"2":0,"3":0,"4":0,"5":0,"6":0,"7":0},"b":{"1":[0,0],"2":[0,0]},"f":{"1":0,"2":0,"3":0,"4":0},"fnMap":{"1":{"name":"constructor","line":14,"loc":{"start":{"line":14,"column":4},"end":{"line":16,"column":4}}},"2":{"name":"isTrustedForwarder","line":18,"loc":{"start":{"line":18,"column":4},"end":{"line":20,"column":4}}},"3":{"name":"_msgSender","line":22,"loc":{"start":{"line":22,"column":4},"end":{"line":31,"column":4}}},"4":{"name":"_msgData","line":33,"loc":{"start":{"line":33,"column":4},"end":{"line":39,"column":4}}}},"statementMap":{"1":{"start":{"line":15,"column":8},"end":{"line":15,"column":43}},"2":{"start":{"line":19,"column":8},"end":{"line":19,"column":45}},"3":{"start":{"line":23,"column":8},"end":{"line":23,"column":631}},"4":{"start":{"line":29,"column":12},"end":{"line":29,"column":37}},"5":{"start":{"line":34,"column":8},"end":{"line":34,"column":1036}},"6":{"start":{"line":35,"column":12},"end":{"line":35,"column":50}},"7":{"start":{"line":37,"column":12},"end":{"line":37,"column":35}}},"branchMap":{"1":{"line":23,"type":"if","locations":[{"start":{"line":23,"column":8},"end":{"line":23,"column":8}},{"start":{"line":23,"column":8},"end":{"line":23,"column":8}}]},"2":{"line":34,"type":"if","locations":[{"start":{"line":34,"column":8},"end":{"line":34,"column":8}},{"start":{"line":34,"column":8},"end":{"line":34,"column":8}}]}}},
"contracts/@openzeppelin/contracts/metatx/MinimalForwarder.sol":{"l":{"32":0,"36":0,"39":0,"47":0,"48":0,"50":0,"55":0,"57":0},"path":"/Users/akhoshrozeh/Projects/botchainHS/contracts/@openzeppelin/contracts/metatx/MinimalForwarder.sol","s":{"1":0,"2":0,"3":0,"4":0,"5":0,"6":0,"7":0,"8":0},"b":{"1":[0,0]},"f":{"1":0,"2":0,"3":0,"4":0},"fnMap":{"1":{"name":"constructor","line":29,"loc":{"start":{"line":29,"column":4},"end":{"line":29,"column":55}}},"2":{"name":"getNonce","line":31,"loc":{"start":{"line":31,"column":4},"end":{"line":33,"column":4}}},"3":{"name":"verify","line":35,"loc":{"start":{"line":35,"column":4},"end":{"line":40,"column":4}}},"4":{"name":"execute","line":42,"loc":{"start":{"line":42,"column":4},"end":{"line":58,"column":4}}}},"statementMap":{"1":{"start":{"line":32,"column":8},"end":{"line":32,"column":28}},"2":{"start":{"line":36,"column":8},"end":{"line":36,"column":1074}},"3":{"start":{"line":39,"column":8},"end":{"line":39,"column":67}},"4":{"start":{"line":47,"column":8},"end":{"line":47,"column":92}},"5":{"start":{"line":48,"column":8},"end":{"line":48,"column":40}},"6":{"start":{"line":50,"column":8},"end":{"line":50,"column":1608}},"7":{"start":{"line":55,"column":8},"end":{"line":55,"column":39}},"8":{"start":{"line":57,"column":8},"end":{"line":57,"column":36}}},"branchMap":{"1":{"line":47,"type":"if","locations":[{"start":{"line":47,"column":8},"end":{"line":47,"column":8}},{"start":{"line":47,"column":8},"end":{"line":47,"column":8}}]}}},
"contracts/@openzeppelin/contracts/proxy/beacon/BeaconProxy.sol":{"l":{"31":0,"32":0,"39":0,"46":0,"60":0},"path":"/Users/akhoshrozeh/Projects/botchainHS/contracts/@openzeppelin/contracts/proxy/beacon/BeaconProxy.sol","s":{"1":0,"2":0,"3":0,"4":0,"5":0},"b":{},"f":{"1":0,"2":0,"3":0,"4":0},"fnMap":{"1":{"name":"constructor","line":30,"loc":{"start":{"line":30,"column":4},"end":{"line":33,"column":4}}},"2":{"name":"_beacon","line":38,"loc":{"start":{"line":38,"column":4},"end":{"line":40,"column":4}}},"3":{"name":"_implementation","line":45,"loc":{"start":{"line":45,"column":4},"end":{"line":47,"column":4}}},"4":{"name":"_setBeacon","line":59,"loc":{"start":{"line":59,"column":4},"end":{"line":61,"column":4}}}},"statementMap":{"1":{"start":{"line":31,"column":8},"end":{"line":31,"column":86}},"2":{"start":{"line":32,"column":8},"end":{"line":32,"column":51}},"3":{"start":{"line":39,"column":8},"end":{"line":39,"column":27}},"4":{"start":{"line":46,"column":8},"end":{"line":46,"column":53}},"5":{"start":{"line":60,"column":8},"end":{"line":60,"column":51}}},"branchMap":{}},
"contracts/@openzeppelin/contracts/proxy/beacon/IBeacon.sol":{"l":{},"path":"/Users/akhoshrozeh/Projects/botchainHS/contracts/@openzeppelin/contracts/proxy/beacon/IBeacon.sol","s":{},"b":{},"f":{},"fnMap":{},"statementMap":{},"branchMap":{}},
[...]
ureDayStaking.sol":{"l":{"82":84,"83":84,"86":84,"87":84,"92":84,"93":84,"94":84,"95":84,"96":84,"97":84,"98":84,"99":84,"100":84,"101":84,"102":84,"103":84,"104":84,"107":84,"108":84,"109":84,"114":4,"115":3,"119":293,"120":293,"126":85,"127":85,"128":130,"131":85,"140":72,"141":72,"142":72,"145":72,"147":61,"150":61,"151":277,"152":277,"153":277,"157":277,"160":276,"161":276,"164":276,"165":276,"166":276,"168":276,"171":60,"176":72,"178":72,"179":72,"181":72,"187":10,"189":10,"190":100,"191":100,"192":100,"194":100,"196":100,"199":100,"201":100,"204":100,"205":100,"208":100,"210":100,"211":100,"215":100,"216":100,"218":100,"220":100,"222":100,"225":10,"231":211,"232":301,"233":301,"242":301,"244":301,"246":301,"247":301,"248":301,"251":301,"252":301,"255":136,"258":136,"259":136,"262":136,"264":136,"271":3,"272":3,"275":3,"278":3,"281":3,"283":3,"285":2,"293":130,"295":130,"298":130,"299":130,"301":130,"307":100,"308":300,"309":100,"313":0,"323":100,"326":100,"328":100,"335":0,"339":2,"340":2,"344":0,"345":0,"351":0,"353":0,"354":0,"355":0,"359":0,"361":0,"362":0,"369":0,"370":0,"371":0,"382":316,"383":316,"385":316,"386":522,"388":522,"390":522,"393":316,"398":36,"399":36,"403":22,"407":0,"411":0,"415":10,"419":0,"423":0,"427":0,"428":0},"path":"/Users/akhoshrozeh/Projects/botchainHS/contracts/PictureDayStaking.sol","s":{"1":84,"2":84,"3":84,"4":84,"5":84,"6":84,"7":84,"8":84,"9":84,"10":84,"11":84,"12":84,"13":84,"14":84,"15":84,"16":84,"17":84,"18":84,"19":84,"20":84,"21":4,"22":293,"23":85,"24":85,"25":130,"26":72,"27":72,"28":72,"29":72,"30":61,"31":61,"32":277,"33":277,"34":277,"35":277,"36":276,"37":276,"38":276,"39":276,"40":276,"41":276,"42":60,"43":72,"44":72,"45":72,"46":72,"47":10,"48":10,"49":100,"50":100,"51":100,"52":100,"53":100,"54":100,"55":100,"56":100,"57":100,"58":100,"59":100,"60":100,"61":100,"62":100,"63":100,"64":10,"65":211,"66":301,"67":301,"68":301,"69":301,"70":301,"71":301,"72":301,"73":301,"74":301,"75":136,"76":136,"77":136,"78":136,"79":136,"80":3,"81":3,"82":3,"83":3,"84":3,"85":3,"86":2,"87":130,"88":130,"89":130,"90":130,"91":130,"92":100,"93":300,"94":100,"95":0,"96":100,"97":100,"98":100,"99":0,"100":2,"101":2,"102":0,"103":0,"104":0,"105":0,"106":0,"107":0,"108":0,"109":0,"110":0,"111":0,"112":0,"113":0,"114":316,"115":316,"116":316,"117":522,"118":522,"119":522,"120":316,"121":36,"122":36,"123":22,"124":0,"125":0,"126":10,"127":0,"128":0,"129":0,"130":0},"b":{"1":[3,1],"2":[293,0],"3":[72,0],"4":[72,0],"5":[72,0],"6":[61,11],"7":[277,0],"8":[277,0],"9":[277,0],"10":[10,0],"11":[100,0],"12":[100,0],"13":[100,0],"14":[100,0],"15":[301,0],"16":[301,0],"17":[301,0],"18":[301,0],"19":[301,0],"20":[136,165],"21":[3,0],"22":[100,200],"23":[0,0],"24":[0,0],"25":[0,0],"26":[36,0],"27":[0,0]},"f":{"1":84,"2":4,"3":293,"4":85,"5":72,"6":72,"7":10,"8":211,"9":301,"10":3,"11":130,"12":100,"13":100,"14":0,"15":2,"16":0,"17":0,"18":0,"19":0,"20":316,"21":36,"22":22,"23":0,"24":0,"25":10,"26":0,"27":0,"28":0},"fnMap":{"1":{"name":"constructor","line":81,"loc":{"start":{"line":81,"column":4},"end":{"line":110,"column":4}}},"2":{"name":"mintingOn","line":113,"loc":{"start":{"line":113,"column":4},"end":{"line":116,"column":4}}},"3":{"name":"notPaused","line":118,"loc":{"start":{"line":118,"column":4},"end":{"line":121,"column":4}}},"4":{"name":"updateReward","line":125,"loc":{"start":{"line":125,"column":4},"end":{"line":132,"column":4}}},"5":{"name":"stake","line":139,"loc":{"start":{"line":139,"column":4},"end":{"line":173,"column":4}}},"6":{"name":"_verifySignature","line":175,"loc":{"start":{"line":175,"column":4},"end":{"line":182,"column":4}}},"7":{"name":"withdraw","line":186,"loc":{"start":{"line":186,"column":4},"end":{"line":226,"column":4}}},"8":{"name":"collectCommitmentBonuses","line":230,"loc":{"start":{"line":230,"column":4},"end":{"line":235,"column":4}}},"9":{"name":"_collectCommitmentBonus","line":241,"loc":{"start":{"line":241,"column":4},"end":{"line":266,"column":4}}},"10":{"name":"exchangeToBotz","line":270,"loc":{"start":{"line":270,"column":4},"end":{"line":286,"column":4}}},"11":{"name":"_earnedSince","line":292,"loc":{"start":{"line":292,"column":4},"end":{"line":302,"column":4}}},"12":{"name":"_getTokenIndex","line":306,"loc":{"start":{"line":306,"column":4},"end":{"line":314,"column":4}}},"13":{"name":"_collectCommitmentBonusFromWithdraw","line":319,"loc":{"start":{"line":319,"column":4},"end":{"line":329,"column":4}}},"14":{"name":"setRewardsToken","line":334,"loc":{"start":{"line":334,"column":4},"end":{"line":336,"column":4}}},"15":{"name":"flipMintingState","line":338,"loc":{"start":{"line":338,"column":4},"end":{"line":341,"column":4}}},"16":{"name":"flipPauseState","line":343,"loc":{"start":{"line":343,"column":4},"end":{"line":346,"column":4}}},"17":{"name":"adjustDailyRates","line":350,"loc":{"start":{"line":350,"column":4},"end":{"line":356,"column":4}}},"18":{"name":"adjustCommitmentBonuses","line":358,"loc":{"start":{"line":358,"column":4},"end":{"line":364,"column":4}}},"19":{"name":"emergencyTransfer","line":368,"loc":{"start":{"line":368,"column":4},"end":{"line":372,"column":4}}},"20":{"name":"totalEarned","line":381,"loc":{"start":{"line":381,"column":4},"end":{"line":394,"column":4}}},"21":{"name":"numStakedTokens","line":397,"loc":{"start":{"line":397,"column":4},"end":{"line":400,"column":4}}},"22":{"name":"tokensStaked","line":402,"loc":{"start":{"line":402,"column":4},"end":{"line":404,"column":4}}},"23":{"name":"totalStaked","line":406,"loc":{"start":{"line":406,"column":4},"end":{"line":408,"column":4}}},"24":{"name":"tokenToStake","line":410,"loc":{"start":{"line":410,"column":4},"end":{"line":412,"column":4}}},"25":{"name":"getRewards","line":414,"loc":{"start":{"line":414,"column":4},"end":{"line":416,"column":4}}},"26":{"name":"adjustedRewards","line":418,"loc":{"start":{"line":418,"column":4},"end":{"line":420,"column":4}}},"27":{"name":"tokenIsStaked","line":422,"loc":{"start":{"line":422,"column":4},"end":{"line":424,"column":4}}},"28":{"name":"tokenToOwner","line":426,"loc":{"start":{"line":426,"column":4},"end":{"line":429,"column":4}}}},"statementMap":{"1":{"start":{"line":82,"column":8},"end":{"line":82,"column":44}},"2":{"start":{"line":83,"column":8},"end":{"line":83,"column":45}},"3":{"start":{"line":86,"column":8},"end":{"line":86,"column":36}},"4":{"start":{"line":87,"column":8},"end":{"line":87,"column":44}},"5":{"start":{"line":92,"column":8},"end":{"line":92,"column":37}},"6":{"start":{"line":93,"column":8},"end":{"line":93,"column":37}},"7":{"start":{"line":94,"column":8},"end":{"line":94,"column":37}},"8":{"start":{"line":95,"column":8},"end":{"line":95,"column":37}},"9":{"start":{"line":96,"column":8},"end":{"line":96,"column":38}},"10":{"start":{"line":97,"column":8},"end":{"line":97,"column":38}},"11":{"start":{"line":98,"column":8},"end":{"line":98,"column":38}},"12":{"start":{"line":99,"column":8},"end":{"line":99,"column":38}},"13":{"start":{"line":100,"column":8},"end":{"line":100,"column":38}},"14":{"start":{"line":101,"column":8},"end":{"line":101,"column":38}},"15":{"start":{"line":102,"column":8},"end":{"line":102,"column":39}},"16":{"start":{"line":103,"column":8},"end":{"line":103,"column":40}},"17":{"start":{"line":104,"column":8},"end":{"line":104,"column":40}},"18":{"start":{"line":107,"column":8},"end":{"line":107,"column":44}},"19":{"start":{"line":108,"column":8},"end":{"line":108,"column":44}},"20":{"start":{"line":109,"column":8},"end":{"line":109,"column":44}},"21":{"start":{"line":114,"column":8},"end":{"line":114,"column":41}},"22":{"start":{"line":119,"column":8},"end":{"line":119,"column":36}},"23":{"start":{"line":126,"column":8},"end":{"line":126,"column":61}},"24":{"start":{"line":127,"column":8},"end":{"line":127,"column":4078}},"25":{"start":{"line":128,"column":12},"end":{"line":128,"column":55}},"26":{"start":{"line":140,"column":8},"end":{"line":140,"column":55}},"27":{"start":{"line":141,"column":8},"end":{"line":141,"column":67}},"28":{"start":{"line":142,"column":8},"end":{"line":142,"column":76}},"29":{"start":{"line":145,"column":8},"end":{"line":145,"column":84}},"30":{"start":{"line":147,"column":8},"end":{"line":147,"column":40}},"31":{"start":{"line":150,"column":8},"end":{"line":150,"column":5161}},"32":{"start":{"line":151,"column":12},"end":{"line":151,"column":82}},"33":{"start":{"line":152,"column":12},"end":{"line":152,"column":84}},"34":{"start":{"line":153,"column":12},"end":{"line":153,"column":86}},"35":{"start":{"line":157,"column":12},"end":{"line":157,"column":78}},"36":{"start":{"line":160,"column":12},"end":{"line":160,"column":34}},"37":{"start":{"line":161,"column":12},"end":{"line":161,"column":43}},"38":{"start":{"line":164,"column":12},"end":{"line":164,"column":89}},"39":{"start":{"line":165,"column":12},"end":{"line":165,"column":41}},"40":{"start":{"line":166,"column":12},"end":{"line":166,"column":50}},"41":{"start":{"line":168,"column":12},"end":{"line":168,"column":57}},"42":{"start":{"line":171,"column":8},"end":{"line":171,"column":39}},"43":{"start":{"line":176,"column":8},"end":{"line":176,"column":70}},"44":{"start":{"line":178,"column":8},"end":{"line":178,"column":64}},"45":{"start":{"line":179,"column":8},"end":{"line":179,"column":68}},"46":{"start":{"line":181,"column":8},"end":{"line":181,"column":52}},"47":{"start":{"line":187,"column":8},"end":{"line":187,"column":55}},"48":{"start":{"line":189,"column":8},"end":{"line":189,"column":6786}},"49":{"start":{"line":190,"column":12},"end":{"line":190,"column":65}},"50":{"start":{"line":191,"column":12},"end":{"line":191,"column":59}},"51":{"start":{"line":192,"column":12},"end":{"line":192,"column":65}},"52":{"start":{"line":194,"column":12},"end":{"line":194,"column":55}},"53":{"start":{"line":196,"column":12},"end":{"line":196,"column":114}},"54":{"start":{"line":199,"column":12},"end":{"line":199,"column":7286}},"55":{"start":{"line":201,"column":16},"end":{"line":201,"column":76}},"56":{"start":{"line":208,"column":12},"end":{"line":208,"column":73}},"57":{"start":{"line":210,"column":12},"end":{"line":210,"column":87}},"58":{"start":{"line":211,"column":12},"end":{"line":211,"column":53}},"59":{"start":{"line":215,"column":12},"end":{"line":215,"column":97}},"60":{"start":{"line":216,"column":12},"end":{"line":216,"column":47}},"61":{"start":{"line":218,"column":12},"end":{"line":218,"column":34}},"62":{"start":{"line":220,"column":12},"end":{"line":220,"column":44}},"63":{"start":{"line":222,"column":12},"end":{"line":222,"column":78}},"64":{"start":{"line":225,"column":8},"end":{"line":225,"column":43}},"65":{"start":{"line":231,"column":8},"end":{"line":231,"column":8534}},"66":{"start":{"line":232,"column":12},"end":{"line":232,"column":85}},"67":{"start":{"line":233,"column":12},"end":{"line":233,"column":47}},"68":{"start":{"line":242,"column":8},"end":{"line":242,"column":59}},"69":{"start":{"line":244,"column":8},"end":{"line":244,"column":67}},"70":{"start":{"line":246,"column":8},"end":{"line":246,"column":49}},"71":{"start":{"line":247,"column":8},"end":{"line":247,"column":59}},"72":{"start":{"line":248,"column":8},"end":{"line":248,"column":42}},"73":{"start":{"line":251,"column":8},"end":{"line":251,"column":110}},"74":{"start":{"line":252,"column":8},"end":{"line":252,"column":57}},"75":{"start":{"line":255,"column":8},"end":{"line":255,"column":116}},"76":{"start":{"line":258,"column":8},"end":{"line":258,"column":35}},"77":{"start":{"line":259,"column":8},"end":{"line":259,"column":35}},"78":{"start":{"line":262,"column":8},"end":{"line":262,"column":36}},"79":{"start":{"line":264,"column":8},"end":{"line":264,"column":58}},"80":{"start":{"line":271,"column":8},"end":{"line":271,"column":42}},"81":{"start":{"line":272,"column":8},"end":{"line":272,"column":40}},"82":{"start":{"line":275,"column":8},"end":{"line":275,"column":29}},"83":{"start":{"line":278,"column":8},"end":{"line":278,"column":31}},"84":{"start":{"line":281,"column":8},"end":{"line":281,"column":30}},"85":{"start":{"line":283,"column":8},"end":{"line":283,"column":44}},"86":{"start":{"line":285,"column":8},"end":{"line":285,"column":48}},"87":{"start":{"line":293,"column":8},"end":{"line":293,"column":49}},"88":{"start":{"line":295,"column":8},"end":{"line":295,"column":104}},"89":{"start":{"line":298,"column":8},"end":{"line":298,"column":39}},"90":{"start":{"line":299,"column":8},"end":{"line":299,"column":35}},"91":{"start":{"line":301,"column":8},"end":{"line":301,"column":22}},"92":{"start":{"line":307,"column":8},"end":{"line":307,"column":11341}},"93":{"start":{"line":308,"column":12},"end":{"line":308,"column":11396}},"94":{"start":{"line":309,"column":16},"end":{"line":309,"column":32}},"95":{"start":{"line":313,"column":8},"end":{"line":313,"column":25}},"96":{"start":{"line":323,"column":8},"end":{"line":323,"column":116}},"97":{"start":{"line":326,"column":8},"end":{"line":326,"column":36}},"98":{"start":{"line":328,"column":8},"end":{"line":328,"column":58}},"99":{"start":{"line":335,"column":8},"end":{"line":335,"column":43}},"100":{"start":{"line":339,"column":8},"end":{"line":339,"column":31}},"101":{"start":{"line":340,"column":8},"end":{"line":340,"column":25}},"102":{"start":{"line":344,"column":8},"end":{"line":344,"column":25}},"103":{"start":{"line":345,"column":8},"end":{"line":345,"column":22}},"104":{"start":{"line":351,"column":8},"end":{"line":351,"column":51}},"105":{"start":{"line":353,"column":8},"end":{"line":353,"column":49}},"106":{"start":{"line":354,"column":8},"end":{"line":354,"column":49}},"107":{"start":{"line":355,"column":8},"end":{"line":355,"column":49}},"108":{"start":{"line":359,"column":8},"end":{"line":359,"column":54}},"109":{"start":{"line":361,"column":8},"end":{"line":361,"column":13121}},"110":{"start":{"line":362,"column":12},"end":{"line":362,"column":50}},"111":{"start":{"line":369,"column":8},"end":{"line":369,"column":49}},"112":{"start":{"line":370,"column":8},"end":{"line":370,"column":51}},"113":{"start":{"line":371,"column":8},"end":{"line":371,"column":64}},"114":{"start":{"line":382,"column":8},"end":{"line":382,"column":61}},"115":{"start":{"line":383,"column":8},"end":{"line":383,"column":48}},"116":{"start":{"line":385,"column":8},"end":{"line":385,"column":13925}},"117":{"start":{"line":386,"column":12},"end":{"line":386,"column":55}},"118":{"start":{"line":388,"column":12},"end":{"line":388,"column":107}},"119":{"start":{"line":390,"column":12},"end":{"line":390,"column":34}},"120":{"start":{"line":393,"column":8},"end":{"line":393,"column":27}},"121":{"start":{"line":398,"column":8},"end":{"line":398,"column":40}},"122":{"start":{"line":399,"column":8},"end":{"line":399,"column":52}},"123":{"start":{"line":403,"column":8},"end":{"line":403,"column":45}},"124":{"start":{"line":407,"column":8},"end":{"line":407,"column":33}},"125":{"start":{"line":411,"column":8},"end":{"line":411,"column":39}},"126":{"start":{"line":415,"column":8},"end":{"line":415,"column":35}},"127":{"start":{"line":419,"column":8},"end":{"line":419,"column":42}},"128":{"start":{"line":423,"column":8},"end":{"line":423,"column":38}},"129":{"start":{"line":427,"column":8},"end":{"line":427,"column":59}},"130":{"start":{"line":428,"column":8},"end":{"line":428,"column":39}}},"branchMap":{"1":{"line":114,"type":"if","locations":[{"start":{"line":114,"column":8},"end":{"line":114,"column":8}},{"start":{"line":114,"column":8},"end":{"line":114,"column":8}}]},"2":{"line":119,"type":"if","locations":[{"start":{"line":119,"column":8},"end":{"line":119,"column":8}},{"start":{"line":119,"column":8},"end":{"line":119,"column":8}}]},"3":{"line":140,"type":"if","locations":[{"start":{"line":140,"column":8},"end":{"line":140,"column":8}},{"start":{"line":140,"column":8},"end":{"line":140,"column":8}}]},"4":{"line":141,"type":"if","locations":[{"start":{"line":141,"column":8},"end":{"line":141,"column":8}},{"start":{"line":141,"column":8},"end":{"line":141,"column":8}}]},"5":{"line":142,"type":"if","locations":[{"start":{"line":142,"column":8},"end":{"line":142,"column":8}},{"start":{"line":142,"column":8},"end":{"line":142,"column":8}}]},"6":{"line":145,"type":"if","locations":[{"start":{"line":145,"column":8},"end":{"line":145,"column":8}},{"start":{"line":145,"column":8},"end":{"line":145,"column":8}}]},"7":{"line":151,"type":"if","locations":[{"start":{"line":151,"column":12},"end":{"line":151,"column":12}},{"start":{"line":151,"column":12},"end":{"line":151,"column":12}}]},"8":{"line":152,"type":"if","locations":[{"start":{"line":152,"column":12},"end":{"line":152,"column":12}},{"start":{"line":152,"column":12},"end":{"line":152,"column":12}}]},"9":{"line":153,"type":"if","locations":[{"start":{"line":153,"column":12},"end":{"line":153,"column":12}},{"start":{"line":153,"column":12},"end":{"line":153,"column":12}}]},"10":{"line":187,"type":"if","locations":[{"start":{"line":187,"column":8},"end":{"line":187,"column":8}},{"start":{"line":187,"column":8},"end":{"line":187,"column":8}}]},"11":{"line":190,"type":"if","locations":[{"start":{"line":190,"column":12},"end":{"line":190,"column":12}},{"start":{"line":190,"column":12},"end":{"line":190,"column":12}}]},"12":{"line":192,"type":"if","locations":[{"start":{"line":192,"column":12},"end":{"line":192,"column":12}},{"start":{"line":192,"column":12},"end":{"line":192,"column":12}}]},"13":{"line":199,"type":"if","locations":[{"start":{"line":199,"column":12},"end":{"line":199,"column":12}},{"start":{"line":199,"column":12},"end":{"line":199,"column":12}}]},"14":{"line":211,"type":"if","locations":[{"start":{"line":211,"column":12},"end":{"line":211,"column":12}},{"start":{"line":211,"column":12},"end":{"line":211,"column":12}}]},"15":{"line":232,"type":"if","locations":[{"start":{"line":232,"column":12},"end":{"line":232,"column":12}},{"start":{"line":232,"column":12},"end":{"line":232,"column":12}}]},"16":{"line":242,"type":"if","locations":[{"start":{"line":242,"column":8},"end":{"line":242,"column":8}},{"start":{"line":242,"column":8},"end":{"line":242,"column":8}}]},"17":{"line":244,"type":"if","locations":[{"start":{"line":244,"column":8},"end":{"line":244,"column":8}},{"start":{"line":244,"column":8},"end":{"line":244,"column":8}}]},"18":{"line":247,"type":"if","locations":[{"start":{"line":247,"column":8},"end":{"line":247,"column":8}},{"start":{"line":247,"column":8},"end":{"line":247,"column":8}}]},"19":{"line":248,"type":"if","locations":[{"start":{"line":248,"column":8},"end":{"line":248,"column":8}},{"start":{"line":248,"column":8},"end":{"line":248,"column":8}}]},"20":{"line":252,"type":"if","locations":[{"start":{"line":252,"column":8},"end":{"line":252,"column":8}},{"start":{"line":252,"column":8},"end":{"line":252,"column":8}}]},"21":{"line":272,"type":"if","locations":[{"start":{"line":272,"column":8},"end":{"line":272,"column":8}},{"start":{"line":272,"column":8},"end":{"line":272,"column":8}}]},"22":{"line":308,"type":"if","locations":[{"start":{"line":308,"column":12},"end":{"line":308,"column":12}},{"start":{"line":308,"column":12},"end":{"line":308,"column":12}}]},"23":{"line":351,"type":"if","locations":[{"start":{"line":351,"column":8},"end":{"line":351,"column":8}},{"start":{"line":351,"column":8},"end":{"line":351,"column":8}}]},"24":{"line":359,"type":"if","locations":[{"start":{"line":359,"column":8},"end":{"line":359,"column":8}},{"start":{"line":359,"column":8},"end":{"line":359,"column":8}}]},"25":{"line":370,"type":"if","locations":[{"start":{"line":370,"column":8},"end":{"line":370,"column":8}},{"start":{"line":370,"column":8},"end":{"line":370,"column":8}}]},"26":{"line":398,"type":"if","locations":[{"start":{"line":398,"column":8},"end":{"line":398,"column":8}},{"start":{"line":398,"column":8},"end":{"line":398,"column":8}}]},"27":{"line":427,"type":"if","locations":[{"start":{"line":427,"column":8},"end":{"line":427,"column":8}},{"start":{"line":427,"column":8},"end":{"line":427,"column":8}}]}}}}
