TN:
SF:/Users/akhoshrozeh/Projects/botchainHS/contracts/common/meta-transactions/ContentMixin.sol
FN:6,msgSender
FNF:1
FNH:1
FNDA:621,msgSender
DA:11,621
DA:12,0
DA:13,0
DA:14,0
DA:22,621
DA:24,621
LF:6
LH:3
BRDA:11,1,0,0
BRDA:11,1,1,621
BRF:2
BRH:1
end_of_record
TN:
SF:/Users/akhoshrozeh/Projects/botchainHS/contracts/common/meta-transactions/EIP712Base.sol
FN:31,_initializeEIP712
FN:36,_setDomainSeperator
FN:48,getDomainSeperator
FN:52,getChainId
FN:67,toTypedMessageHash
FNF:5
FNH:3
FNDA:42,_initializeEIP712
FNDA:42,_setDomainSeperator
FNDA:0,getDomainSeperator
FNDA:42,getChainId
FNDA:0,toTypedMessageHash
DA:33,42
DA:37,42
DA:49,0
DA:53,42
DA:54,42
DA:57,42
DA:72,0
LF:7
LH:5
BRF:0
BRH:0
end_of_record
TN:
SF:/Users/akhoshrozeh/Projects/botchainHS/contracts/common/meta-transactions/Initializable.sol
FN:8,initializer
FNF:1
FNH:1
FNDA:42,initializer
DA:9,42
DA:10,42
DA:11,42
LF:3
LH:3
BRDA:9,1,0,42
BRDA:9,1,1,0
BRF:2
BRH:1
end_of_record
TN:
SF:/Users/akhoshrozeh/Projects/botchainHS/contracts/common/meta-transactions/NativeMetaTransaction.sol
FN:33,executeMetaTransaction
FN:69,hashMetaTransaction
FN:85,getNonce
FN:89,verify
FNF:4
FNH:0
FNDA:0,executeMetaTransaction
FNDA:0,hashMetaTransaction
FNDA:0,getNonce
FNDA:0,verify
DA:40,0
DA:46,0
DA:52,0
DA:54,0
DA:61,0
DA:64,0
DA:66,0
DA:74,0
DA:86,0
DA:96,0
DA:97,0
LF:11
LH:0
BRDA:46,1,0,0
BRDA:46,1,1,0
BRDA:64,2,0,0
BRDA:64,2,1,0
BRDA:96,3,0,0
BRDA:96,3,1,0
BRF:6
BRH:0
end_of_record
TN:
SF:/Users/akhoshrozeh/Projects/botchainHS/contracts/ERC721Tradable.sol
FN:43,constructor
FN:54,mintTo
FN:64,totalSupply
FN:72,tokenURI
FN:79,isApprovedForAll
FN:97,_msgSender
FNF:6
FNH:3
FNDA:42,constructor
FNDA:0,mintTo
FNDA:0,totalSupply
FNDA:160,tokenURI
FNDA:0,isApprovedForAll
FNDA:621,_msgSender
DA:44,42
DA:46,42
DA:47,42
DA:55,0
DA:56,0
DA:57,0
DA:65,0
DA:73,160
DA:86,0
DA:87,0
DA:88,0
DA:91,0
DA:104,621
LF:13
LH:5
BRDA:87,1,0,0
BRDA:87,1,1,0
BRF:2
BRH:0
end_of_record
TN:
SF:/Users/akhoshrozeh/Projects/botchainHS/contracts/Greeter.sol
FN:9,constructor
FN:14,greet
FN:18,setGreeting
FNF:3
FNH:0
FNDA:0,constructor
FNDA:0,greet
FNDA:0,setGreeting
DA:10,0
DA:11,0
DA:15,0
DA:19,0
DA:20,0
LF:5
LH:0
BRF:0
BRH:0
end_of_record
TN:
SF:/Users/akhoshrozeh/Projects/botchainHS/contracts/NikyBotzPictureDay.sol
FN:42,presaleIsOpen
FN:51,saleOn
FN:56,validNumOfTokens
FN:71,constructor
FN:93,setProvenanceHash
FN:101,flipSaleState
FN:107,setBaseTokenURI
FN:112,baseTokenURI
FN:121,setWhitelistRoot
FN:126,setRevealTS
FN:132,setWhitelistTS
FN:143,mintReserveSchoolBotz
FN:160,mintFromWhitelist
FN:192,mintSchoolBotz
FN:209,withdrawFunds
FN:218,getReserveMintCount
FN:222,getPublicMintCount
FN:226,getWhitelistRoot
FN:231,_msgSender
FN:241,supportsInterface
FNF:20
FNH:19
FNDA:19,presaleIsOpen
FNDA:3242,saleOn
FNDA:3106,validNumOfTokens
FNDA:42,constructor
FNDA:2,setProvenanceHash
FNDA:12,flipSaleState
FNDA:2,setBaseTokenURI
FNDA:163,baseTokenURI
FNDA:7,setWhitelistRoot
FNDA:1,setRevealTS
FNDA:5,setWhitelistTS
FNDA:123,mintReserveSchoolBotz
FNDA:18,mintFromWhitelist
FNDA:3087,mintSchoolBotz
FNDA:2,withdrawFunds
FNDA:5,getReserveMintCount
FNDA:2970,getPublicMintCount
FNDA:19,getWhitelistRoot
FNDA:621,_msgSender
FNDA:0,supportsInterface
DA:43,19
DA:48,18
DA:52,3242
DA:53,3231
DA:57,3106
DA:61,3105
DA:72,42
DA:74,42
DA:76,42
DA:77,42
DA:79,42
DA:80,42
DA:82,42
DA:83,42
DA:84,42
DA:87,42
DA:95,2
DA:96,1
DA:97,1
DA:98,1
DA:102,12
DA:109,2
DA:118,163
DA:122,7
DA:127,1
DA:134,5
DA:135,5
DA:145,123
DA:147,121
DA:148,121
DA:149,121
DA:150,121
DA:152,121
DA:162,18
DA:163,18
DA:167,17
DA:171,15
DA:176,13
DA:177,13
DA:178,23
DA:179,23
DA:180,23
DA:184,13
DA:185,13
DA:194,3087
DA:195,3085
DA:197,3083
DA:199,3083
DA:200,6064
DA:201,6064
DA:202,6064
DA:206,3083
DA:210,2
DA:212,2
DA:215,2
DA:219,5
DA:223,2970
DA:227,19
DA:237,621
DA:248,0
LF:60
LH:59
BRDA:43,1,0,18
BRDA:43,1,1,1
BRDA:52,2,0,3231
BRDA:52,2,1,11
BRDA:57,3,0,3105
BRDA:57,3,1,1
BRDA:95,4,0,1
BRDA:95,4,1,1
BRDA:145,5,0,121
BRDA:145,5,1,2
BRDA:163,6,0,17
BRDA:163,6,1,1
BRDA:167,7,0,15
BRDA:167,7,1,2
BRDA:171,8,0,13
BRDA:171,8,1,2
BRDA:178,9,0,23
BRDA:178,9,1,0
BRDA:194,10,0,3085
BRDA:194,10,1,2
BRDA:195,11,0,3083
BRDA:195,11,1,2
BRDA:200,12,0,6064
BRDA:200,12,1,0
BRDA:215,13,0,2
BRDA:215,13,1,0
BRF:26
BRH:23
end_of_record
