TN:
SF:/Users/akhoshrozeh/Projects/botchainHS/contracts/@openzeppelin/contracts/access/AccessControl.sol
FN:69,onlyRole
FN:77,supportsInterface
FN:84,hasRole
FN:95,_checkRole
FN:116,getRoleAdmin
FN:130,grantRole
FN:143,revokeRole
FN:161,renounceRole
FN:185,_setupRole
FN:194,_setRoleAdmin
FN:205,_grantRole
FN:217,_revokeRole
FNF:12
FNH:0
FNDA:0,onlyRole
FNDA:0,supportsInterface
FNDA:0,hasRole
FNDA:0,_checkRole
FNDA:0,getRoleAdmin
FNDA:0,grantRole
FNDA:0,revokeRole
FNDA:0,renounceRole
FNDA:0,_setupRole
FNDA:0,_setRoleAdmin
FNDA:0,_grantRole
FNDA:0,_revokeRole
DA:70,0
DA:71,0
DA:78,0
DA:85,0
DA:96,0
DA:97,0
DA:117,0
DA:131,0
DA:144,0
DA:162,0
DA:164,0
DA:186,0
DA:195,0
DA:196,0
DA:197,0
DA:206,0
DA:207,0
DA:208,0
DA:218,0
DA:219,0
DA:220,0
LF:21
LH:0
BRDA:96,1,0,0
BRDA:96,1,1,0
BRDA:162,2,0,0
BRDA:162,2,1,0
BRDA:206,3,0,0
BRDA:206,3,1,0
BRDA:218,4,0,0
BRDA:218,4,1,0
BRF:8
BRH:0
end_of_record
TN:
SF:/Users/akhoshrozeh/Projects/botchainHS/contracts/@openzeppelin/contracts/access/AccessControlEnumerable.sol
FN:21,supportsInterface
FN:37,getRoleMember
FN:45,getRoleMemberCount
FN:52,_grantRole
FN:60,_revokeRole
FNF:5
FNH:0
FNDA:0,supportsInterface
FNDA:0,getRoleMember
FNDA:0,getRoleMemberCount
FNDA:0,_grantRole
FNDA:0,_revokeRole
DA:22,0
DA:38,0
DA:46,0
DA:53,0
DA:54,0
DA:61,0
DA:62,0
LF:7
LH:0
BRF:0
BRH:0
end_of_record
TN:
SF:/Users/akhoshrozeh/Projects/botchainHS/contracts/@openzeppelin/contracts/access/IAccessControl.sol
FNF:0
FNH:0
LF:0
LH:0
BRF:0
BRH:0
end_of_record
TN:
SF:/Users/akhoshrozeh/Projects/botchainHS/contracts/@openzeppelin/contracts/access/IAccessControlEnumerable.sol
FNF:0
FNH:0
LF:0
LH:0
BRF:0
BRH:0
end_of_record
TN:
SF:/Users/akhoshrozeh/Projects/botchainHS/contracts/@openzeppelin/contracts/access/Ownable.sol
FN:28,constructor
FN:35,owner
FN:42,onlyOwner
FN:54,renounceOwnership
FN:62,transferOwnership
FN:71,_transferOwnership
FNF:6
FNH:0
FNDA:0,constructor
FNDA:0,owner
FNDA:0,onlyOwner
FNDA:0,renounceOwnership
FNDA:0,transferOwnership
FNDA:0,_transferOwnership
DA:29,0
DA:36,0
DA:43,0
DA:44,0
DA:55,0
DA:63,0
DA:64,0
DA:72,0
DA:73,0
DA:74,0
LF:10
LH:0
BRDA:43,1,0,0
BRDA:43,1,1,0
BRDA:63,2,0,0
BRDA:63,2,1,0
BRF:4
BRH:0
end_of_record
TN:
SF:/Users/akhoshrozeh/Projects/botchainHS/contracts/@openzeppelin/contracts/finance/PaymentSplitter.sol
FN:50,constructor
FN:75,totalShares
FN:82,totalReleased
FN:90,totalReleased
FN:97,shares
FN:104,released
FN:112,released
FN:119,payee
FN:127,release
FN:147,release
FN:166,_pendingPayment
FN:179,_addPayee
FNF:12
FNH:0
FNDA:0,constructor
FNDA:0,totalShares
FNDA:0,totalReleased
FNDA:0,totalReleased
FNDA:0,shares
FNDA:0,released
FNDA:0,released
FNDA:0,payee
FNDA:0,release
FNDA:0,release
FNDA:0,_pendingPayment
FNDA:0,_addPayee
DA:51,0
DA:52,0
DA:54,0
DA:55,0
DA:69,0
DA:76,0
DA:83,0
DA:91,0
DA:98,0
DA:105,0
DA:113,0
DA:120,0
DA:128,0
DA:130,0
DA:131,0
DA:133,0
DA:135,0
DA:136,0
DA:138,0
DA:139,0
DA:148,0
DA:150,0
DA:151,0
DA:153,0
DA:155,0
DA:156,0
DA:158,0
DA:159,0
DA:171,0
DA:180,0
DA:181,0
DA:182,0
DA:184,0
DA:185,0
DA:186,0
DA:187,0
LF:36
LH:0
BRDA:51,1,0,0
BRDA:51,1,1,0
BRDA:52,2,0,0
BRDA:52,2,1,0
BRDA:128,3,0,0
BRDA:128,3,1,0
BRDA:133,4,0,0
BRDA:133,4,1,0
BRDA:148,5,0,0
BRDA:148,5,1,0
BRDA:153,6,0,0
BRDA:153,6,1,0
BRDA:180,7,0,0
BRDA:180,7,1,0
BRDA:181,8,0,0
BRDA:181,8,1,0
BRDA:182,9,0,0
BRDA:182,9,1,0
BRF:18
BRH:0
end_of_record
TN:
SF:/Users/akhoshrozeh/Projects/botchainHS/contracts/@openzeppelin/contracts/finance/VestingWallet.sol
FN:33,constructor
FN:52,beneficiary
FN:59,start
FN:66,duration
FN:73,released
FN:80,released
FN:89,release
FN:101,release
FN:111,vestedAmount
FN:118,vestedAmount
FN:126,_vestingSchedule
FNF:11
FNH:0
FNDA:0,constructor
FNDA:0,beneficiary
FNDA:0,start
FNDA:0,duration
FNDA:0,released
FNDA:0,released
FNDA:0,release
FNDA:0,release
FNDA:0,vestedAmount
FNDA:0,vestedAmount
FNDA:0,_vestingSchedule
DA:38,0
DA:39,0
DA:40,0
DA:41,0
DA:53,0
DA:60,0
DA:67,0
DA:74,0
DA:81,0
DA:90,0
DA:91,0
DA:92,0
DA:93,0
DA:102,0
DA:103,0
DA:104,0
DA:105,0
DA:112,0
DA:119,0
DA:127,0
DA:128,0
DA:130,0
DA:132,0
LF:23
LH:0
BRDA:38,1,0,0
BRDA:38,1,1,0
BRDA:127,2,0,0
BRDA:127,2,1,0
BRDA:129,3,0,0
BRDA:129,3,1,0
BRF:6
BRH:0
end_of_record
TN:
SF:/Users/akhoshrozeh/Projects/botchainHS/contracts/@openzeppelin/contracts/governance/compatibility/GovernorCompatibilityBravo.sol
FN:48,COUNTING_MODE
FN:56,propose
FN:69,propose
FN:83,queue
FN:96,execute
FN:106,cancel
FN:125,_encodeCalldata
FN:144,_storeProposal
FN:170,proposals
FN:207,getActions
FN:226,getReceipt
FN:233,quorumVotes
FN:241,hasVoted
FN:248,_quorumReached
FN:256,_voteSucceeded
FN:264,_countVote
FNF:16
FNH:0
FNDA:0,COUNTING_MODE
FNDA:0,propose
FNDA:0,propose
FNDA:0,queue
FNDA:0,execute
FNDA:0,cancel
FNDA:0,_encodeCalldata
FNDA:0,_storeProposal
FNDA:0,proposals
FNDA:0,getActions
FNDA:0,getReceipt
FNDA:0,quorumVotes
FNDA:0,hasVoted
FNDA:0,_quorumReached
FNDA:0,_voteSucceeded
FNDA:0,_countVote
DA:49,0
DA:62,0
DA:63,0
DA:76,0
DA:77,0
DA:84,0
DA:85,0
DA:97,0
DA:98,0
DA:107,0
DA:109,0
DA:114,0
DA:130,0
DA:132,0
DA:133,0
DA:138,0
DA:152,0
DA:153,0
DA:155,0
DA:156,0
DA:157,0
DA:158,0
DA:159,0
DA:160,0
DA:161,0
DA:162,0
DA:188,0
DA:189,0
DA:190,0
DA:191,0
DA:193,0
DA:194,0
DA:195,0
DA:196,0
DA:197,0
DA:199,0
DA:200,0
DA:201,0
DA:219,0
DA:220,0
DA:227,0
DA:234,0
DA:242,0
DA:249,0
DA:250,0
DA:257,0
DA:258,0
DA:270,0
DA:271,0
DA:273,0
DA:274,0
DA:275,0
DA:276,0
DA:278,0
DA:279,0
DA:281,0
DA:283,0
DA:285,0
LF:58
LH:0
BRDA:109,1,0,0
BRDA:109,1,1,0
BRDA:156,2,0,0
BRDA:156,2,1,0
BRDA:273,3,0,0
BRDA:273,3,1,0
BRDA:278,4,0,0
BRDA:278,4,1,0
BRDA:280,5,0,0
BRDA:280,5,1,0
BRDA:282,6,0,0
BRDA:282,6,1,0
BRF:12
BRH:0
end_of_record
TN:
SF:/Users/akhoshrozeh/Projects/botchainHS/contracts/@openzeppelin/contracts/governance/compatibility/IGovernorCompatibilityBravo.sol
FNF:0
FNH:0
LF:0
LH:0
BRF:0
BRH:0
end_of_record
TN:
SF:/Users/akhoshrozeh/Projects/botchainHS/contracts/@openzeppelin/contracts/governance/extensions/GovernorCountingSimple.sol
FN:36,COUNTING_MODE
FN:43,hasVoted
FN:50,proposalVotes
FN:67,_quorumReached
FN:76,_voteSucceeded
FN:85,_countVote
FNF:6
FNH:0
FNDA:0,COUNTING_MODE
FNDA:0,hasVoted
FNDA:0,proposalVotes
FNDA:0,_quorumReached
FNDA:0,_voteSucceeded
FNDA:0,_countVote
DA:37,0
DA:44,0
DA:60,0
DA:61,0
DA:68,0
DA:70,0
DA:77,0
DA:79,0
DA:91,0
DA:93,0
DA:94,0
DA:96,0
DA:97,0
DA:99,0
DA:101,0
DA:103,0
LF:16
LH:0
BRDA:93,1,0,0
BRDA:93,1,1,0
BRDA:96,2,0,0
BRDA:96,2,1,0
BRDA:98,3,0,0
BRDA:98,3,1,0
BRDA:100,4,0,0
BRDA:100,4,1,0
BRF:8
BRH:0
end_of_record
TN:
SF:/Users/akhoshrozeh/Projects/botchainHS/contracts/@openzeppelin/contracts/governance/extensions/GovernorProposalThreshold.sol
FN:15,propose
FNF:1
FNH:0
FNDA:0,propose
DA:21,0
LF:1
LH:0
BRF:0
BRH:0
end_of_record
TN:
SF:/Users/akhoshrozeh/Projects/botchainHS/contracts/@openzeppelin/contracts/governance/extensions/GovernorSettings.sol
FN:25,constructor
FN:38,votingDelay
FN:45,votingPeriod
FN:52,proposalThreshold
FN:61,setVotingDelay
FN:70,setVotingPeriod
FN:79,setProposalThreshold
FN:88,_setVotingDelay
FN:98,_setVotingPeriod
FN:110,_setProposalThreshold
FNF:10
FNH:0
FNDA:0,constructor
FNDA:0,votingDelay
FNDA:0,votingPeriod
FNDA:0,proposalThreshold
FNDA:0,setVotingDelay
FNDA:0,setVotingPeriod
FNDA:0,setProposalThreshold
FNDA:0,_setVotingDelay
FNDA:0,_setVotingPeriod
FNDA:0,_setProposalThreshold
DA:30,0
DA:31,0
DA:32,0
DA:39,0
DA:46,0
DA:53,0
DA:62,0
DA:71,0
DA:80,0
DA:89,0
DA:90,0
DA:100,0
DA:101,0
DA:102,0
DA:111,0
DA:112,0
LF:16
LH:0
BRDA:100,1,0,0
BRDA:100,1,1,0
BRF:2
BRH:0
end_of_record
TN:
SF:/Users/akhoshrozeh/Projects/botchainHS/contracts/@openzeppelin/contracts/governance/extensions/GovernorTimelockCompound.sol
FN:96,constructor
FN:103,supportsInterface
FN:110,state
FN:130,timelock
FN:137,proposalEta
FN:144,queue
FN:172,_execute
FN:191,_cancel
FN:213,_executor
FN:221,__acceptAdmin
FN:236,updateTimelock
FN:240,_updateTimelock
FNF:12
FNH:0
FNDA:0,constructor
FNDA:0,supportsInterface
FNDA:0,state
FNDA:0,timelock
FNDA:0,proposalEta
FNDA:0,queue
FNDA:0,_execute
FNDA:0,_cancel
FNDA:0,_executor
FNDA:0,__acceptAdmin
FNDA:0,updateTimelock
FNDA:0,_updateTimelock
DA:97,0
DA:104,0
DA:111,0
DA:113,0
DA:114,0
DA:117,0
DA:118,0
DA:119,0
DA:121,0
DA:123,0
DA:131,0
DA:138,0
DA:150,0
DA:152,0
DA:154,0
DA:155,0
DA:156,0
DA:157,0
DA:161,0
DA:164,0
DA:166,0
DA:179,0
DA:180,0
DA:181,0
DA:182,0
DA:183,0
DA:197,0
DA:199,0
DA:200,0
DA:201,0
DA:202,0
DA:204,0
DA:207,0
DA:214,0
DA:222,0
DA:237,0
DA:241,0
DA:242,0
LF:38
LH:0
BRDA:113,1,0,0
BRDA:113,1,1,0
BRDA:118,2,0,0
BRDA:118,2,1,0
BRDA:120,3,0,0
BRDA:120,3,1,0
BRDA:152,4,0,0
BRDA:152,4,1,0
BRDA:157,5,0,0
BRDA:157,5,1,0
BRDA:180,6,0,0
BRDA:180,6,1,0
BRDA:200,7,0,0
BRDA:200,7,1,0
BRF:14
BRH:0
end_of_record
TN:
SF:/Users/akhoshrozeh/Projects/botchainHS/contracts/@openzeppelin/contracts/governance/extensions/GovernorTimelockControl.sol
FN:33,constructor
FN:40,supportsInterface
FN:47,state
FN:68,timelock
FN:75,proposalEta
FN:83,queue
FN:105,_execute
FN:119,_cancel
FN:138,_executor
FN:146,updateTimelock
FN:150,_updateTimelock
FNF:11
FNH:0
FNDA:0,constructor
FNDA:0,supportsInterface
FNDA:0,state
FNDA:0,timelock
FNDA:0,proposalEta
FNDA:0,queue
FNDA:0,_execute
FNDA:0,_cancel
FNDA:0,_executor
FNDA:0,updateTimelock
FNDA:0,_updateTimelock
DA:34,0
DA:41,0
DA:48,0
DA:50,0
DA:51,0
DA:55,0
DA:56,0
DA:57,0
DA:59,0
DA:61,0
DA:69,0
DA:76,0
DA:77,0
DA:89,0
DA:91,0
DA:93,0
DA:94,0
DA:95,0
DA:97,0
DA:99,0
DA:112,0
DA:125,0
DA:127,0
DA:128,0
DA:129,0
DA:132,0
DA:139,0
DA:147,0
DA:151,0
DA:152,0
LF:30
LH:0
BRDA:50,1,0,0
BRDA:50,1,1,0
BRDA:56,2,0,0
BRDA:56,2,1,0
BRDA:58,3,0,0
BRDA:58,3,1,0
BRDA:91,4,0,0
BRDA:91,4,1,0
BRDA:127,5,0,0
BRDA:127,5,1,0
BRF:10
BRH:0
end_of_record
TN:
SF:/Users/akhoshrozeh/Projects/botchainHS/contracts/@openzeppelin/contracts/governance/extensions/GovernorVotes.sol
FN:18,constructor
FN:25,getVotes
FNF:2
FNH:0
FNDA:0,constructor
FNDA:0,getVotes
DA:19,0
DA:26,0
LF:2
LH:0
BRF:0
BRH:0
end_of_record
TN:
SF:/Users/akhoshrozeh/Projects/botchainHS/contracts/@openzeppelin/contracts/governance/extensions/GovernorVotesComp.sol
FN:17,constructor
FN:24,getVotes
FNF:2
FNH:0
FNDA:0,constructor
FNDA:0,getVotes
DA:18,0
DA:25,0
LF:2
LH:0
BRF:0
BRH:0
end_of_record
TN:
SF:/Users/akhoshrozeh/Projects/botchainHS/contracts/@openzeppelin/contracts/governance/extensions/GovernorVotesQuorumFraction.sol
FN:19,constructor
FN:23,quorumNumerator
FN:27,quorumDenominator
FN:31,quorum
FN:35,updateQuorumNumerator
FN:39,_updateQuorumNumerator
FNF:6
FNH:0
FNDA:0,constructor
FNDA:0,quorumNumerator
FNDA:0,quorumDenominator
FNDA:0,quorum
FNDA:0,updateQuorumNumerator
FNDA:0,_updateQuorumNumerator
DA:20,0
DA:24,0
DA:28,0
DA:32,0
DA:36,0
DA:40,0
DA:45,0
DA:46,0
DA:48,0
LF:9
LH:0
BRDA:40,1,0,0
BRDA:40,1,1,0
BRF:2
BRH:0
end_of_record
TN:
SF:/Users/akhoshrozeh/Projects/botchainHS/contracts/@openzeppelin/contracts/governance/extensions/IGovernorTimelock.sol
FNF:0
FNH:0
LF:0
LH:0
BRF:0
BRH:0
end_of_record
TN:
SF:/Users/akhoshrozeh/Projects/botchainHS/contracts/@openzeppelin/contracts/governance/Governor.sol
FN:47,onlyGovernance
FN:55,constructor
FN:69,supportsInterface
FN:76,name
FN:83,version
FN:100,hashProposal
FN:112,state
FN:136,proposalSnapshot
FN:143,proposalDeadline
FN:150,proposalThreshold
FN:179,propose
FN:223,execute
FN:248,_execute
FN:268,_cancel
FN:291,castVote
FN:299,castVoteWithReason
FN:311,castVoteBySig
FN:333,_castVote
FN:354,_executor
FNF:19
FNH:0
FNDA:0,onlyGovernance
FNDA:0,constructor
FNDA:0,supportsInterface
FNDA:0,name
FNDA:0,version
FNDA:0,hashProposal
FNDA:0,state
FNDA:0,proposalSnapshot
FNDA:0,proposalDeadline
FNDA:0,proposalThreshold
FNDA:0,propose
FNDA:0,execute
FNDA:0,_execute
FNDA:0,_cancel
FNDA:0,castVote
FNDA:0,castVoteWithReason
FNDA:0,castVoteBySig
FNDA:0,_castVote
FNDA:0,_executor
DA:48,0
DA:49,0
DA:56,0
DA:63,0
DA:70,0
DA:77,0
DA:84,0
DA:106,0
DA:113,0
DA:115,0
DA:116,0
DA:118,0
DA:120,0
DA:122,0
DA:124,0
DA:129,0
DA:137,0
DA:144,0
DA:151,0
DA:185,0
DA:190,0
DA:192,0
DA:193,0
DA:194,0
DA:196,0
DA:197,0
DA:199,0
DA:200,0
DA:202,0
DA:203,0
DA:205,0
DA:217,0
DA:229,0
DA:231,0
DA:232,0
DA:236,0
DA:238,0
DA:240,0
DA:242,0
DA:255,0
DA:256,0
DA:257,0
DA:258,0
DA:274,0
DA:275,0
DA:277,0
DA:281,0
DA:283,0
DA:285,0
DA:292,0
DA:293,0
DA:304,0
DA:305,0
DA:318,0
DA:324,0
DA:339,0
DA:340,0
DA:342,0
DA:343,0
DA:345,0
DA:347,0
DA:355,0
LF:62
LH:0
BRDA:48,1,0,0
BRDA:48,1,1,0
BRDA:63,2,0,0
BRDA:63,2,1,0
BRDA:115,3,0,0
BRDA:115,3,1,0
BRDA:117,4,0,0
BRDA:117,4,1,0
BRDA:119,5,0,0
BRDA:119,5,1,0
BRDA:121,6,0,0
BRDA:121,6,1,0
BRDA:123,7,0,0
BRDA:123,7,1,0
BRDA:185,8,0,0
BRDA:185,8,1,0
BRDA:192,9,0,0
BRDA:192,9,1,0
BRDA:193,10,0,0
BRDA:193,10,1,0
BRDA:194,11,0,0
BRDA:194,11,1,0
BRDA:197,12,0,0
BRDA:197,12,1,0
BRDA:232,13,0,0
BRDA:232,13,1,0
BRDA:277,14,0,0
BRDA:277,14,1,0
BRDA:340,15,0,0
BRDA:340,15,1,0
BRF:30
BRH:0
end_of_record
TN:
SF:/Users/akhoshrozeh/Projects/botchainHS/contracts/@openzeppelin/contracts/governance/IGovernor.sol
FNF:0
FNH:0
LF:0
LH:0
BRF:0
BRH:0
end_of_record
TN:
SF:/Users/akhoshrozeh/Projects/botchainHS/contracts/@openzeppelin/contracts/governance/TimelockController.sol
FN:63,constructor
FN:96,onlyRoleOrOpenRole
FN:112,isOperation
FN:119,isOperationPending
FN:126,isOperationReady
FN:134,isOperationDone
FN:142,getTimestamp
FN:151,getMinDelay
FN:159,hashOperation
FN:173,hashOperationBatch
FN:199,schedule
FN:221,scheduleBatch
FN:235,_schedule
FN:248,cancel
FN:270,execute
FN:292,executeBatch
FN:307,_beforeCall
FN:315,_afterCall
FN:325,_call
FN:348,updateDelay
FNF:20
FNH:0
FNDA:0,constructor
FNDA:0,onlyRoleOrOpenRole
FNDA:0,isOperation
FNDA:0,isOperationPending
FNDA:0,isOperationReady
FNDA:0,isOperationDone
FNDA:0,getTimestamp
FNDA:0,getMinDelay
FNDA:0,hashOperation
FNDA:0,hashOperationBatch
FNDA:0,schedule
FNDA:0,scheduleBatch
FNDA:0,_schedule
FNDA:0,cancel
FNDA:0,execute
FNDA:0,executeBatch
FNDA:0,_beforeCall
FNDA:0,_afterCall
FNDA:0,_call
FNDA:0,updateDelay
DA:68,0
DA:69,0
DA:70,0
DA:73,0
DA:74,0
DA:77,0
DA:78,0
DA:82,0
DA:83,0
DA:86,0
DA:87,0
DA:97,0
DA:98,0
DA:100,0
DA:113,0
DA:120,0
DA:127,0
DA:128,0
DA:135,0
DA:143,0
DA:152,0
DA:166,0
DA:180,0
DA:200,0
DA:201,0
DA:202,0
DA:222,0
DA:223,0
DA:225,0
DA:226,0
DA:227,0
DA:228,0
DA:236,0
DA:237,0
DA:238,0
DA:249,0
DA:250,0
DA:252,0
DA:271,0
DA:272,0
DA:273,0
DA:274,0
DA:293,0
DA:294,0
DA:296,0
DA:297,0
DA:298,0
DA:299,0
DA:301,0
DA:308,0
DA:309,0
DA:316,0
DA:317,0
DA:332,0
DA:333,0
DA:335,0
DA:349,0
DA:350,0
DA:351,0
LF:59
LH:0
BRDA:97,1,0,0
BRDA:97,1,1,0
BRDA:222,2,0,0
BRDA:222,2,1,0
BRDA:223,3,0,0
BRDA:223,3,1,0
BRDA:236,4,0,0
BRDA:236,4,1,0
BRDA:237,5,0,0
BRDA:237,5,1,0
BRDA:249,6,0,0
BRDA:249,6,1,0
BRDA:293,7,0,0
BRDA:293,7,1,0
BRDA:294,8,0,0
BRDA:294,8,1,0
BRDA:308,9,0,0
BRDA:308,9,1,0
BRDA:309,10,0,0
BRDA:309,10,1,0
BRDA:316,11,0,0
BRDA:316,11,1,0
BRDA:333,12,0,0
BRDA:333,12,1,0
BRDA:349,13,0,0
BRDA:349,13,1,0
BRF:26
BRH:0
end_of_record
TN:
SF:/Users/akhoshrozeh/Projects/botchainHS/contracts/@openzeppelin/contracts/interfaces/draft-IERC2612.sol
FNF:0
FNH:0
LF:0
LH:0
BRF:0
BRH:0
end_of_record
TN:
SF:/Users/akhoshrozeh/Projects/botchainHS/contracts/@openzeppelin/contracts/interfaces/IERC1155.sol
FNF:0
FNH:0
LF:0
LH:0
BRF:0
BRH:0
end_of_record
TN:
SF:/Users/akhoshrozeh/Projects/botchainHS/contracts/@openzeppelin/contracts/interfaces/IERC1155MetadataURI.sol
FNF:0
FNH:0
LF:0
LH:0
BRF:0
BRH:0
end_of_record
TN:
SF:/Users/akhoshrozeh/Projects/botchainHS/contracts/@openzeppelin/contracts/interfaces/IERC1155Receiver.sol
FNF:0
FNH:0
LF:0
LH:0
BRF:0
BRH:0
end_of_record
TN:
SF:/Users/akhoshrozeh/Projects/botchainHS/contracts/@openzeppelin/contracts/interfaces/IERC1271.sol
FNF:0
FNH:0
LF:0
LH:0
BRF:0
BRH:0
end_of_record
TN:
SF:/Users/akhoshrozeh/Projects/botchainHS/contracts/@openzeppelin/contracts/interfaces/IERC1363.sol
FNF:0
FNH:0
LF:0
LH:0
BRF:0
BRH:0
end_of_record
TN:
SF:/Users/akhoshrozeh/Projects/botchainHS/contracts/@openzeppelin/contracts/interfaces/IERC1363Receiver.sol
FNF:0
FNH:0
LF:0
LH:0
BRF:0
BRH:0
end_of_record
TN:
SF:/Users/akhoshrozeh/Projects/botchainHS/contracts/@openzeppelin/contracts/interfaces/IERC1363Spender.sol
FNF:0
FNH:0
LF:0
LH:0
BRF:0
BRH:0
end_of_record
TN:
SF:/Users/akhoshrozeh/Projects/botchainHS/contracts/@openzeppelin/contracts/interfaces/IERC165.sol
FNF:0
FNH:0
LF:0
LH:0
BRF:0
BRH:0
end_of_record
TN:
SF:/Users/akhoshrozeh/Projects/botchainHS/contracts/@openzeppelin/contracts/interfaces/IERC1820Implementer.sol
FNF:0
FNH:0
LF:0
LH:0
BRF:0
BRH:0
end_of_record
TN:
SF:/Users/akhoshrozeh/Projects/botchainHS/contracts/@openzeppelin/contracts/interfaces/IERC1820Registry.sol
FNF:0
FNH:0
LF:0
LH:0
BRF:0
BRH:0
end_of_record
TN:
SF:/Users/akhoshrozeh/Projects/botchainHS/contracts/@openzeppelin/contracts/interfaces/IERC20.sol
FNF:0
FNH:0
LF:0
LH:0
BRF:0
BRH:0
end_of_record
TN:
SF:/Users/akhoshrozeh/Projects/botchainHS/contracts/@openzeppelin/contracts/interfaces/IERC20Metadata.sol
FNF:0
FNH:0
LF:0
LH:0
BRF:0
BRH:0
end_of_record
TN:
SF:/Users/akhoshrozeh/Projects/botchainHS/contracts/@openzeppelin/contracts/interfaces/IERC2981.sol
FNF:0
FNH:0
LF:0
LH:0
BRF:0
BRH:0
end_of_record
TN:
SF:/Users/akhoshrozeh/Projects/botchainHS/contracts/@openzeppelin/contracts/interfaces/IERC3156.sol
FNF:0
FNH:0
LF:0
LH:0
BRF:0
BRH:0
end_of_record
TN:
SF:/Users/akhoshrozeh/Projects/botchainHS/contracts/@openzeppelin/contracts/interfaces/IERC3156FlashBorrower.sol
FNF:0
FNH:0
LF:0
LH:0
BRF:0
BRH:0
end_of_record
TN:
SF:/Users/akhoshrozeh/Projects/botchainHS/contracts/@openzeppelin/contracts/interfaces/IERC3156FlashLender.sol
FNF:0
FNH:0
LF:0
LH:0
BRF:0
BRH:0
end_of_record
TN:
SF:/Users/akhoshrozeh/Projects/botchainHS/contracts/@openzeppelin/contracts/interfaces/IERC721.sol
FNF:0
FNH:0
LF:0
LH:0
BRF:0
BRH:0
end_of_record
TN:
SF:/Users/akhoshrozeh/Projects/botchainHS/contracts/@openzeppelin/contracts/interfaces/IERC721Enumerable.sol
FNF:0
FNH:0
LF:0
LH:0
BRF:0
BRH:0
end_of_record
TN:
SF:/Users/akhoshrozeh/Projects/botchainHS/contracts/@openzeppelin/contracts/interfaces/IERC721Metadata.sol
FNF:0
FNH:0
LF:0
LH:0
BRF:0
BRH:0
end_of_record
TN:
SF:/Users/akhoshrozeh/Projects/botchainHS/contracts/@openzeppelin/contracts/interfaces/IERC721Receiver.sol
FNF:0
FNH:0
LF:0
LH:0
BRF:0
BRH:0
end_of_record
TN:
SF:/Users/akhoshrozeh/Projects/botchainHS/contracts/@openzeppelin/contracts/interfaces/IERC777.sol
FNF:0
FNH:0
LF:0
LH:0
BRF:0
BRH:0
end_of_record
TN:
SF:/Users/akhoshrozeh/Projects/botchainHS/contracts/@openzeppelin/contracts/interfaces/IERC777Recipient.sol
FNF:0
FNH:0
LF:0
LH:0
BRF:0
BRH:0
end_of_record
TN:
SF:/Users/akhoshrozeh/Projects/botchainHS/contracts/@openzeppelin/contracts/interfaces/IERC777Sender.sol
FNF:0
FNH:0
LF:0
LH:0
BRF:0
BRH:0
end_of_record
TN:
SF:/Users/akhoshrozeh/Projects/botchainHS/contracts/@openzeppelin/contracts/metatx/ERC2771Context.sol
FN:14,constructor
FN:18,isTrustedForwarder
FN:22,_msgSender
FN:33,_msgData
FNF:4
FNH:0
FNDA:0,constructor
FNDA:0,isTrustedForwarder
FNDA:0,_msgSender
FNDA:0,_msgData
DA:15,0
DA:19,0
DA:23,0
DA:25,0
DA:29,0
DA:34,0
DA:35,0
DA:37,0
LF:8
LH:0
BRDA:23,1,0,0
BRDA:23,1,1,0
BRDA:34,2,0,0
BRDA:34,2,1,0
BRF:4
BRH:0
end_of_record
TN:
SF:/Users/akhoshrozeh/Projects/botchainHS/contracts/@openzeppelin/contracts/metatx/MinimalForwarder.sol
FN:29,constructor
FN:31,getNonce
FN:35,verify
FN:42,execute
FNF:4
FNH:0
FNDA:0,constructor
FNDA:0,getNonce
FNDA:0,verify
FNDA:0,execute
DA:32,0
DA:36,0
DA:39,0
DA:47,0
DA:48,0
DA:50,0
DA:55,0
DA:57,0
LF:8
LH:0
BRDA:47,1,0,0
BRDA:47,1,1,0
BRF:2
BRH:0
end_of_record
TN:
SF:/Users/akhoshrozeh/Projects/botchainHS/contracts/@openzeppelin/contracts/proxy/beacon/BeaconProxy.sol
FN:30,constructor
FN:38,_beacon
FN:45,_implementation
FN:59,_setBeacon
FNF:4
FNH:0
FNDA:0,constructor
FNDA:0,_beacon
FNDA:0,_implementation
FNDA:0,_setBeacon
DA:31,0
DA:32,0
DA:39,0
DA:46,0
DA:60,0
LF:5
LH:0
BRF:0
BRH:0
end_of_record
TN:
SF:/Users/akhoshrozeh/Projects/botchainHS/contracts/@openzeppelin/contracts/proxy/beacon/IBeacon.sol
FNF:0
FNH:0
LF:0
LH:0
BRF:0
BRH:0
end_of_record
TN:
SF:/Users/akhoshrozeh/Projects/botchainHS/contracts/@openzeppelin/contracts/proxy/beacon/UpgradeableBeacon.sol
FN:28,constructor
FN:35,implementation
FN:49,upgradeTo
FN:61,_setImplementation
FNF:4
FNH:0
FNDA:0,constructor
FNDA:0,implementation
FNDA:0,upgradeTo
FNDA:0,_setImplementation
DA:29,0
DA:36,0
DA:50,0
DA:51,0
DA:62,0
DA:63,0
LF:6
LH:0
BRDA:62,1,0,0
BRDA:62,1,1,0
BRF:2
BRH:0
end_of_record
TN:
SF:/Users/akhoshrozeh/Projects/botchainHS/contracts/@openzeppelin/contracts/proxy/Clones.sol
FN:25,clone
FN:43,cloneDeterministic
FN:57,predictDeterministicAddress
FN:77,predictDeterministicAddress
FNF:4
FNH:0
FNDA:0,clone
FNDA:0,cloneDeterministic
FNDA:0,predictDeterministicAddress
FNDA:0,predictDeterministicAddress
DA:26,0
DA:33,0
DA:44,0
DA:51,0
DA:62,0
DA:82,0
LF:6
LH:0
BRDA:33,1,0,0
BRDA:33,1,1,0
BRDA:51,2,0,0
BRDA:51,2,1,0
BRF:4
BRH:0
end_of_record
TN:
SF:/Users/akhoshrozeh/Projects/botchainHS/contracts/@openzeppelin/contracts/proxy/ERC1967/ERC1967Proxy.sol
FN:22,constructor
FN:30,_implementation
FNF:2
FNH:0
FNDA:0,constructor
FNDA:0,_implementation
DA:23,0
DA:24,0
DA:31,0
LF:3
LH:0
BRF:0
BRH:0
end_of_record
TN:
SF:/Users/akhoshrozeh/Projects/botchainHS/contracts/@openzeppelin/contracts/proxy/ERC1967/ERC1967Upgrade.sol
FN:37,_getImplementation
FN:44,_setImplementation
FN:54,_upgradeTo
FN:64,_upgradeToAndCall
FN:80,_upgradeToAndCallSecure
FN:125,_getAdmin
FN:132,_setAdmin
FN:142,_changeAdmin
FN:161,_getBeacon
FN:168,_setBeacon
FN:183,_upgradeBeaconToAndCall
FNF:11
FNH:0
FNDA:0,_getImplementation
FNDA:0,_setImplementation
FNDA:0,_upgradeTo
FNDA:0,_upgradeToAndCall
FNDA:0,_upgradeToAndCallSecure
FNDA:0,_getAdmin
FNDA:0,_setAdmin
FNDA:0,_changeAdmin
FNDA:0,_getBeacon
FNDA:0,_setBeacon
FNDA:0,_upgradeBeaconToAndCall
DA:38,0
DA:45,0
DA:46,0
DA:55,0
DA:56,0
DA:69,0
DA:70,0
DA:71,0
DA:85,0
DA:88,0
DA:89,0
DA:90,0
DA:94,0
DA:95,0
DA:97,0
DA:98,0
DA:102,0
DA:104,0
DA:106,0
DA:126,0
DA:133,0
DA:134,0
DA:143,0
DA:144,0
DA:162,0
DA:169,0
DA:170,0
DA:174,0
DA:188,0
DA:189,0
DA:190,0
DA:191,0
LF:32
LH:0
BRDA:45,1,0,0
BRDA:45,1,1,0
BRDA:70,2,0,0
BRDA:70,2,1,0
BRDA:89,3,0,0
BRDA:89,3,1,0
BRDA:95,4,0,0
BRDA:95,4,1,0
BRDA:104,5,0,0
BRDA:104,5,1,0
BRDA:133,6,0,0
BRDA:133,6,1,0
BRDA:169,7,0,0
BRDA:169,7,1,0
BRDA:170,8,0,0
BRDA:170,8,1,0
BRDA:190,9,0,0
BRDA:190,9,1,0
BRF:18
BRH:0
end_of_record
TN:
SF:/Users/akhoshrozeh/Projects/botchainHS/contracts/@openzeppelin/contracts/proxy/Proxy.sol
FN:22,_delegate
FN:58,_fallback
FN:67,
FN:85,_beforeFallback
FNF:4
FNH:0
FNDA:0,_delegate
FNDA:0,_fallback
FNDA:0,
FNDA:0,_beforeFallback
DA:23,0
DA:59,0
DA:60,0
DA:68,0
DA:76,0
LF:5
LH:0
BRF:0
BRH:0
end_of_record
TN:
SF:/Users/akhoshrozeh/Projects/botchainHS/contracts/@openzeppelin/contracts/proxy/transparent/ProxyAdmin.sol
FN:21,getProxyImplementation
FN:36,getProxyAdmin
FN:51,changeProxyAdmin
FN:62,upgrade
FN:78,upgradeAndCall
FNF:5
FNH:0
FNDA:0,getProxyImplementation
FNDA:0,getProxyAdmin
FNDA:0,changeProxyAdmin
FNDA:0,upgrade
FNDA:0,upgradeAndCall
DA:24,0
DA:25,0
DA:26,0
DA:39,0
DA:40,0
DA:41,0
DA:52,0
DA:63,0
DA:79,0
LF:9
LH:0
BRDA:25,1,0,0
BRDA:25,1,1,0
BRDA:40,2,0,0
BRDA:40,2,1,0
BRF:4
BRH:0
end_of_record
TN:
SF:/Users/akhoshrozeh/Projects/botchainHS/contracts/@openzeppelin/contracts/proxy/transparent/TransparentUpgradeableProxy.sol
FN:38,constructor
FN:46,ifAdmin
FN:63,admin
FN:76,implementation
FN:87,changeAdmin
FN:96,upgradeTo
FN:107,upgradeToAndCall
FN:114,_admin
FN:121,_beforeFallback
FNF:9
FNH:0
FNDA:0,constructor
FNDA:0,ifAdmin
FNDA:0,admin
FNDA:0,implementation
FNDA:0,changeAdmin
FNDA:0,upgradeTo
FNDA:0,upgradeToAndCall
FNDA:0,_admin
FNDA:0,_beforeFallback
DA:39,0
DA:40,0
DA:47,0
DA:48,0
DA:50,0
DA:64,0
DA:77,0
DA:88,0
DA:97,0
DA:108,0
DA:115,0
DA:122,0
DA:123,0
LF:13
LH:0
BRDA:47,1,0,0
BRDA:47,1,1,0
BRDA:122,2,0,0
BRDA:122,2,1,0
BRF:4
BRH:0
end_of_record
TN:
SF:/Users/akhoshrozeh/Projects/botchainHS/contracts/@openzeppelin/contracts/proxy/utils/Initializable.sol
FN:49,initializer
FN:72,onlyInitializing
FN:77,_isConstructor
FNF:3
FNH:0
FNDA:0,initializer
FNDA:0,onlyInitializing
FNDA:0,_isConstructor
DA:53,0
DA:55,0
DA:56,0
DA:57,0
DA:58,0
DA:61,0
DA:63,0
DA:64,0
DA:73,0
DA:74,0
DA:78,0
LF:11
LH:0
BRDA:53,1,0,0
BRDA:53,1,1,0
BRDA:56,2,0,0
BRDA:56,2,1,0
BRDA:63,3,0,0
BRDA:63,3,1,0
BRDA:73,4,0,0
BRDA:73,4,1,0
BRF:8
BRH:0
end_of_record
TN:
SF:/Users/akhoshrozeh/Projects/botchainHS/contracts/@openzeppelin/contracts/proxy/utils/UUPSUpgradeable.sol
FN:31,onlyProxy
FN:44,upgradeTo
FN:57,upgradeToAndCall
FNF:3
FNH:0
FNDA:0,onlyProxy
FNDA:0,upgradeTo
FNDA:0,upgradeToAndCall
DA:32,0
DA:33,0
DA:34,0
DA:45,0
DA:46,0
DA:58,0
DA:59,0
LF:7
LH:0
BRDA:32,1,0,0
BRDA:32,1,1,0
BRDA:33,2,0,0
BRDA:33,2,1,0
BRF:4
BRH:0
end_of_record
TN:
SF:/Users/akhoshrozeh/Projects/botchainHS/contracts/@openzeppelin/contracts/security/Pausable.sol
FN:33,constructor
FN:40,paused
FN:51,whenNotPaused
FN:63,whenPaused
FN:75,_pause
FN:87,_unpause
FNF:6
FNH:0
FNDA:0,constructor
FNDA:0,paused
FNDA:0,whenNotPaused
FNDA:0,whenPaused
FNDA:0,_pause
FNDA:0,_unpause
DA:34,0
DA:41,0
DA:52,0
DA:53,0
DA:64,0
DA:65,0
DA:76,0
DA:77,0
DA:88,0
DA:89,0
LF:10
LH:0
BRDA:52,1,0,0
BRDA:52,1,1,0
BRDA:64,2,0,0
BRDA:64,2,1,0
BRF:4
BRH:0
end_of_record
TN:
SF:/Users/akhoshrozeh/Projects/botchainHS/contracts/@openzeppelin/contracts/security/PullPayment.sol
FN:29,constructor
FN:47,withdrawPayments
FN:55,payments
FN:67,_asyncTransfer
FNF:4
FNH:0
FNDA:0,constructor
FNDA:0,withdrawPayments
FNDA:0,payments
FNDA:0,_asyncTransfer
DA:30,0
DA:48,0
DA:56,0
DA:68,0
LF:4
LH:0
BRF:0
BRH:0
end_of_record
TN:
SF:/Users/akhoshrozeh/Projects/botchainHS/contracts/@openzeppelin/contracts/security/ReentrancyGuard.sol
FN:39,constructor
FN:50,nonReentrant
FNF:2
FNH:0
FNDA:0,constructor
FNDA:0,nonReentrant
DA:40,0
DA:52,0
DA:55,0
DA:57,0
DA:61,0
LF:5
LH:0
BRDA:52,1,0,0
BRDA:52,1,1,0
BRF:2
BRH:0
end_of_record
TN:
SF:/Users/akhoshrozeh/Projects/botchainHS/contracts/@openzeppelin/contracts/token/ERC1155/ERC1155.sol
FN:35,constructor
FN:42,supportsInterface
FN:59,uri
FN:70,balanceOf
FN:82,balanceOfBatch
FN:103,setApprovalForAll
FN:110,isApprovedForAll
FN:117,safeTransferFrom
FN:134,safeBatchTransferFrom
FN:160,_safeTransferFrom
FN:195,_safeBatchTransferFrom
FN:245,_setURI
FN:260,_mint
FN:287,_mintBatch
FN:317,_burn
FN:344,_burnBatch
FN:375,_setApprovalForAll
FN:405,_beforeTokenTransfer
FN:414,_doSafeTransferAcceptanceCheck
FN:435,_doSafeBatchTransferAcceptanceCheck
FN:458,_asSingletonArray
FNF:21
FNH:0
FNDA:0,constructor
FNDA:0,supportsInterface
FNDA:0,uri
FNDA:0,balanceOf
FNDA:0,balanceOfBatch
FNDA:0,setApprovalForAll
FNDA:0,isApprovedForAll
FNDA:0,safeTransferFrom
FNDA:0,safeBatchTransferFrom
FNDA:0,_safeTransferFrom
FNDA:0,_safeBatchTransferFrom
FNDA:0,_setURI
FNDA:0,_mint
FNDA:0,_mintBatch
FNDA:0,_burn
FNDA:0,_burnBatch
FNDA:0,_setApprovalForAll
FNDA:0,_beforeTokenTransfer
FNDA:0,_doSafeTransferAcceptanceCheck
FNDA:0,_doSafeBatchTransferAcceptanceCheck
FNDA:0,_asSingletonArray
DA:36,0
DA:43,0
DA:60,0
DA:71,0
DA:72,0
DA:89,0
DA:91,0
DA:93,0
DA:94,0
DA:97,0
DA:104,0
DA:111,0
DA:124,0
DA:128,0
DA:141,0
DA:145,0
DA:167,0
DA:169,0
DA:171,0
DA:173,0
DA:174,0
DA:175,0
DA:178,0
DA:180,0
DA:182,0
DA:202,0
DA:203,0
DA:205,0
DA:207,0
DA:209,0
DA:210,0
DA:211,0
DA:213,0
DA:214,0
DA:215,0
DA:218,0
DA:221,0
DA:223,0
DA:246,0
DA:266,0
DA:268,0
DA:270,0
DA:272,0
DA:273,0
DA:275,0
DA:293,0
DA:294,0
DA:296,0
DA:298,0
DA:300,0
DA:301,0
DA:304,0
DA:306,0
DA:322,0
DA:324,0
DA:326,0
DA:328,0
DA:329,0
DA:330,0
DA:334,0
DA:349,0
DA:350,0
DA:352,0
DA:354,0
DA:356,0
DA:357,0
DA:358,0
DA:360,0
DA:361,0
DA:362,0
DA:367,0
DA:380,0
DA:381,0
DA:382,0
DA:422,0
DA:423,0
DA:424,0
DA:425,0
DA:428,0
DA:430,0
DA:443,0
DA:444,0
DA:447,0
DA:448,0
DA:451,0
DA:453,0
DA:459,0
DA:460,0
DA:462,0
LF:89
LH:0
BRDA:71,1,0,0
BRDA:71,1,1,0
BRDA:89,2,0,0
BRDA:89,2,1,0
BRDA:124,3,0,0
BRDA:124,3,1,0
BRDA:141,4,0,0
BRDA:141,4,1,0
BRDA:167,5,0,0
BRDA:167,5,1,0
BRDA:174,6,0,0
BRDA:174,6,1,0
BRDA:202,7,0,0
BRDA:202,7,1,0
BRDA:203,8,0,0
BRDA:203,8,1,0
BRDA:214,9,0,0
BRDA:214,9,1,0
BRDA:266,10,0,0
BRDA:266,10,1,0
BRDA:293,11,0,0
BRDA:293,11,1,0
BRDA:294,12,0,0
BRDA:294,12,1,0
BRDA:322,13,0,0
BRDA:322,13,1,0
BRDA:329,14,0,0
BRDA:329,14,1,0
BRDA:349,15,0,0
BRDA:349,15,1,0
BRDA:350,16,0,0
BRDA:350,16,1,0
BRDA:361,17,0,0
BRDA:361,17,1,0
BRDA:380,18,0,0
BRDA:380,18,1,0
BRDA:422,19,0,0
BRDA:422,19,1,0
BRDA:424,20,0,0
BRDA:424,20,1,0
BRDA:443,21,0,0
BRDA:443,21,1,0
BRDA:447,22,0,0
BRDA:447,22,1,0
BRF:44
BRH:0
end_of_record
TN:
SF:/Users/akhoshrozeh/Projects/botchainHS/contracts/@openzeppelin/contracts/token/ERC1155/extensions/ERC1155Burnable.sol
FN:15,burn
FN:28,burnBatch
FNF:2
FNH:0
FNDA:0,burn
FNDA:0,burnBatch
DA:20,0
DA:25,0
DA:33,0
DA:38,0
LF:4
LH:0
BRDA:20,1,0,0
BRDA:20,1,1,0
BRDA:33,2,0,0
BRDA:33,2,1,0
BRF:4
BRH:0
end_of_record
TN:
SF:/Users/akhoshrozeh/Projects/botchainHS/contracts/@openzeppelin/contracts/token/ERC1155/extensions/ERC1155Pausable.sol
FN:26,_beforeTokenTransfer
FNF:1
FNH:0
FNDA:0,_beforeTokenTransfer
DA:34,0
DA:36,0
LF:2
LH:0
BRDA:36,1,0,0
BRDA:36,1,1,0
BRF:2
BRH:0
end_of_record
TN:
SF:/Users/akhoshrozeh/Projects/botchainHS/contracts/@openzeppelin/contracts/token/ERC1155/extensions/ERC1155Supply.sol
FN:22,totalSupply
FN:29,exists
FN:36,_beforeTokenTransfer
FNF:3
FNH:0
FNDA:0,totalSupply
FNDA:0,exists
FNDA:0,_beforeTokenTransfer
DA:23,0
DA:30,0
DA:44,0
DA:46,0
DA:47,0
DA:48,0
DA:52,0
DA:53,0
DA:54,0
LF:9
LH:0
BRDA:46,1,0,0
BRDA:46,1,1,0
BRDA:52,2,0,0
BRDA:52,2,1,0
BRF:4
BRH:0
end_of_record
TN:
SF:/Users/akhoshrozeh/Projects/botchainHS/contracts/@openzeppelin/contracts/token/ERC1155/extensions/IERC1155MetadataURI.sol
FNF:0
FNH:0
LF:0
LH:0
BRF:0
BRH:0
end_of_record
TN:
SF:/Users/akhoshrozeh/Projects/botchainHS/contracts/@openzeppelin/contracts/token/ERC1155/IERC1155.sol
FNF:0
FNH:0
LF:0
LH:0
BRF:0
BRH:0
end_of_record
TN:
SF:/Users/akhoshrozeh/Projects/botchainHS/contracts/@openzeppelin/contracts/token/ERC1155/IERC1155Receiver.sol
FNF:0
FNH:0
LF:0
LH:0
BRF:0
BRH:0
end_of_record
TN:
SF:/Users/akhoshrozeh/Projects/botchainHS/contracts/@openzeppelin/contracts/token/ERC1155/presets/ERC1155PresetMinterPauser.sol
FN:34,constructor
FN:50,mint
FN:64,mintBatch
FN:84,pause
FN:98,unpause
FN:106,supportsInterface
FN:116,_beforeTokenTransfer
FNF:7
FNH:0
FNDA:0,constructor
FNDA:0,mint
FNDA:0,mintBatch
FNDA:0,pause
FNDA:0,unpause
FNDA:0,supportsInterface
FNDA:0,_beforeTokenTransfer
DA:35,0
DA:37,0
DA:38,0
DA:56,0
DA:58,0
DA:70,0
DA:72,0
DA:85,0
DA:86,0
DA:99,0
DA:100,0
DA:113,0
DA:124,0
LF:13
LH:0
BRDA:56,1,0,0
BRDA:56,1,1,0
BRDA:70,2,0,0
BRDA:70,2,1,0
BRDA:85,3,0,0
BRDA:85,3,1,0
BRDA:99,4,0,0
BRDA:99,4,1,0
BRF:8
BRH:0
end_of_record
TN:
SF:/Users/akhoshrozeh/Projects/botchainHS/contracts/@openzeppelin/contracts/token/ERC1155/utils/ERC1155Holder.sol
FN:12,onERC1155Received
FN:22,onERC1155BatchReceived
FNF:2
FNH:0
FNDA:0,onERC1155Received
FNDA:0,onERC1155BatchReceived
DA:19,0
DA:29,0
LF:2
LH:0
BRF:0
BRH:0
end_of_record
TN:
SF:/Users/akhoshrozeh/Projects/botchainHS/contracts/@openzeppelin/contracts/token/ERC1155/utils/ERC1155Receiver.sol
FN:16,supportsInterface
FNF:1
FNH:0
FNDA:0,supportsInterface
DA:17,0
LF:1
LH:0
BRF:0
BRH:0
end_of_record
TN:
SF:/Users/akhoshrozeh/Projects/botchainHS/contracts/@openzeppelin/contracts/token/ERC20/ERC20.sol
FN:54,constructor
FN:62,name
FN:70,symbol
FN:87,decimals
FN:94,totalSupply
FN:101,balanceOf
FN:113,transfer
FN:121,allowance
FN:132,approve
FN:150,transferFrom
FN:178,increaseAllowance
FN:197,decreaseAllowance
FN:221,_transfer
FN:252,_mint
FN:275,_burn
FN:305,_approve
FN:331,_beforeTokenTransfer
FN:351,_afterTokenTransfer
FNF:18
FNH:0
FNDA:0,constructor
FNDA:0,name
FNDA:0,symbol
FNDA:0,decimals
FNDA:0,totalSupply
FNDA:0,balanceOf
FNDA:0,transfer
FNDA:0,allowance
FNDA:0,approve
FNDA:0,transferFrom
FNDA:0,increaseAllowance
FNDA:0,decreaseAllowance
FNDA:0,_transfer
FNDA:0,_mint
FNDA:0,_burn
FNDA:0,_approve
FNDA:0,_beforeTokenTransfer
FNDA:0,_afterTokenTransfer
DA:55,0
DA:56,0
DA:63,0
DA:71,0
DA:88,0
DA:95,0
DA:102,0
DA:114,0
DA:115,0
DA:122,0
DA:133,0
DA:134,0
DA:155,0
DA:157,0
DA:158,0
DA:159,0
DA:163,0
DA:179,0
DA:180,0
DA:198,0
DA:199,0
DA:200,0
DA:204,0
DA:226,0
DA:227,0
DA:229,0
DA:231,0
DA:232,0
DA:233,0
DA:236,0
DA:238,0
DA:240,0
DA:253,0
DA:255,0
DA:257,0
DA:258,0
DA:259,0
DA:261,0
DA:276,0
DA:278,0
DA:280,0
DA:281,0
DA:282,0
DA:285,0
DA:287,0
DA:289,0
DA:310,0
DA:311,0
DA:313,0
DA:314,0
LF:50
LH:0
BRDA:158,1,0,0
BRDA:158,1,1,0
BRDA:199,2,0,0
BRDA:199,2,1,0
BRDA:226,3,0,0
BRDA:226,3,1,0
BRDA:227,4,0,0
BRDA:227,4,1,0
BRDA:232,5,0,0
BRDA:232,5,1,0
BRDA:253,6,0,0
BRDA:253,6,1,0
BRDA:276,7,0,0
BRDA:276,7,1,0
BRDA:281,8,0,0
BRDA:281,8,1,0
BRDA:310,9,0,0
BRDA:310,9,1,0
BRDA:311,10,0,0
BRDA:311,10,1,0
BRF:20
BRH:0
end_of_record
TN:
SF:/Users/akhoshrozeh/Projects/botchainHS/contracts/@openzeppelin/contracts/token/ERC20/extensions/draft-ERC20Permit.sol
FN:36,constructor
FN:41,permit
FN:65,nonces
FN:73,DOMAIN_SEPARATOR
FN:82,_useNonce
FNF:5
FNH:0
FNDA:0,constructor
FNDA:0,permit
FNDA:0,nonces
FNDA:0,DOMAIN_SEPARATOR
FNDA:0,_useNonce
DA:50,0
DA:52,0
DA:54,0
DA:56,0
DA:57,0
DA:59,0
DA:66,0
DA:74,0
DA:83,0
DA:84,0
DA:85,0
LF:11
LH:0
BRDA:50,1,0,0
BRDA:50,1,1,0
BRDA:57,2,0,0
BRDA:57,2,1,0
BRF:4
BRH:0
end_of_record
TN:
SF:/Users/akhoshrozeh/Projects/botchainHS/contracts/@openzeppelin/contracts/token/ERC20/extensions/draft-IERC20Permit.sol
FNF:0
FNH:0
LF:0
LH:0
BRF:0
BRH:0
end_of_record
TN:
SF:/Users/akhoshrozeh/Projects/botchainHS/contracts/@openzeppelin/contracts/token/ERC20/extensions/ERC20Burnable.sol
FN:20,burn
FN:35,burnFrom
FNF:2
FNH:0
FNDA:0,burn
FNDA:0,burnFrom
DA:21,0
DA:36,0
DA:37,0
DA:38,0
DA:41,0
LF:5
LH:0
BRDA:37,1,0,0
BRDA:37,1,1,0
BRF:2
BRH:0
end_of_record
TN:
SF:/Users/akhoshrozeh/Projects/botchainHS/contracts/@openzeppelin/contracts/token/ERC20/extensions/ERC20Capped.sol
FN:18,constructor
FN:26,cap
FN:33,_mint
FNF:3
FNH:0
FNDA:0,constructor
FNDA:0,cap
FNDA:0,_mint
DA:19,0
DA:20,0
DA:27,0
DA:34,0
DA:35,0
LF:5
LH:0
BRDA:19,1,0,0
BRDA:19,1,1,0
BRDA:34,2,0,0
BRDA:34,2,1,0
BRF:4
BRH:0
end_of_record
TN:
SF:/Users/akhoshrozeh/Projects/botchainHS/contracts/@openzeppelin/contracts/token/ERC20/extensions/ERC20FlashMint.sol
FN:26,maxFlashLoan
FN:38,flashFee
FN:59,flashLoan
FNF:3
FNH:0
FNDA:0,maxFlashLoan
FNDA:0,flashFee
FNDA:0,flashLoan
DA:27,0
DA:39,0
DA:41,0
DA:42,0
DA:65,0
DA:66,0
DA:67,0
DA:71,0
DA:72,0
DA:73,0
DA:74,0
DA:75,0
LF:12
LH:0
BRDA:39,1,0,0
BRDA:39,1,1,0
BRDA:67,2,0,0
BRDA:67,2,1,0
BRDA:72,3,0,0
BRDA:72,3,1,0
BRF:6
BRH:0
end_of_record
TN:
SF:/Users/akhoshrozeh/Projects/botchainHS/contracts/@openzeppelin/contracts/token/ERC20/extensions/ERC20Pausable.sol
FN:24,_beforeTokenTransfer
FNF:1
FNH:0
FNDA:0,_beforeTokenTransfer
DA:29,0
DA:31,0
LF:2
LH:0
BRDA:31,1,0,0
BRDA:31,1,1,0
BRF:2
BRH:0
end_of_record
TN:
SF:/Users/akhoshrozeh/Projects/botchainHS/contracts/@openzeppelin/contracts/token/ERC20/extensions/ERC20Snapshot.sol
FN:88,_snapshot
FN:99,_getCurrentSnapshotId
FN:106,balanceOfAt
FN:115,totalSupplyAt
FN:123,_beforeTokenTransfer
FN:145,_valueAt
FN:172,_updateAccountSnapshot
FN:176,_updateTotalSupplySnapshot
FN:180,_updateSnapshot
FN:188,_lastSnapshotId
FNF:10
FNH:0
FNDA:0,_snapshot
FNDA:0,_getCurrentSnapshotId
FNDA:0,balanceOfAt
FNDA:0,totalSupplyAt
FNDA:0,_beforeTokenTransfer
FNDA:0,_valueAt
FNDA:0,_updateAccountSnapshot
FNDA:0,_updateTotalSupplySnapshot
FNDA:0,_updateSnapshot
FNDA:0,_lastSnapshotId
DA:89,0
DA:91,0
DA:92,0
DA:93,0
DA:100,0
DA:107,0
DA:109,0
DA:116,0
DA:118,0
DA:128,0
DA:130,0
DA:132,0
DA:133,0
DA:136,0
DA:137,0
DA:140,0
DA:141,0
DA:146,0
DA:147,0
DA:163,0
DA:165,0
DA:166,0
DA:168,0
DA:173,0
DA:177,0
DA:181,0
DA:182,0
DA:183,0
DA:184,0
DA:189,0
DA:190,0
DA:192,0
LF:32
LH:0
BRDA:130,1,0,0
BRDA:130,1,1,0
BRDA:134,2,0,0
BRDA:134,2,1,0
BRDA:146,3,0,0
BRDA:146,3,1,0
BRDA:147,4,0,0
BRDA:147,4,1,0
BRDA:165,5,0,0
BRDA:165,5,1,0
BRDA:182,6,0,0
BRDA:182,6,1,0
BRDA:189,7,0,0
BRDA:189,7,1,0
BRF:14
BRH:0
end_of_record
TN:
SF:/Users/akhoshrozeh/Projects/botchainHS/contracts/@openzeppelin/contracts/token/ERC20/extensions/ERC20Votes.sol
FN:54,checkpoints
FN:61,numCheckpoints
FN:68,delegates
FN:75,getVotes
FN:87,getPastVotes
FN:100,getPastTotalSupply
FN:108,_checkpointsLookup
FN:137,delegate
FN:144,delegateBySig
FN:166,_maxSupply
FN:173,_mint
FN:183,_burn
FN:194,_afterTokenTransfer
FN:209,_delegate
FN:219,_moveVotingPower
FN:237,_writeCheckpoint
FN:253,_add
FN:257,_subtract
FNF:18
FNH:0
FNDA:0,checkpoints
FNDA:0,numCheckpoints
FNDA:0,delegates
FNDA:0,getVotes
FNDA:0,getPastVotes
FNDA:0,getPastTotalSupply
FNDA:0,_checkpointsLookup
FNDA:0,delegate
FNDA:0,delegateBySig
FNDA:0,_maxSupply
FNDA:0,_mint
FNDA:0,_burn
FNDA:0,_afterTokenTransfer
FNDA:0,_delegate
FNDA:0,_moveVotingPower
FNDA:0,_writeCheckpoint
FNDA:0,_add
FNDA:0,_subtract
DA:55,0
DA:62,0
DA:69,0
DA:76,0
DA:77,0
DA:88,0
DA:89,0
DA:101,0
DA:102,0
DA:120,0
DA:121,0
DA:122,0
DA:123,0
DA:124,0
DA:125,0
DA:127,0
DA:131,0
DA:138,0
DA:152,0
DA:153,0
DA:159,0
DA:160,0
DA:167,0
DA:174,0
DA:175,0
DA:177,0
DA:184,0
DA:186,0
DA:199,0
DA:201,0
DA:210,0
DA:211,0
DA:212,0
DA:214,0
DA:216,0
DA:224,0
DA:225,0
DA:226,0
DA:227,0
DA:230,0
DA:231,0
DA:232,0
DA:242,0
DA:243,0
DA:244,0
DA:246,0
DA:247,0
DA:249,0
DA:254,0
DA:258,0
LF:50
LH:0
BRDA:88,1,0,0
BRDA:88,1,1,0
BRDA:101,2,0,0
BRDA:101,2,1,0
BRDA:124,3,0,0
BRDA:124,3,1,0
BRDA:152,4,0,0
BRDA:152,4,1,0
BRDA:159,5,0,0
BRDA:159,5,1,0
BRDA:175,6,0,0
BRDA:175,6,1,0
BRDA:224,7,0,0
BRDA:224,7,1,0
BRDA:225,8,0,0
BRDA:225,8,1,0
BRDA:230,9,0,0
BRDA:230,9,1,0
BRDA:246,10,0,0
BRDA:246,10,1,0
BRF:20
BRH:0
end_of_record
TN:
SF:/Users/akhoshrozeh/Projects/botchainHS/contracts/@openzeppelin/contracts/token/ERC20/extensions/ERC20VotesComp.sol
FN:31,getCurrentVotes
FN:38,getPriorVotes
FN:45,_maxSupply
FNF:3
FNH:0
FNDA:0,getCurrentVotes
FNDA:0,getPriorVotes
FNDA:0,_maxSupply
DA:32,0
DA:39,0
DA:46,0
LF:3
LH:0
BRF:0
BRH:0
end_of_record
TN:
SF:/Users/akhoshrozeh/Projects/botchainHS/contracts/@openzeppelin/contracts/token/ERC20/extensions/ERC20Wrapper.sol
FN:21,constructor
FN:28,depositFor
FN:37,withdrawTo
FN:47,_recover
FNF:4
FNH:0
FNDA:0,constructor
FNDA:0,depositFor
FNDA:0,withdrawTo
FNDA:0,_recover
DA:22,0
DA:29,0
DA:30,0
DA:31,0
DA:38,0
DA:39,0
DA:40,0
DA:48,0
DA:49,0
DA:50,0
LF:10
LH:0
BRF:0
BRH:0
end_of_record
TN:
SF:/Users/akhoshrozeh/Projects/botchainHS/contracts/@openzeppelin/contracts/token/ERC20/extensions/IERC20Metadata.sol
FNF:0
FNH:0
LF:0
LH:0
BRF:0
BRH:0
end_of_record
TN:
SF:/Users/akhoshrozeh/Projects/botchainHS/contracts/@openzeppelin/contracts/token/ERC20/IERC20.sol
FNF:0
FNH:0
LF:0
LH:0
BRF:0
BRH:0
end_of_record
TN:
SF:/Users/akhoshrozeh/Projects/botchainHS/contracts/@openzeppelin/contracts/token/ERC20/presets/ERC20PresetFixedSupply.sol
FN:30,constructor
FNF:1
FNH:0
FNDA:0,constructor
DA:31,0
LF:1
LH:0
BRF:0
BRH:0
end_of_record
TN:
SF:/Users/akhoshrozeh/Projects/botchainHS/contracts/@openzeppelin/contracts/token/ERC20/presets/ERC20PresetMinterPauser.sol
FN:36,constructor
FN:52,mint
FN:66,pause
FN:80,unpause
FN:85,_beforeTokenTransfer
FNF:5
FNH:0
FNDA:0,constructor
FNDA:0,mint
FNDA:0,pause
FNDA:0,unpause
FNDA:0,_beforeTokenTransfer
DA:37,0
DA:39,0
DA:40,0
DA:53,0
DA:54,0
DA:67,0
DA:68,0
DA:81,0
DA:82,0
DA:90,0
LF:10
LH:0
BRDA:53,1,0,0
BRDA:53,1,1,0
BRDA:67,2,0,0
BRDA:67,2,1,0
BRDA:81,3,0,0
BRDA:81,3,1,0
BRF:6
BRH:0
end_of_record
TN:
SF:/Users/akhoshrozeh/Projects/botchainHS/contracts/@openzeppelin/contracts/token/ERC20/utils/SafeERC20.sol
FN:21,safeTransfer
FN:29,safeTransferFrom
FN:45,safeApprove
FN:60,safeIncreaseAllowance
FN:69,safeDecreaseAllowance
FN:88,_callOptionalReturn
FNF:6
FNH:0
FNDA:0,safeTransfer
FNDA:0,safeTransferFrom
FNDA:0,safeApprove
FNDA:0,safeIncreaseAllowance
FNDA:0,safeDecreaseAllowance
FNDA:0,_callOptionalReturn
DA:26,0
DA:35,0
DA:53,0
DA:57,0
DA:65,0
DA:66,0
DA:74,0
DA:93,0
DA:94,0
DA:96,0
LF:10
LH:0
BRDA:53,1,0,0
BRDA:53,1,1,0
BRDA:94,2,0,0
BRDA:94,2,1,0
BRDA:96,3,0,0
BRDA:96,3,1,0
BRF:6
BRH:0
end_of_record
TN:
SF:/Users/akhoshrozeh/Projects/botchainHS/contracts/@openzeppelin/contracts/token/ERC20/utils/TokenTimelock.sol
FN:27,constructor
FN:41,token
FN:48,beneficiary
FN:55,releaseTime
FN:62,release
FNF:5
FNH:0
FNDA:0,constructor
FNDA:0,token
FNDA:0,beneficiary
FNDA:0,releaseTime
FNDA:0,release
DA:32,0
DA:33,0
DA:34,0
DA:35,0
DA:42,0
DA:49,0
DA:56,0
DA:63,0
DA:65,0
DA:66,0
DA:68,0
LF:11
LH:0
BRDA:32,1,0,0
BRDA:32,1,1,0
BRDA:63,2,0,0
BRDA:63,2,1,0
BRDA:66,3,0,0
BRDA:66,3,1,0
BRF:6
BRH:0
end_of_record
TN:
SF:/Users/akhoshrozeh/Projects/botchainHS/contracts/@openzeppelin/contracts/token/ERC721/ERC721.sol
FN:44,constructor
FN:52,supportsInterface
FN:62,balanceOf
FN:70,ownerOf
FN:79,name
FN:86,symbol
FN:93,tokenURI
FN:105,_baseURI
FN:112,approve
FN:127,getApproved
FN:136,setApprovalForAll
FN:143,isApprovedForAll
FN:150,transferFrom
FN:164,safeTransferFrom
FN:175,safeTransferFrom
FN:203,_safeTransfer
FN:221,_exists
FN:232,_isApprovedOrOwner
FN:248,_safeMint
FN:256,_safeMint
FN:280,_mint
FN:302,_burn
FN:327,_transfer
FN:352,_approve
FN:362,_setApprovalForAll
FN:382,_checkOnERC721Received
FN:419,_beforeTokenTransfer
FNF:27
FNH:0
FNDA:0,constructor
FNDA:0,supportsInterface
FNDA:0,balanceOf
FNDA:0,ownerOf
FNDA:0,name
FNDA:0,symbol
FNDA:0,tokenURI
FNDA:0,_baseURI
FNDA:0,approve
FNDA:0,getApproved
FNDA:0,setApprovalForAll
FNDA:0,isApprovedForAll
FNDA:0,transferFrom
FNDA:0,safeTransferFrom
FNDA:0,safeTransferFrom
FNDA:0,_safeTransfer
FNDA:0,_exists
FNDA:0,_isApprovedOrOwner
FNDA:0,_safeMint
FNDA:0,_safeMint
FNDA:0,_mint
FNDA:0,_burn
FNDA:0,_transfer
FNDA:0,_approve
FNDA:0,_setApprovalForAll
FNDA:0,_checkOnERC721Received
FNDA:0,_beforeTokenTransfer
DA:45,0
DA:46,0
DA:53,0
DA:63,0
DA:64,0
DA:71,0
DA:72,0
DA:73,0
DA:80,0
DA:87,0
DA:94,0
DA:96,0
DA:97,0
DA:106,0
DA:113,0
DA:114,0
DA:116,0
DA:121,0
DA:128,0
DA:130,0
DA:137,0
DA:144,0
DA:156,0
DA:158,0
DA:169,0
DA:181,0
DA:182,0
DA:209,0
DA:210,0
DA:222,0
DA:233,0
DA:234,0
DA:235,0
DA:249,0
DA:261,0
DA:262,0
DA:281,0
DA:282,0
DA:284,0
DA:286,0
DA:287,0
DA:289,0
DA:303,0
DA:305,0
DA:308,0
DA:310,0
DA:311,0
DA:313,0
DA:332,0
DA:333,0
DA:335,0
DA:338,0
DA:340,0
DA:341,0
DA:342,0
DA:344,0
DA:353,0
DA:354,0
DA:367,0
DA:368,0
DA:369,0
DA:388,0
DA:389,0
DA:390,0
DA:392,0
DA:393,0
DA:395,0
DA:401,0
LF:68
LH:0
BRDA:63,1,0,0
BRDA:63,1,1,0
BRDA:72,2,0,0
BRDA:72,2,1,0
BRDA:94,3,0,0
BRDA:94,3,1,0
BRDA:114,4,0,0
BRDA:114,4,1,0
BRDA:116,5,0,0
BRDA:116,5,1,0
BRDA:128,6,0,0
BRDA:128,6,1,0
BRDA:156,7,0,0
BRDA:156,7,1,0
BRDA:181,8,0,0
BRDA:181,8,1,0
BRDA:210,9,0,0
BRDA:210,9,1,0
BRDA:233,10,0,0
BRDA:233,10,1,0
BRDA:262,11,0,0
BRDA:262,11,1,0
BRDA:281,12,0,0
BRDA:281,12,1,0
BRDA:282,13,0,0
BRDA:282,13,1,0
BRDA:332,14,0,0
BRDA:332,14,1,0
BRDA:333,15,0,0
BRDA:333,15,1,0
BRDA:367,16,0,0
BRDA:367,16,1,0
BRDA:388,17,0,0
BRDA:388,17,1,0
BRDA:392,18,0,0
BRDA:392,18,1,0
BRF:36
BRH:0
end_of_record
TN:
SF:/Users/akhoshrozeh/Projects/botchainHS/contracts/@openzeppelin/contracts/token/ERC721/extensions/ERC721Burnable.sol
FN:21,burn
FNF:1
FNH:0
FNDA:0,burn
DA:23,0
DA:24,0
LF:2
LH:0
BRDA:23,1,0,0
BRDA:23,1,1,0
BRF:2
BRH:0
end_of_record
TN:
SF:/Users/akhoshrozeh/Projects/botchainHS/contracts/@openzeppelin/contracts/token/ERC721/extensions/ERC721Enumerable.sol
FN:30,supportsInterface
FN:37,tokenOfOwnerByIndex
FN:45,totalSupply
FN:52,tokenByIndex
FN:72,_beforeTokenTransfer
FN:96,_addTokenToOwnerEnumeration
FN:106,_addTokenToAllTokensEnumeration
FN:119,_removeTokenFromOwnerEnumeration
FN:144,_removeTokenFromAllTokensEnumeration
FNF:9
FNH:0
FNDA:0,supportsInterface
FNDA:0,tokenOfOwnerByIndex
FNDA:0,totalSupply
FNDA:0,tokenByIndex
FNDA:0,_beforeTokenTransfer
FNDA:0,_addTokenToOwnerEnumeration
FNDA:0,_addTokenToAllTokensEnumeration
FNDA:0,_removeTokenFromOwnerEnumeration
FNDA:0,_removeTokenFromAllTokensEnumeration
DA:31,0
DA:38,0
DA:39,0
DA:46,0
DA:53,0
DA:54,0
DA:77,0
DA:79,0
DA:80,0
DA:82,0
DA:84,0
DA:85,0
DA:87,0
DA:97,0
DA:98,0
DA:99,0
DA:107,0
DA:108,0
DA:123,0
DA:124,0
DA:127,0
DA:128,0
DA:130,0
DA:131,0
DA:135,0
DA:136,0
DA:148,0
DA:149,0
DA:154,0
DA:156,0
DA:157,0
DA:160,0
DA:161,0
LF:33
LH:0
BRDA:38,1,0,0
BRDA:38,1,1,0
BRDA:53,2,0,0
BRDA:53,2,1,0
BRDA:79,3,0,0
BRDA:79,3,1,0
BRDA:81,4,0,0
BRDA:81,4,1,0
BRDA:84,5,0,0
BRDA:84,5,1,0
BRDA:86,6,0,0
BRDA:86,6,1,0
BRDA:127,7,0,0
BRDA:127,7,1,0
BRF:14
BRH:0
end_of_record
TN:
SF:/Users/akhoshrozeh/Projects/botchainHS/contracts/@openzeppelin/contracts/token/ERC721/extensions/ERC721Pausable.sol
FN:24,_beforeTokenTransfer
FNF:1
FNH:0
FNDA:0,_beforeTokenTransfer
DA:29,0
DA:31,0
LF:2
LH:0
BRDA:31,1,0,0
BRDA:31,1,1,0
BRF:2
BRH:0
end_of_record
TN:
SF:/Users/akhoshrozeh/Projects/botchainHS/contracts/@openzeppelin/contracts/token/ERC721/extensions/ERC721URIStorage.sol
FN:20,tokenURI
FN:45,_setTokenURI
FN:60,_burn
FNF:3
FNH:0
FNDA:0,tokenURI
FNDA:0,_setTokenURI
FNDA:0,_burn
DA:21,0
DA:23,0
DA:24,0
DA:27,0
DA:28,0
DA:31,0
DA:32,0
DA:35,0
DA:46,0
DA:47,0
DA:61,0
DA:63,0
DA:64,0
LF:13
LH:0
BRDA:21,1,0,0
BRDA:21,1,1,0
BRDA:27,2,0,0
BRDA:27,2,1,0
BRDA:31,3,0,0
BRDA:31,3,1,0
BRDA:46,4,0,0
BRDA:46,4,1,0
BRDA:63,5,0,0
BRDA:63,5,1,0
BRF:10
BRH:0
end_of_record
TN:
SF:/Users/akhoshrozeh/Projects/botchainHS/contracts/@openzeppelin/contracts/token/ERC721/extensions/IERC721Enumerable.sol
FNF:0
FNH:0
LF:0
LH:0
BRF:0
BRH:0
end_of_record
TN:
SF:/Users/akhoshrozeh/Projects/botchainHS/contracts/@openzeppelin/contracts/token/ERC721/extensions/IERC721Metadata.sol
FNF:0
FNH:0
LF:0
LH:0
BRF:0
BRH:0
end_of_record
TN:
SF:/Users/akhoshrozeh/Projects/botchainHS/contracts/@openzeppelin/contracts/token/ERC721/IERC721.sol
FNF:0
FNH:0
LF:0
LH:0
BRF:0
BRH:0
end_of_record
TN:
SF:/Users/akhoshrozeh/Projects/botchainHS/contracts/@openzeppelin/contracts/token/ERC721/IERC721Receiver.sol
FNF:0
FNH:0
LF:0
LH:0
BRF:0
BRH:0
end_of_record
TN:
SF:/Users/akhoshrozeh/Projects/botchainHS/contracts/@openzeppelin/contracts/token/ERC721/presets/ERC721PresetMinterPauserAutoId.sol
FN:56,constructor
FN:65,_baseURI
FN:80,mint
FN:98,pause
FN:112,unpause
FN:117,_beforeTokenTransfer
FN:128,supportsInterface
FNF:7
FNH:0
FNDA:0,constructor
FNDA:0,_baseURI
FNDA:0,mint
FNDA:0,pause
FNDA:0,unpause
FNDA:0,_beforeTokenTransfer
FNDA:0,supportsInterface
DA:57,0
DA:59,0
DA:61,0
DA:62,0
DA:66,0
DA:81,0
DA:85,0
DA:86,0
DA:99,0
DA:100,0
DA:113,0
DA:114,0
DA:122,0
DA:135,0
LF:14
LH:0
BRDA:81,1,0,0
BRDA:81,1,1,0
BRDA:99,2,0,0
BRDA:99,2,1,0
BRDA:113,3,0,0
BRDA:113,3,1,0
BRF:6
BRH:0
end_of_record
TN:
SF:/Users/akhoshrozeh/Projects/botchainHS/contracts/@openzeppelin/contracts/token/ERC721/utils/ERC721Holder.sol
FN:20,onERC721Received
FNF:1
FNH:0
FNDA:0,onERC721Received
DA:26,0
LF:1
LH:0
BRF:0
BRH:0
end_of_record
TN:
SF:/Users/akhoshrozeh/Projects/botchainHS/contracts/@openzeppelin/contracts/token/ERC777/ERC777.sol
FN:60,constructor
FN:81,name
FN:88,symbol
FN:98,decimals
FN:107,granularity
FN:114,totalSupply
FN:121,balanceOf
FN:130,send
FN:146,transfer
FN:165,burn
FN:172,isOperatorFor
FN:182,authorizeOperator
FN:197,revokeOperator
FN:212,defaultOperators
FN:221,operatorSend
FN:237,operatorBurn
FN:254,allowance
FN:263,approve
FN:278,transferFrom
FN:318,_mint
FN:345,_mint
FN:377,_send
FN:404,_burn
FN:430,_move
FN:456,_approve
FN:477,_callTokensToSend
FN:502,_callTokensReceived
FN:533,_beforeTokenTransfer
FNF:28
FNH:0
FNDA:0,constructor
FNDA:0,name
FNDA:0,symbol
FNDA:0,decimals
FNDA:0,granularity
FNDA:0,totalSupply
FNDA:0,balanceOf
FNDA:0,send
FNDA:0,transfer
FNDA:0,burn
FNDA:0,isOperatorFor
FNDA:0,authorizeOperator
FNDA:0,revokeOperator
FNDA:0,defaultOperators
FNDA:0,operatorSend
FNDA:0,operatorBurn
FNDA:0,allowance
FNDA:0,approve
FNDA:0,transferFrom
FNDA:0,_mint
FNDA:0,_mint
FNDA:0,_send
FNDA:0,_burn
FNDA:0,_move
FNDA:0,_approve
FNDA:0,_callTokensToSend
FNDA:0,_callTokensReceived
FNDA:0,_beforeTokenTransfer
DA:65,0
DA:66,0
DA:68,0
DA:69,0
DA:70,0
DA:74,0
DA:75,0
DA:82,0
DA:89,0
DA:99,0
DA:108,0
DA:115,0
DA:122,0
DA:135,0
DA:147,0
DA:149,0
DA:151,0
DA:153,0
DA:155,0
DA:157,0
DA:166,0
DA:173,0
DA:183,0
DA:185,0
DA:186,0
DA:188,0
DA:191,0
DA:198,0
DA:200,0
DA:201,0
DA:203,0
DA:206,0
DA:213,0
DA:228,0
DA:229,0
DA:243,0
DA:244,0
DA:255,0
DA:264,0
DA:265,0
DA:266,0
DA:283,0
DA:284,0
DA:286,0
DA:288,0
DA:290,0
DA:292,0
DA:293,0
DA:294,0
DA:296,0
DA:298,0
DA:324,0
DA:352,0
DA:354,0
DA:356,0
DA:359,0
DA:360,0
DA:362,0
DA:364,0
DA:365,0
DA:385,0
DA:386,0
DA:388,0
DA:390,0
DA:392,0
DA:394,0
DA:410,0
DA:412,0
DA:414,0
DA:416,0
DA:419,0
DA:420,0
DA:421,0
DA:424,0
DA:426,0
DA:427,0
DA:438,0
DA:440,0
DA:441,0
DA:442,0
DA:445,0
DA:447,0
DA:448,0
DA:461,0
DA:462,0
DA:464,0
DA:465,0
DA:485,0
DA:486,0
DA:487,0
DA:511,0
DA:512,0
DA:513,0
DA:515,0
LF:94
LH:0
BRDA:147,1,0,0
BRDA:147,1,1,0
BRDA:183,2,0,0
BRDA:183,2,1,0
BRDA:185,3,0,0
BRDA:185,3,1,0
BRDA:198,4,0,0
BRDA:198,4,1,0
BRDA:200,5,0,0
BRDA:200,5,1,0
BRDA:228,6,0,0
BRDA:228,6,1,0
BRDA:243,7,0,0
BRDA:243,7,1,0
BRDA:283,8,0,0
BRDA:283,8,1,0
BRDA:284,9,0,0
BRDA:284,9,1,0
BRDA:293,10,0,0
BRDA:293,10,1,0
BRDA:352,11,0,0
BRDA:352,11,1,0
BRDA:385,12,0,0
BRDA:385,12,1,0
BRDA:386,13,0,0
BRDA:386,13,1,0
BRDA:410,14,0,0
BRDA:410,14,1,0
BRDA:420,15,0,0
BRDA:420,15,1,0
BRDA:441,16,0,0
BRDA:441,16,1,0
BRDA:461,17,0,0
BRDA:461,17,1,0
BRDA:462,18,0,0
BRDA:462,18,1,0
BRDA:486,19,0,0
BRDA:486,19,1,0
BRDA:512,20,0,0
BRDA:512,20,1,0
BRDA:514,21,0,0
BRDA:514,21,1,0
BRDA:515,22,0,0
BRDA:515,22,1,0
BRF:44
BRH:0
end_of_record
TN:
SF:/Users/akhoshrozeh/Projects/botchainHS/contracts/@openzeppelin/contracts/token/ERC777/IERC777.sol
FNF:0
FNH:0
LF:0
LH:0
BRF:0
BRH:0
end_of_record
TN:
SF:/Users/akhoshrozeh/Projects/botchainHS/contracts/@openzeppelin/contracts/token/ERC777/IERC777Recipient.sol
FNF:0
FNH:0
LF:0
LH:0
BRF:0
BRH:0
end_of_record
TN:
SF:/Users/akhoshrozeh/Projects/botchainHS/contracts/@openzeppelin/contracts/token/ERC777/IERC777Sender.sol
FNF:0
FNH:0
LF:0
LH:0
BRF:0
BRH:0
end_of_record
TN:
SF:/Users/akhoshrozeh/Projects/botchainHS/contracts/@openzeppelin/contracts/token/ERC777/presets/ERC777PresetFixedSupply.sol
FN:27,constructor
FNF:1
FNH:0
FNDA:0,constructor
DA:28,0
LF:1
LH:0
BRF:0
BRH:0
end_of_record
TN:
SF:/Users/akhoshrozeh/Projects/botchainHS/contracts/@openzeppelin/contracts/utils/Address.sol
FN:27,isContract
FN:55,sendValue
FN:80,functionCall
FN:90,functionCall
FN:109,functionCallWithValue
FN:123,functionCallWithValue
FN:142,functionStaticCall
FN:152,functionStaticCall
FN:169,functionDelegateCall
FN:179,functionDelegateCall
FN:196,verifyCallResult
FNF:11
FNH:0
FNDA:0,isContract
FNDA:0,sendValue
FNDA:0,functionCall
FNDA:0,functionCall
FNDA:0,functionCallWithValue
FNDA:0,functionCallWithValue
FNDA:0,functionStaticCall
FNDA:0,functionStaticCall
FNDA:0,functionDelegateCall
FNDA:0,functionDelegateCall
FNDA:0,verifyCallResult
DA:32,0
DA:33,0
DA:36,0
DA:56,0
DA:58,0
DA:59,0
DA:81,0
DA:95,0
DA:114,0
DA:129,0
DA:130,0
DA:132,0
DA:133,0
DA:143,0
DA:157,0
DA:159,0
DA:160,0
DA:170,0
DA:184,0
DA:186,0
DA:187,0
DA:201,0
DA:202,0
DA:205,0
DA:208,0
DA:213,0
LF:26
LH:0
BRDA:56,1,0,0
BRDA:56,1,1,0
BRDA:59,2,0,0
BRDA:59,2,1,0
BRDA:129,3,0,0
BRDA:129,3,1,0
BRDA:130,4,0,0
BRDA:130,4,1,0
BRDA:157,5,0,0
BRDA:157,5,1,0
BRDA:184,6,0,0
BRDA:184,6,1,0
BRDA:201,7,0,0
BRDA:201,7,1,0
BRDA:205,8,0,0
BRDA:205,8,1,0
BRF:16
BRH:0
end_of_record
TN:
SF:/Users/akhoshrozeh/Projects/botchainHS/contracts/@openzeppelin/contracts/utils/Arrays.sol
FN:21,findUpperBound
FNF:1
FNH:0
FNDA:0,findUpperBound
DA:22,0
DA:23,0
DA:26,0
DA:27,0
DA:29,0
DA:30,0
DA:34,0
DA:35,0
DA:37,0
DA:42,0
DA:43,0
DA:45,0
LF:12
LH:0
BRDA:22,1,0,0
BRDA:22,1,1,0
BRDA:34,2,0,0
BRDA:34,2,1,0
BRDA:42,3,0,0
BRDA:42,3,1,0
BRF:6
BRH:0
end_of_record
TN:
SF:/Users/akhoshrozeh/Projects/botchainHS/contracts/@openzeppelin/contracts/utils/Context.sol
FN:17,_msgSender
FN:21,_msgData
FNF:2
FNH:0
FNDA:0,_msgSender
FNDA:0,_msgData
DA:18,0
DA:22,0
LF:2
LH:0
BRF:0
BRH:0
end_of_record
TN:
SF:/Users/akhoshrozeh/Projects/botchainHS/contracts/@openzeppelin/contracts/utils/Counters.sol
FN:22,current
FN:26,increment
FN:32,decrement
FN:40,reset
FNF:4
FNH:0
FNDA:0,current
FNDA:0,increment
FNDA:0,decrement
FNDA:0,reset
DA:23,0
DA:27,0
DA:33,0
DA:34,0
DA:35,0
DA:41,0
LF:6
LH:0
BRDA:34,1,0,0
BRDA:34,1,1,0
BRF:2
BRH:0
end_of_record
TN:
SF:/Users/akhoshrozeh/Projects/botchainHS/contracts/@openzeppelin/contracts/utils/Create2.sol
FN:30,deploy
FN:49,computeAddress
FN:57,computeAddress
FNF:3
FNH:0
FNDA:0,deploy
FNDA:0,computeAddress
FNDA:0,computeAddress
DA:35,0
DA:36,0
DA:37,0
DA:38,0
DA:41,0
DA:42,0
DA:50,0
DA:62,0
DA:63,0
LF:9
LH:0
BRDA:36,1,0,0
BRDA:36,1,1,0
BRDA:37,2,0,0
BRDA:37,2,1,0
BRDA:41,3,0,0
BRDA:41,3,1,0
BRF:6
BRH:0
end_of_record
TN:
SF:/Users/akhoshrozeh/Projects/botchainHS/contracts/@openzeppelin/contracts/utils/cryptography/draft-EIP712.sol
FN:53,constructor
FN:70,_domainSeparatorV4
FN:78,_buildDomainSeparator
FN:101,_hashTypedDataV4
FNF:4
FNH:0
FNDA:0,constructor
FNDA:0,_domainSeparatorV4
FNDA:0,_buildDomainSeparator
FNDA:0,_hashTypedDataV4
DA:54,0
DA:55,0
DA:56,0
DA:59,0
DA:60,0
DA:61,0
DA:62,0
DA:63,0
DA:64,0
DA:71,0
DA:72,0
DA:74,0
DA:83,0
DA:102,0
LF:14
LH:0
BRDA:71,1,0,0
BRDA:71,1,1,0
BRF:2
BRH:0
end_of_record
TN:
SF:/Users/akhoshrozeh/Projects/botchainHS/contracts/@openzeppelin/contracts/utils/cryptography/ECDSA.sol
FN:23,_throwError
FN:57,tryRecover
FN:102,recover
FN:115,tryRecover
FN:134,recover
FN:150,tryRecover
FN:185,recover
FN:204,toEthSignedMessageHash
FN:218,toEthSignedMessageHash
FN:231,toTypedDataHash
FNF:10
FNH:0
FNDA:0,_throwError
FNDA:0,tryRecover
FNDA:0,recover
FNDA:0,tryRecover
FNDA:0,recover
FNDA:0,tryRecover
FNDA:0,recover
FNDA:0,toEthSignedMessageHash
FNDA:0,toEthSignedMessageHash
FNDA:0,toTypedDataHash
DA:24,0
DA:25,0
DA:27,0
DA:29,0
DA:31,0
DA:33,0
DA:61,0
DA:62,0
DA:63,0
DA:64,0
DA:67,0
DA:72,0
DA:74,0
DA:75,0
DA:78,0
DA:82,0
DA:84,0
DA:103,0
DA:104,0
DA:105,0
DA:120,0
DA:121,0
DA:122,0
DA:126,0
DA:139,0
DA:140,0
DA:141,0
DA:165,0
DA:166,0
DA:168,0
DA:169,0
DA:173,0
DA:174,0
DA:175,0
DA:178,0
DA:191,0
DA:192,0
DA:193,0
DA:207,0
DA:219,0
DA:232,0
LF:41
LH:0
BRDA:24,1,0,0
BRDA:24,1,1,0
BRDA:26,2,0,0
BRDA:26,2,1,0
BRDA:28,3,0,0
BRDA:28,3,1,0
BRDA:30,4,0,0
BRDA:30,4,1,0
BRDA:32,5,0,0
BRDA:32,5,1,0
BRDA:61,6,0,0
BRDA:61,6,1,0
BRDA:73,7,0,0
BRDA:73,7,1,0
BRDA:165,8,0,0
BRDA:165,8,1,0
BRDA:168,9,0,0
BRDA:168,9,1,0
BRDA:174,10,0,0
BRDA:174,10,1,0
BRF:20
BRH:0
end_of_record
TN:
SF:/Users/akhoshrozeh/Projects/botchainHS/contracts/@openzeppelin/contracts/utils/cryptography/MerkleProof.sol
FN:22,verify
FN:38,processProof
FNF:2
FNH:0
FNDA:0,verify
FNDA:0,processProof
DA:27,0
DA:39,0
DA:40,0
DA:41,0
DA:42,0
DA:44,0
DA:47,0
DA:50,0
LF:8
LH:0
BRDA:42,1,0,0
BRDA:42,1,1,0
BRF:2
BRH:0
end_of_record
TN:
SF:/Users/akhoshrozeh/Projects/botchainHS/contracts/@openzeppelin/contracts/utils/cryptography/SignatureChecker.sol
FN:21,isValidSignatureNow
FNF:1
FNH:0
FNDA:0,isValidSignatureNow
DA:26,0
DA:27,0
DA:28,0
DA:31,0
DA:34,0
LF:5
LH:0
BRDA:27,1,0,0
BRDA:27,1,1,0
BRF:2
BRH:0
end_of_record
TN:
SF:/Users/akhoshrozeh/Projects/botchainHS/contracts/@openzeppelin/contracts/utils/escrow/ConditionalEscrow.sol
FN:21,withdraw
FNF:1
FNH:0
FNDA:0,withdraw
DA:22,0
DA:23,0
LF:2
LH:0
BRDA:22,1,0,0
BRDA:22,1,1,0
BRF:2
BRH:0
end_of_record
TN:
SF:/Users/akhoshrozeh/Projects/botchainHS/contracts/@openzeppelin/contracts/utils/escrow/Escrow.sol
FN:30,depositsOf
FN:38,deposit
FN:54,withdraw
FNF:3
FNH:0
FNDA:0,depositsOf
FNDA:0,deposit
FNDA:0,withdraw
DA:31,0
DA:39,0
DA:40,0
DA:41,0
DA:55,0
DA:57,0
DA:59,0
DA:61,0
LF:8
LH:0
BRF:0
BRH:0
end_of_record
TN:
SF:/Users/akhoshrozeh/Projects/botchainHS/contracts/@openzeppelin/contracts/utils/escrow/RefundEscrow.sol
FN:37,constructor
FN:46,state
FN:53,beneficiary
FN:61,deposit
FN:70,close
FN:79,enableRefunds
FN:88,beneficiaryWithdraw
FN:97,withdrawalAllowed
FNF:8
FNH:0
FNDA:0,constructor
FNDA:0,state
FNDA:0,beneficiary
FNDA:0,deposit
FNDA:0,close
FNDA:0,enableRefunds
FNDA:0,beneficiaryWithdraw
FNDA:0,withdrawalAllowed
DA:38,0
DA:39,0
DA:40,0
DA:47,0
DA:54,0
DA:62,0
DA:63,0
DA:71,0
DA:72,0
DA:73,0
DA:80,0
DA:81,0
DA:82,0
DA:89,0
DA:90,0
DA:98,0
LF:16
LH:0
BRDA:38,1,0,0
BRDA:38,1,1,0
BRDA:62,2,0,0
BRDA:62,2,1,0
BRDA:71,3,0,0
BRDA:71,3,1,0
BRDA:80,4,0,0
BRDA:80,4,1,0
BRDA:89,5,0,0
BRDA:89,5,1,0
BRF:10
BRH:0
end_of_record
TN:
SF:/Users/akhoshrozeh/Projects/botchainHS/contracts/@openzeppelin/contracts/utils/introspection/ERC165.sol
FN:26,supportsInterface
FNF:1
FNH:0
FNDA:0,supportsInterface
DA:27,0
LF:1
LH:0
BRF:0
BRH:0
end_of_record
TN:
SF:/Users/akhoshrozeh/Projects/botchainHS/contracts/@openzeppelin/contracts/utils/introspection/ERC165Checker.sol
FN:22,supportsERC165
FN:36,supportsInterface
FN:51,getSupportedInterfaces
FN:79,supportsAllInterfaces
FN:107,_supportsERC165Interface
FNF:5
FNH:0
FNDA:0,supportsERC165
FNDA:0,supportsInterface
FNDA:0,getSupportedInterfaces
FNDA:0,supportsAllInterfaces
FNDA:0,_supportsERC165Interface
DA:25,0
DA:38,0
DA:57,0
DA:60,0
DA:62,0
DA:63,0
DA:67,0
DA:81,0
DA:82,0
DA:86,0
DA:87,0
DA:88,0
DA:93,0
DA:108,0
DA:109,0
DA:110,0
DA:111,0
LF:17
LH:0
BRDA:60,1,0,0
BRDA:60,1,1,0
BRDA:81,2,0,0
BRDA:81,2,1,0
BRDA:87,3,0,0
BRDA:87,3,1,0
BRDA:110,4,0,0
BRDA:110,4,1,0
BRF:8
BRH:0
end_of_record
TN:
SF:/Users/akhoshrozeh/Projects/botchainHS/contracts/@openzeppelin/contracts/utils/introspection/ERC165Storage.sol
FN:23,supportsInterface
FN:38,_registerInterface
FNF:2
FNH:0
FNDA:0,supportsInterface
FNDA:0,_registerInterface
DA:24,0
DA:39,0
DA:40,0
LF:3
LH:0
BRDA:39,1,0,0
BRDA:39,1,1,0
BRF:2
BRH:0
end_of_record
TN:
SF:/Users/akhoshrozeh/Projects/botchainHS/contracts/@openzeppelin/contracts/utils/introspection/ERC1820Implementer.sol
FN:24,canImplementInterfaceForAddress
FN:41,_registerInterfaceForAddress
FNF:2
FNH:0
FNDA:0,canImplementInterfaceForAddress
FNDA:0,_registerInterfaceForAddress
DA:31,0
DA:42,0
LF:2
LH:0
BRF:0
BRH:0
end_of_record
TN:
SF:/Users/akhoshrozeh/Projects/botchainHS/contracts/@openzeppelin/contracts/utils/introspection/IERC165.sol
FNF:0
FNH:0
LF:0
LH:0
BRF:0
BRH:0
end_of_record
TN:
SF:/Users/akhoshrozeh/Projects/botchainHS/contracts/@openzeppelin/contracts/utils/introspection/IERC1820Implementer.sol
FNF:0
FNH:0
LF:0
LH:0
BRF:0
BRH:0
end_of_record
TN:
SF:/Users/akhoshrozeh/Projects/botchainHS/contracts/@openzeppelin/contracts/utils/introspection/IERC1820Registry.sol
FNF:0
FNH:0
LF:0
LH:0
BRF:0
BRH:0
end_of_record
TN:
SF:/Users/akhoshrozeh/Projects/botchainHS/contracts/@openzeppelin/contracts/utils/math/Math.sol
FN:13,max
FN:20,min
FN:28,average
FN:39,ceilDiv
FNF:4
FNH:0
FNDA:0,max
FNDA:0,min
FNDA:0,average
FNDA:0,ceilDiv
DA:14,0
DA:21,0
DA:30,0
DA:41,0
LF:4
LH:0
BRF:0
BRH:0
end_of_record
TN:
SF:/Users/akhoshrozeh/Projects/botchainHS/contracts/@openzeppelin/contracts/utils/math/SafeCast.sol
FN:32,toUint224
FN:47,toUint128
FN:62,toUint96
FN:77,toUint64
FN:92,toUint32
FN:107,toUint16
FN:122,toUint8
FN:134,toUint256
FN:152,toInt128
FN:170,toInt64
FN:188,toInt32
FN:206,toInt16
FN:224,toInt8
FN:236,toInt256
FNF:14
FNH:0
FNDA:0,toUint224
FNDA:0,toUint128
FNDA:0,toUint96
FNDA:0,toUint64
FNDA:0,toUint32
FNDA:0,toUint16
FNDA:0,toUint8
FNDA:0,toUint256
FNDA:0,toInt128
FNDA:0,toInt64
FNDA:0,toInt32
FNDA:0,toInt16
FNDA:0,toInt8
FNDA:0,toInt256
DA:33,0
DA:34,0
DA:48,0
DA:49,0
DA:63,0
DA:64,0
DA:78,0
DA:79,0
DA:93,0
DA:94,0
DA:108,0
DA:109,0
DA:123,0
DA:124,0
DA:135,0
DA:136,0
DA:153,0
DA:154,0
DA:171,0
DA:172,0
DA:189,0
DA:190,0
DA:207,0
DA:208,0
DA:225,0
DA:226,0
DA:238,0
DA:239,0
LF:28
LH:0
BRDA:33,1,0,0
BRDA:33,1,1,0
BRDA:48,2,0,0
BRDA:48,2,1,0
BRDA:63,3,0,0
BRDA:63,3,1,0
BRDA:78,4,0,0
BRDA:78,4,1,0
BRDA:93,5,0,0
BRDA:93,5,1,0
BRDA:108,6,0,0
BRDA:108,6,1,0
BRDA:123,7,0,0
BRDA:123,7,1,0
BRDA:135,8,0,0
BRDA:135,8,1,0
BRDA:153,9,0,0
BRDA:153,9,1,0
BRDA:171,10,0,0
BRDA:171,10,1,0
BRDA:189,11,0,0
BRDA:189,11,1,0
BRDA:207,12,0,0
BRDA:207,12,1,0
BRDA:225,13,0,0
BRDA:225,13,1,0
BRDA:238,14,0,0
BRDA:238,14,1,0
BRF:28
BRH:0
end_of_record
TN:
SF:/Users/akhoshrozeh/Projects/botchainHS/contracts/@openzeppelin/contracts/utils/math/SafeMath.sol
FN:22,tryAdd
FN:35,trySub
FN:47,tryMul
FN:64,tryDiv
FN:76,tryMod
FN:93,add
FN:107,sub
FN:121,mul
FN:135,div
FN:151,mod
FN:168,sub
FN:191,div
FN:217,mod
FNF:13
FNH:0
FNDA:0,tryAdd
FNDA:0,trySub
FNDA:0,tryMul
FNDA:0,tryDiv
FNDA:0,tryMod
FNDA:0,add
FNDA:0,sub
FNDA:0,mul
FNDA:0,div
FNDA:0,mod
FNDA:0,sub
FNDA:0,div
FNDA:0,mod
DA:23,0
DA:36,0
DA:48,0
DA:65,0
DA:77,0
DA:94,0
DA:108,0
DA:122,0
DA:136,0
DA:152,0
DA:173,0
DA:196,0
DA:222,0
LF:13
LH:0
BRF:0
BRH:0
end_of_record
TN:
SF:/Users/akhoshrozeh/Projects/botchainHS/contracts/@openzeppelin/contracts/utils/math/SignedSafeMath.sol
FN:23,mul
FN:37,div
FN:51,sub
FN:65,add
FNF:4
FNH:0
FNDA:0,mul
FNDA:0,div
FNDA:0,sub
FNDA:0,add
DA:24,0
DA:38,0
DA:52,0
DA:66,0
LF:4
LH:0
BRF:0
BRH:0
end_of_record
TN:
SF:/Users/akhoshrozeh/Projects/botchainHS/contracts/@openzeppelin/contracts/utils/Multicall.sol
FN:17,multicall
FNF:1
FNH:0
FNDA:0,multicall
DA:18,0
DA:19,0
DA:20,0
DA:22,0
LF:4
LH:0
BRF:0
BRH:0
end_of_record
TN:
SF:/Users/akhoshrozeh/Projects/botchainHS/contracts/@openzeppelin/contracts/utils/StorageSlot.sol
FN:52,getAddressSlot
FN:61,getBooleanSlot
FN:70,getBytes32Slot
FN:79,getUint256Slot
FNF:4
FNH:0
FNDA:0,getAddressSlot
FNDA:0,getBooleanSlot
FNDA:0,getBytes32Slot
FNDA:0,getUint256Slot
DA:53,0
DA:62,0
DA:71,0
DA:80,0
LF:4
LH:0
BRF:0
BRH:0
end_of_record
TN:
SF:/Users/akhoshrozeh/Projects/botchainHS/contracts/@openzeppelin/contracts/utils/Strings.sol
FN:15,toString
FN:40,toHexString
FN:56,toHexString
FNF:3
FNH:0
FNDA:0,toString
FNDA:0,toHexString
FNDA:0,toHexString
DA:19,0
DA:20,0
DA:22,0
DA:23,0
DA:24,0
DA:25,0
DA:26,0
DA:28,0
DA:29,0
DA:30,0
DA:31,0
DA:32,0
DA:34,0
DA:41,0
DA:42,0
DA:44,0
DA:45,0
DA:46,0
DA:47,0
DA:48,0
DA:50,0
DA:57,0
DA:58,0
DA:59,0
DA:60,0
DA:61,0
DA:62,0
DA:64,0
DA:65,0
LF:29
LH:0
BRDA:19,1,0,0
BRDA:19,1,1,0
BRDA:41,2,0,0
BRDA:41,2,1,0
BRDA:64,3,0,0
BRDA:64,3,1,0
BRF:6
BRH:0
end_of_record
TN:
SF:/Users/akhoshrozeh/Projects/botchainHS/contracts/@openzeppelin/contracts/utils/structs/BitMaps.sol
FN:17,get
FN:26,setTo
FN:41,set
FN:50,unset
FNF:4
FNH:0
FNDA:0,get
FNDA:0,setTo
FNDA:0,set
FNDA:0,unset
DA:18,0
DA:19,0
DA:20,0
DA:31,0
DA:32,0
DA:34,0
DA:42,0
DA:43,0
DA:44,0
DA:51,0
DA:52,0
DA:53,0
LF:12
LH:0
BRDA:31,1,0,0
BRDA:31,1,1,0
BRF:2
BRH:0
end_of_record
TN:
SF:/Users/akhoshrozeh/Projects/botchainHS/contracts/@openzeppelin/contracts/utils/structs/EnumerableMap.sol
FN:57,_set
FN:71,_remove
FN:79,_contains
FN:86,_length
FN:100,_at
FN:109,_tryGet
FN:125,_get
FN:137,_get
FN:160,set
FN:173,remove
FN:180,contains
FN:187,length
FN:200,at
FN:211,tryGet
FN:223,get
FN:233,get
FNF:16
FNH:0
FNDA:0,_set
FNDA:0,_remove
FNDA:0,_contains
FNDA:0,_length
FNDA:0,_at
FNDA:0,_tryGet
FNDA:0,_get
FNDA:0,_get
FNDA:0,set
FNDA:0,remove
FNDA:0,contains
FNDA:0,length
FNDA:0,at
FNDA:0,tryGet
FNDA:0,get
FNDA:0,get
DA:62,0
DA:63,0
DA:72,0
DA:73,0
DA:80,0
DA:87,0
DA:101,0
DA:102,0
DA:110,0
DA:111,0
DA:112,0
DA:114,0
DA:126,0
DA:127,0
DA:128,0
DA:142,0
DA:143,0
DA:144,0
DA:165,0
DA:174,0
DA:181,0
DA:188,0
DA:201,0
DA:202,0
DA:212,0
DA:213,0
DA:224,0
DA:238,0
LF:28
LH:0
BRDA:111,1,0,0
BRDA:111,1,1,0
BRDA:127,2,0,0
BRDA:127,2,1,0
BRDA:143,3,0,0
BRDA:143,3,1,0
BRF:6
BRH:0
end_of_record
TN:
SF:/Users/akhoshrozeh/Projects/botchainHS/contracts/@openzeppelin/contracts/utils/structs/EnumerableSet.sol
FN:54,_add
FN:72,_remove
FN:109,_contains
FN:116,_length
FN:130,_at
FN:142,_values
FN:158,add
FN:168,remove
FN:175,contains
FN:182,length
FN:196,at
FN:208,values
FN:224,add
FN:234,remove
FN:241,contains
FN:248,length
FN:262,at
FN:274,values
FN:297,add
FN:307,remove
FN:314,contains
FN:321,length
FN:335,at
FN:347,values
FNF:24
FNH:0
FNDA:0,_add
FNDA:0,_remove
FNDA:0,_contains
FNDA:0,_length
FNDA:0,_at
FNDA:0,_values
FNDA:0,add
FNDA:0,remove
FNDA:0,contains
FNDA:0,length
FNDA:0,at
FNDA:0,values
FNDA:0,add
FNDA:0,remove
FNDA:0,contains
FNDA:0,length
FNDA:0,at
FNDA:0,values
FNDA:0,add
FNDA:0,remove
FNDA:0,contains
FNDA:0,length
FNDA:0,at
FNDA:0,values
DA:55,0
DA:56,0
DA:59,0
DA:60,0
DA:62,0
DA:74,0
DA:76,0
DA:82,0
DA:83,0
DA:85,0
DA:86,0
DA:89,0
DA:91,0
DA:95,0
DA:98,0
DA:100,0
DA:102,0
DA:110,0
DA:117,0
DA:131,0
DA:143,0
DA:159,0
DA:169,0
DA:176,0
DA:183,0
DA:197,0
DA:209,0
DA:225,0
DA:235,0
DA:242,0
DA:249,0
DA:263,0
DA:275,0
DA:276,0
DA:278,0
DA:282,0
DA:298,0
DA:308,0
DA:315,0
DA:322,0
DA:336,0
DA:348,0
DA:349,0
DA:351,0
DA:355,0
LF:45
LH:0
BRDA:55,1,0,0
BRDA:55,1,1,0
BRDA:76,2,0,0
BRDA:76,2,1,0
BRDA:85,3,0,0
BRDA:85,3,1,0
BRF:6
BRH:0
end_of_record
TN:
SF:/Users/akhoshrozeh/Projects/botchainHS/contracts/@openzeppelin/contracts/utils/Timers.sol
FN:14,getDeadline
FN:18,setDeadline
FN:22,reset
FN:26,isUnset
FN:30,isStarted
FN:34,isPending
FN:38,isExpired
FN:46,getDeadline
FN:50,setDeadline
FN:54,reset
FN:58,isUnset
FN:62,isStarted
FN:66,isPending
FN:70,isExpired
FNF:14
FNH:0
FNDA:0,getDeadline
FNDA:0,setDeadline
FNDA:0,reset
FNDA:0,isUnset
FNDA:0,isStarted
FNDA:0,isPending
FNDA:0,isExpired
FNDA:0,getDeadline
FNDA:0,setDeadline
FNDA:0,reset
FNDA:0,isUnset
FNDA:0,isStarted
FNDA:0,isPending
FNDA:0,isExpired
DA:15,0
DA:19,0
DA:23,0
DA:27,0
DA:31,0
DA:35,0
DA:39,0
DA:47,0
DA:51,0
DA:55,0
DA:59,0
DA:63,0
DA:67,0
DA:71,0
LF:14
LH:0
BRF:0
BRH:0
end_of_record
TN:
SF:/Users/akhoshrozeh/Projects/botchainHS/contracts/NikyBotzPictureDay.sol
FN:62,checkAutoLocks
FN:110,allMintOn
FN:118,publicMintOn
FN:126,whitelistMintOn
FN:134,validNumOfTokens
FN:145,constructor
FN:164,
FN:174,setProvenanceHash
FN:187,setBaseTokenURI
FN:196,setWhitelistRoot
FN:208,mintReserveSchoolBotz
FN:231,mintFromWhitelist
FN:270,mintSchoolBotz
FN:291,withdrawFunds
FN:301,getReserveMintCount
FN:308,getPublicMintCount
FN:315,getWhitelistRoot
FN:322,baseTokenURI
FN:329,tokenURI
FN:344,flipAllMintState
FN:352,flipPublicMintState
FN:360,flipWhitelistMintState
FN:368,getMintState
FN:380,supportsInterface
FNF:24
FNH:23
FNDA:7066,checkAutoLocks
FNDA:7202,allMintOn
FNDA:7063,publicMintOn
FNDA:25,whitelistMintOn
FNDA:7067,validNumOfTokens
FNDA:48,constructor
FNDA:3,
FNDA:2,setProvenanceHash
FNDA:2,setBaseTokenURI
FNDA:6,setWhitelistRoot
FNDA:126,mintReserveSchoolBotz
FNDA:19,mintFromWhitelist
FNDA:7043,mintSchoolBotz
FNDA:2,withdrawFunds
FNDA:9,getReserveMintCount
FNDA:5924,getPublicMintCount
FNDA:20,getWhitelistRoot
FNDA:164,baseTokenURI
FNDA:160,tokenURI
FNDA:18,flipAllMintState
FNDA:24,flipPublicMintState
FNDA:15,flipWhitelistMintState
FNDA:2976,getMintState
FNDA:0,supportsInterface
DA:63,7066
DA:66,7066
DA:72,4
DA:76,7062
DA:77,3
DA:78,3
DA:79,3
DA:80,3
DA:83,7062
DA:84,2
DA:85,2
DA:86,2
DA:87,2
DA:90,7062
DA:91,2
DA:92,2
DA:93,2
DA:94,2
DA:97,7062
DA:98,2
DA:99,2
DA:100,2
DA:101,2
DA:104,7062
DA:111,7202
DA:112,7194
DA:119,7063
DA:120,7050
DA:127,25
DA:128,21
DA:135,7067
DA:136,7066
DA:146,48
DA:148,48
DA:150,48
DA:151,48
DA:153,48
DA:154,48
DA:156,48
DA:157,48
DA:158,48
DA:161,48
DA:176,2
DA:177,1
DA:178,1
DA:179,1
DA:189,2
DA:197,6
DA:198,6
DA:210,126
DA:212,124
DA:213,124
DA:214,124
DA:215,124
DA:217,124
DA:233,19
DA:235,19
DA:236,19
DA:240,18
DA:244,16
DA:249,14
DA:250,14
DA:251,23
DA:252,23
DA:253,23
DA:257,14
DA:258,14
DA:273,7043
DA:274,7041
DA:276,7039
DA:278,7039
DA:279,13466
DA:280,13466
DA:281,13466
DA:285,7039
DA:292,2
DA:294,2
DA:295,2
DA:302,9
DA:309,5924
DA:316,20
DA:323,164
DA:335,160
DA:345,18
DA:346,18
DA:353,24
DA:354,24
DA:361,15
DA:362,15
DA:377,2976
DA:387,0
LF:91
LH:90
BRDA:66,1,0,4
BRDA:66,1,1,7062
BRDA:76,2,0,3
BRDA:76,2,1,7059
BRDA:83,3,0,2
BRDA:83,3,1,7060
BRDA:90,4,0,2
BRDA:90,4,1,7060
BRDA:97,5,0,2
BRDA:97,5,1,7060
BRDA:111,6,0,7194
BRDA:111,6,1,8
BRDA:119,7,0,7050
BRDA:119,7,1,13
BRDA:127,8,0,21
BRDA:127,8,1,4
BRDA:135,9,0,7066
BRDA:135,9,1,1
BRDA:176,10,0,1
BRDA:176,10,1,1
BRDA:210,11,0,124
BRDA:210,11,1,2
BRDA:233,12,0,19
BRDA:233,12,1,0
BRDA:236,13,0,18
BRDA:236,13,1,1
BRDA:240,14,0,16
BRDA:240,14,1,2
BRDA:244,15,0,14
BRDA:244,15,1,2
BRDA:251,16,0,23
BRDA:251,16,1,0
BRDA:273,17,0,7041
BRDA:273,17,1,2
BRDA:274,18,0,7039
BRDA:274,18,1,2
BRDA:279,19,0,13466
BRDA:279,19,1,0
BRDA:295,20,0,2
BRDA:295,20,1,0
BRF:40
BRH:36
end_of_record
